Using pre-set license
Built from '2022.3/staging' branch; Version is '2022.3.23f1 (dbb3f7c5b5c6) revision 14398455'; Using compiler version '192829333'; Build Type 'Release'
OS: 'Windows 11  (10.0.22631) 64bit CoreSingleLanguage' Language: 'es' Physical Memory: 14197 MB
BatchMode: 1, IsHumanControllingUs: 0, StartBugReporterOnCrash: 0, Is64bit: 1, IsPro: 1

COMMAND LINE ARGUMENTS:
C:\Program Files\Unity\Hub\Editor\2022.3.23f1\Editor\Unity.exe
-adb2
-batchMode
-noUpm
-name
AssetImportWorker19
-projectPath
C:/Users/sagna/BounceTales2
-logFile
Logs/AssetImportWorker19.log
-srvPort
54652
Successfully changed project path to: C:/Users/sagna/BounceTales2
C:/Users/sagna/BounceTales2
[UnityMemory] Configuration Parameters - Can be set up in boot.config
    "memorysetup-bucket-allocator-granularity=16"
    "memorysetup-bucket-allocator-bucket-count=8"
    "memorysetup-bucket-allocator-block-size=33554432"
    "memorysetup-bucket-allocator-block-count=8"
    "memorysetup-main-allocator-block-size=16777216"
    "memorysetup-thread-allocator-block-size=16777216"
    "memorysetup-gfx-main-allocator-block-size=16777216"
    "memorysetup-gfx-thread-allocator-block-size=16777216"
    "memorysetup-cache-allocator-block-size=4194304"
    "memorysetup-typetree-allocator-block-size=2097152"
    "memorysetup-profiler-bucket-allocator-granularity=16"
    "memorysetup-profiler-bucket-allocator-bucket-count=8"
    "memorysetup-profiler-bucket-allocator-block-size=33554432"
    "memorysetup-profiler-bucket-allocator-block-count=8"
    "memorysetup-profiler-allocator-block-size=16777216"
    "memorysetup-profiler-editor-allocator-block-size=1048576"
    "memorysetup-temp-allocator-size-main=16777216"
    "memorysetup-job-temp-allocator-block-size=2097152"
    "memorysetup-job-temp-allocator-block-size-background=1048576"
    "memorysetup-job-temp-allocator-reduction-small-platforms=262144"
    "memorysetup-allocator-temp-initial-block-size-main=262144"
    "memorysetup-allocator-temp-initial-block-size-worker=262144"
    "memorysetup-temp-allocator-size-background-worker=32768"
    "memorysetup-temp-allocator-size-job-worker=262144"
    "memorysetup-temp-allocator-size-preload-manager=33554432"
    "memorysetup-temp-allocator-size-nav-mesh-worker=65536"
    "memorysetup-temp-allocator-size-audio-worker=65536"
    "memorysetup-temp-allocator-size-cloud-worker=32768"
    "memorysetup-temp-allocator-size-gi-baking-worker=262144"
    "memorysetup-temp-allocator-size-gfx=262144"
Player connection [18892] Host "[IP] 192.168.56.1 [Port] 0 [Flags] 2 [Guid] 2979960701 [EditorId] 2979960701 [Version] 1048832 [Id] WindowsEditor(7,LAPTOP-PDU398TG) [Debug] 1 [PackageName] WindowsEditor [ProjectName] Editor" joined multi-casting on [225.0.0.222:54997]...

Player connection [18892] Host "[IP] 192.168.56.1 [Port] 0 [Flags] 2 [Guid] 2979960701 [EditorId] 2979960701 [Version] 1048832 [Id] WindowsEditor(7,LAPTOP-PDU398TG) [Debug] 1 [PackageName] WindowsEditor [ProjectName] Editor" joined alternative multi-casting on [225.0.0.222:34997]...

[Physics::Module] Initialized MultithreadedJobDispatcher with 15 workers.
Refreshing native plugins compatible for Editor in 11.79 ms, found 3 plugins.
Preloading 0 native plugins for Editor in 0.00 ms.
Initialize engine version: 2022.3.23f1 (dbb3f7c5b5c6)
[Subsystems] Discovering subsystems at path C:/Program Files/Unity/Hub/Editor/2022.3.23f1/Editor/Data/Resources/UnitySubsystems
[Subsystems] Discovering subsystems at path C:/Users/sagna/BounceTales2/Assets
GfxDevice: creating device client; threaded=0; jobified=0
Direct3D:
    Version:  Direct3D 11.0 [level 11.1]
    Renderer: AMD Radeon(TM) Graphics (ID=0x164c)
    Vendor:   ATI
    VRAM:     7098 MB
    Driver:   31.0.12044.56000
Initialize mono
Mono path[0] = 'C:/Program Files/Unity/Hub/Editor/2022.3.23f1/Editor/Data/Managed'
Mono path[1] = 'C:/Program Files/Unity/Hub/Editor/2022.3.23f1/Editor/Data/MonoBleedingEdge/lib/mono/unityjit-win32'
Mono config path = 'C:/Program Files/Unity/Hub/Editor/2022.3.23f1/Editor/Data/MonoBleedingEdge/etc'
Using monoOptions --debugger-agent=transport=dt_socket,embedding=1,server=y,suspend=n,address=127.0.0.1:56596
Begin MonoManager ReloadAssembly
Registering precompiled unity dll's ...
Register platform support module: C:/Program Files/Unity/Hub/Editor/2022.3.23f1/Editor/Data/PlaybackEngines/WindowsStandaloneSupport/UnityEditor.WindowsStandalone.Extensions.dll
Registered in 0.009765 seconds.
- Loaded All Assemblies, in  0.564 seconds
Native extension for WindowsStandalone target not found
Mono: successfully reloaded assembly
- Finished resetting the current domain, in  0.458 seconds
Domain Reload Profiling: 1020ms
	BeginReloadAssembly (160ms)
		ExecutionOrderSort (0ms)
		DisableScriptedObjects (0ms)
		BackupInstance (0ms)
		ReleaseScriptingObjects (0ms)
		CreateAndSetChildDomain (1ms)
	RebuildCommonClasses (57ms)
	RebuildNativeTypeToScriptingClass (18ms)
	initialDomainReloadingComplete (95ms)
	LoadAllAssembliesAndSetupDomain (230ms)
		LoadAssemblies (157ms)
		RebuildTransferFunctionScriptingTraits (0ms)
		AnalyzeDomain (226ms)
			TypeCache.Refresh (224ms)
				TypeCache.ScanAssembly (206ms)
			ScanForSourceGeneratedMonoScriptInfo (0ms)
			ResolveRequiredComponents (1ms)
	FinalizeReload (459ms)
		ReleaseScriptCaches (0ms)
		RebuildScriptCaches (0ms)
		SetupLoadedEditorAssemblies (357ms)
			LogAssemblyErrors (0ms)
			InitializePlatformSupportModulesInManaged (14ms)
			SetLoadedEditorAssemblies (11ms)
			RefreshPlugins (0ms)
			BeforeProcessingInitializeOnLoad (3ms)
			ProcessInitializeOnLoadAttributes (243ms)
			ProcessInitializeOnLoadMethodAttributes (86ms)
			AfterProcessingInitializeOnLoad (0ms)
			EditorAssembliesLoaded (0ms)
		ExecutionOrderSort2 (0ms)
		AwakeInstancesAfterBackupRestoration (0ms)
========================================================================
Worker process is ready to serve import requests
Begin MonoManager ReloadAssembly
- Loaded All Assemblies, in  1.177 seconds
Refreshing native plugins compatible for Editor in 4.42 ms, found 3 plugins.
Native extension for WindowsStandalone target not found
Package Manager log level set to [2]
[Package Manager] Server::EnsureServerProcessIsRunning -- launch failed, reason: Unity was launched with the -noUpm command-line argument
[Package Manager] UpmClient::Send -- Unable to send message (not connected to UPM process).
[Package Manager] Cannot connect to Unity Package Manager local server
Mono: successfully reloaded assembly
- Finished resetting the current domain, in  1.033 seconds
Domain Reload Profiling: 2207ms
	BeginReloadAssembly (311ms)
		ExecutionOrderSort (0ms)
		DisableScriptedObjects (15ms)
		BackupInstance (0ms)
		ReleaseScriptingObjects (0ms)
		CreateAndSetChildDomain (33ms)
	RebuildCommonClasses (63ms)
	RebuildNativeTypeToScriptingClass (17ms)
	initialDomainReloadingComplete (66ms)
	LoadAllAssembliesAndSetupDomain (716ms)
		LoadAssemblies (580ms)
		RebuildTransferFunctionScriptingTraits (0ms)
		AnalyzeDomain (315ms)
			TypeCache.Refresh (286ms)
				TypeCache.ScanAssembly (263ms)
			ScanForSourceGeneratedMonoScriptInfo (20ms)
			ResolveRequiredComponents (7ms)
	FinalizeReload (1033ms)
		ReleaseScriptCaches (0ms)
		RebuildScriptCaches (0ms)
		SetupLoadedEditorAssemblies (711ms)
			LogAssemblyErrors (0ms)
			InitializePlatformSupportModulesInManaged (8ms)
			SetLoadedEditorAssemblies (8ms)
			RefreshPlugins (0ms)
			BeforeProcessingInitializeOnLoad (97ms)
			ProcessInitializeOnLoadAttributes (559ms)
			ProcessInitializeOnLoadMethodAttributes (29ms)
			AfterProcessingInitializeOnLoad (9ms)
			EditorAssembliesLoaded (0ms)
		ExecutionOrderSort2 (0ms)
		AwakeInstancesAfterBackupRestoration (10ms)
Launched and connected shader compiler UnityShaderCompiler.exe after 0.13 seconds
Refreshing native plugins compatible for Editor in 5.39 ms, found 3 plugins.
Preloading 0 native plugins for Editor in 0.00 ms.
Unloading 3118 Unused Serialized files (Serialized files now loaded: 0)
Unloading 32 unused Assets / (60.5 KB). Loaded Objects now: 3584.
Memory consumption went from 127.4 MB to 127.3 MB.
Total: 5.740600 ms (FindLiveObjects: 0.489000 ms CreateObjectMapping: 0.259600 ms MarkObjects: 4.737600 ms  DeleteObjects: 0.251600 ms)

AssetImportParameters requested are different than current active one (requested -> active):
  custom:container-demuxer-ogg: 62fdf1f143b41e24485cea50d1cbac27 -> 
  custom:video-codec-MediaFoundation-h265: 746d11721c4dcdbdad8f713fa42b33f4 -> 
  custom:video-decoder-ogg-theora: a1e56fd34408186e4bbccfd4996cb3dc -> 
  custom:scripting/monoscript/fileName/GemCollider.cs: 4279ecf4a5a7cfc3c403ec90057a7c33 -> 
  custom:framework-win-MediaFoundation: 216162199b28c13a410421893ffa2e32 -> 
  custom:CustomObjectIndexerAttribute: 9a22284fe3817be447336de3de66b15e -> 
  custom:container-demuxer-webm: 4f35f7cbe854078d1ac9338744f61a02 -> 
  custom:container-muxer-webm: aa71ff27fc2769a1b78a27578f13a17b -> 
  custom:video-decoder-webm-vp8: 9c59270c3fd7afecdb556c50c9e8de78 -> 
  custom:SearchIndexIgnoredProperties: e643bd26f0fe6173181afceb89e7c659 -> 
  custom:AudioImporter_EditorPlatform: d09bf68614088b80899f8185d706f6e7 -> 
  custom:video-encoder-webm-vp8: eb34c28f22e8b96e1ab97ce403110664 -> 
  custom:audio-decoder-ogg-vorbis: bf7c407c2cedff20999df2af8eb42d56 -> 
  custom:audio-encoder-webm-vorbis: bf7c407c2cedff20999df2af8eb42d56 -> 
========================================================================
Received Prepare
Begin MonoManager ReloadAssembly
- Loaded All Assemblies, in  0.700 seconds
Refreshing native plugins compatible for Editor in 4.96 ms, found 3 plugins.
Native extension for WindowsStandalone target not found
[Package Manager] Server::EnsureServerProcessIsRunning -- launch failed, reason: Unity was launched with the -noUpm command-line argument
[Package Manager] UpmClient::Send -- Unable to send message (not connected to UPM process).
[Package Manager] Cannot connect to Unity Package Manager local server
Mono: successfully reloaded assembly
- Finished resetting the current domain, in  1.652 seconds
Domain Reload Profiling: 2349ms
	BeginReloadAssembly (254ms)
		ExecutionOrderSort (0ms)
		DisableScriptedObjects (13ms)
		BackupInstance (0ms)
		ReleaseScriptingObjects (0ms)
		CreateAndSetChildDomain (60ms)
	RebuildCommonClasses (49ms)
	RebuildNativeTypeToScriptingClass (20ms)
	initialDomainReloadingComplete (44ms)
	LoadAllAssembliesAndSetupDomain (329ms)
		LoadAssemblies (438ms)
		RebuildTransferFunctionScriptingTraits (0ms)
		AnalyzeDomain (22ms)
			TypeCache.Refresh (7ms)
				TypeCache.ScanAssembly (0ms)
			ScanForSourceGeneratedMonoScriptInfo (0ms)
			ResolveRequiredComponents (12ms)
	FinalizeReload (1653ms)
		ReleaseScriptCaches (0ms)
		RebuildScriptCaches (0ms)
		SetupLoadedEditorAssemblies (745ms)
			LogAssemblyErrors (0ms)
			InitializePlatformSupportModulesInManaged (9ms)
			SetLoadedEditorAssemblies (8ms)
			RefreshPlugins (0ms)
			BeforeProcessingInitializeOnLoad (112ms)
			ProcessInitializeOnLoadAttributes (561ms)
			ProcessInitializeOnLoadMethodAttributes (43ms)
			AfterProcessingInitializeOnLoad (11ms)
			EditorAssembliesLoaded (0ms)
		ExecutionOrderSort2 (0ms)
		AwakeInstancesAfterBackupRestoration (11ms)
Refreshing native plugins compatible for Editor in 5.97 ms, found 3 plugins.
Preloading 0 native plugins for Editor in 0.00 ms.
Unloading 3097 Unused Serialized files (Serialized files now loaded: 0)
Unloading 23 unused Assets / (31.1 KB). Loaded Objects now: 3587.
Memory consumption went from 125.1 MB to 125.0 MB.
Total: 6.256400 ms (FindLiveObjects: 0.710300 ms CreateObjectMapping: 0.311300 ms MarkObjects: 5.033400 ms  DeleteObjects: 0.198100 ms)

Prepare: number of updated asset objects reloaded= 0
AssetImportParameters requested are different than current active one (requested -> active):
  custom:container-demuxer-ogg: 62fdf1f143b41e24485cea50d1cbac27 -> 
  custom:video-codec-MediaFoundation-h265: 746d11721c4dcdbdad8f713fa42b33f4 -> 
  custom:video-decoder-ogg-theora: a1e56fd34408186e4bbccfd4996cb3dc -> 
  custom:scripting/monoscript/fileName/GemCollider.cs: 4279ecf4a5a7cfc3c403ec90057a7c33 -> 
  custom:framework-win-MediaFoundation: 216162199b28c13a410421893ffa2e32 -> 
  custom:CustomObjectIndexerAttribute: 9a22284fe3817be447336de3de66b15e -> 
  custom:container-demuxer-webm: 4f35f7cbe854078d1ac9338744f61a02 -> 
  custom:container-muxer-webm: aa71ff27fc2769a1b78a27578f13a17b -> 
  custom:video-decoder-webm-vp8: 9c59270c3fd7afecdb556c50c9e8de78 -> 
  custom:SearchIndexIgnoredProperties: e643bd26f0fe6173181afceb89e7c659 -> 
  custom:AudioImporter_EditorPlatform: d09bf68614088b80899f8185d706f6e7 -> 
  custom:video-encoder-webm-vp8: eb34c28f22e8b96e1ab97ce403110664 -> 
  custom:audio-decoder-ogg-vorbis: bf7c407c2cedff20999df2af8eb42d56 -> 
  custom:audio-encoder-webm-vorbis: bf7c407c2cedff20999df2af8eb42d56 -> 
========================================================================
Received Prepare
Begin MonoManager ReloadAssembly
- Loaded All Assemblies, in  0.701 seconds
Refreshing native plugins compatible for Editor in 7.06 ms, found 3 plugins.
Native extension for WindowsStandalone target not found
[Package Manager] Server::EnsureServerProcessIsRunning -- launch failed, reason: Unity was launched with the -noUpm command-line argument
[Package Manager] UpmClient::Send -- Unable to send message (not connected to UPM process).
[Package Manager] Cannot connect to Unity Package Manager local server
Mono: successfully reloaded assembly
- Finished resetting the current domain, in  1.656 seconds
Domain Reload Profiling: 2351ms
	BeginReloadAssembly (244ms)
		ExecutionOrderSort (0ms)
		DisableScriptedObjects (10ms)
		BackupInstance (0ms)
		ReleaseScriptingObjects (0ms)
		CreateAndSetChildDomain (54ms)
	RebuildCommonClasses (60ms)
	RebuildNativeTypeToScriptingClass (28ms)
	initialDomainReloadingComplete (45ms)
	LoadAllAssembliesAndSetupDomain (318ms)
		LoadAssemblies (437ms)
		RebuildTransferFunctionScriptingTraits (0ms)
		AnalyzeDomain (18ms)
			TypeCache.Refresh (7ms)
				TypeCache.ScanAssembly (0ms)
			ScanForSourceGeneratedMonoScriptInfo (0ms)
			ResolveRequiredComponents (9ms)
	FinalizeReload (1657ms)
		ReleaseScriptCaches (0ms)
		RebuildScriptCaches (0ms)
		SetupLoadedEditorAssemblies (783ms)
			LogAssemblyErrors (0ms)
			InitializePlatformSupportModulesInManaged (11ms)
			SetLoadedEditorAssemblies (9ms)
			RefreshPlugins (0ms)
			BeforeProcessingInitializeOnLoad (100ms)
			ProcessInitializeOnLoadAttributes (604ms)
			ProcessInitializeOnLoadMethodAttributes (45ms)
			AfterProcessingInitializeOnLoad (14ms)
			EditorAssembliesLoaded (0ms)
		ExecutionOrderSort2 (0ms)
		AwakeInstancesAfterBackupRestoration (14ms)
Refreshing native plugins compatible for Editor in 7.76 ms, found 3 plugins.
Preloading 0 native plugins for Editor in 0.00 ms.
Unloading 3097 Unused Serialized files (Serialized files now loaded: 0)
Unloading 23 unused Assets / (31.0 KB). Loaded Objects now: 3590.
Memory consumption went from 127.0 MB to 127.0 MB.
Total: 5.295700 ms (FindLiveObjects: 0.425800 ms CreateObjectMapping: 0.153800 ms MarkObjects: 4.603100 ms  DeleteObjects: 0.110400 ms)

Prepare: number of updated asset objects reloaded= 0
AssetImportParameters requested are different than current active one (requested -> active):
  custom:container-demuxer-ogg: 62fdf1f143b41e24485cea50d1cbac27 -> 
  custom:video-codec-MediaFoundation-h265: 746d11721c4dcdbdad8f713fa42b33f4 -> 
  custom:video-decoder-ogg-theora: a1e56fd34408186e4bbccfd4996cb3dc -> 
  custom:scripting/monoscript/fileName/GemCollider.cs: 4279ecf4a5a7cfc3c403ec90057a7c33 -> 
  custom:framework-win-MediaFoundation: 216162199b28c13a410421893ffa2e32 -> 
  custom:CustomObjectIndexerAttribute: 9a22284fe3817be447336de3de66b15e -> 
  custom:container-demuxer-webm: 4f35f7cbe854078d1ac9338744f61a02 -> 
  custom:container-muxer-webm: aa71ff27fc2769a1b78a27578f13a17b -> 
  custom:video-decoder-webm-vp8: 9c59270c3fd7afecdb556c50c9e8de78 -> 
  custom:SearchIndexIgnoredProperties: e643bd26f0fe6173181afceb89e7c659 -> 
  custom:AudioImporter_EditorPlatform: d09bf68614088b80899f8185d706f6e7 -> 
  custom:video-encoder-webm-vp8: eb34c28f22e8b96e1ab97ce403110664 -> 
  custom:audio-decoder-ogg-vorbis: bf7c407c2cedff20999df2af8eb42d56 -> 
  custom:audio-encoder-webm-vorbis: bf7c407c2cedff20999df2af8eb42d56 -> 
========================================================================
Received Import Request.
  Time since last request: 249908.069999 seconds.
  path: Assets/Mushroom house/mesh/Materials/mushroom_house_Diffuse.mat
  artifactKey: Guid(269fd0d3a3268b34b8f4377e20b8b92c) Importer(815301076,1909f56bfc062723c751e8b465ee728b)
Start importing Assets/Mushroom house/mesh/Materials/mushroom_house_Diffuse.mat using Guid(269fd0d3a3268b34b8f4377e20b8b92c) Importer(815301076,1909f56bfc062723c751e8b465ee728b)  -> (artifact id: '96ab5750d4625d5bc3e278e8ff33934c') in 0.177771 seconds
Number of updated asset objects reloaded before import = 0
Number of asset objects unloaded after import = 1
========================================================================
Received Import Request.
  Time since last request: 0.000029 seconds.
  path: Assets/Mushroom house/Materials/pine_tree.mat
  artifactKey: Guid(e7013a8f13fb84a4d99a7f959e659695) Importer(815301076,1909f56bfc062723c751e8b465ee728b)
Start importing Assets/Mushroom house/Materials/pine_tree.mat using Guid(e7013a8f13fb84a4d99a7f959e659695) Importer(815301076,1909f56bfc062723c751e8b465ee728b)  -> (artifact id: '3f8fe5a651bd2da4170addcf940cacb3') in 0.024990 seconds
Number of updated asset objects reloaded before import = 0
Number of asset objects unloaded after import = 3
========================================================================
Received Import Request.
  Time since last request: 3.509777 seconds.
  path: Assets/Mushroom house/mesh/Materials/pine_tree_vcols.mat
  artifactKey: Guid(7b7e2b82d8674ba48bd9c1fd3eadbb8d) Importer(815301076,1909f56bfc062723c751e8b465ee728b)
Start importing Assets/Mushroom house/mesh/Materials/pine_tree_vcols.mat using Guid(7b7e2b82d8674ba48bd9c1fd3eadbb8d) Importer(815301076,1909f56bfc062723c751e8b465ee728b)  -> (artifact id: 'c02d5b26be0859e92d0f22a7aad84efd') in 0.017018 seconds
Number of updated asset objects reloaded before import = 0
Number of asset objects unloaded after import = 1
========================================================================
Received Import Request.
  Time since last request: 0.000030 seconds.
  path: Assets/Course Library/_Source_Files/Materials/SimpleSky.mat
  artifactKey: Guid(e68f77e240a7f8643b5cc4253dc37516) Importer(815301076,1909f56bfc062723c751e8b465ee728b)
Start importing Assets/Course Library/_Source_Files/Materials/SimpleSky.mat using Guid(e68f77e240a7f8643b5cc4253dc37516) Importer(815301076,1909f56bfc062723c751e8b465ee728b)  -> (artifact id: '2c78ecdb774866226c2b845a8769f482') in 0.035862 seconds
Number of updated asset objects reloaded before import = 0
Number of asset objects unloaded after import = 2
========================================================================
Received Import Request.
  Time since last request: 0.936953 seconds.
  path: Assets/WoodsLifestyle/Models/Vegetation/Flowers/Materials/Stem_Green_01.mat
  artifactKey: Guid(518562e7e02086d45980c1088ece28c8) Importer(815301076,1909f56bfc062723c751e8b465ee728b)
Start importing Assets/WoodsLifestyle/Models/Vegetation/Flowers/Materials/Stem_Green_01.mat using Guid(518562e7e02086d45980c1088ece28c8) Importer(815301076,1909f56bfc062723c751e8b465ee728b)  -> (artifact id: 'c745c91d97a054449bf5e5e95104e5da') in 0.021806 seconds
Number of updated asset objects reloaded before import = 0
Number of asset objects unloaded after import = 1
========================================================================
Received Import Request.
  Time since last request: 0.000049 seconds.
  path: Assets/WoodsLifestyle/Models/Vegetation/Mushrooms/Materials/StemRing_Blue_01.mat
  artifactKey: Guid(5407b4fa1fcca2f4e9dc3618c9f57497) Importer(815301076,1909f56bfc062723c751e8b465ee728b)
Start importing Assets/WoodsLifestyle/Models/Vegetation/Mushrooms/Materials/StemRing_Blue_01.mat using Guid(5407b4fa1fcca2f4e9dc3618c9f57497) Importer(815301076,1909f56bfc062723c751e8b465ee728b)  -> (artifact id: '056bece020edb479ce9a698f17001f49') in 0.021666 seconds
Number of updated asset objects reloaded before import = 0
Number of asset objects unloaded after import = 1
========================================================================
Received Import Request.
  Time since last request: 6.203316 seconds.
  path: Assets/WoodsLifestyle/Models/Logs_Wood/LogHeap_02_b.fbx
  artifactKey: Guid(43507009ef08f1f42aa8545e7c1b9277) Importer(815301076,1909f56bfc062723c751e8b465ee728b)
Start importing Assets/WoodsLifestyle/Models/Logs_Wood/LogHeap_02_b.fbx using Guid(43507009ef08f1f42aa8545e7c1b9277) Importer(815301076,1909f56bfc062723c751e8b465ee728b)  -> (artifact id: '40ac9fb23b38026668fe6746be9ab7fd') in 0.059922 seconds
Number of updated asset objects reloaded before import = 0
Number of asset objects unloaded after import = 9
========================================================================
Received Import Request.
  Time since last request: 0.032081 seconds.
  path: Assets/WoodsLifestyle/Models/Props/Water/Oar_01.fbx
  artifactKey: Guid(36a1eda689da6dd49ae5836b4aee5f34) Importer(815301076,1909f56bfc062723c751e8b465ee728b)
Start importing Assets/WoodsLifestyle/Models/Props/Water/Oar_01.fbx using Guid(36a1eda689da6dd49ae5836b4aee5f34) Importer(815301076,1909f56bfc062723c751e8b465ee728b)  -> (artifact id: '45f0c5bdd5f65a8c37e1488aa2950131') in 0.026624 seconds
Number of updated asset objects reloaded before import = 0
Number of asset objects unloaded after import = 9
========================================================================
Received Import Request.
  Time since last request: 0.205112 seconds.
  path: Assets/WoodsLifestyle/Models/Boards/Palnk_02_a002.fbx
  artifactKey: Guid(60e913bb49bf6c649aad83aad37bafbd) Importer(815301076,1909f56bfc062723c751e8b465ee728b)
Start importing Assets/WoodsLifestyle/Models/Boards/Palnk_02_a002.fbx using Guid(60e913bb49bf6c649aad83aad37bafbd) Importer(815301076,1909f56bfc062723c751e8b465ee728b)  -> (artifact id: 'e8007a78ffd1d13ff99f15fa9b4a01cc') in 0.023061 seconds
Number of updated asset objects reloaded before import = 0
Number of asset objects unloaded after import = 9
========================================================================
Received Import Request.
  Time since last request: 0.107116 seconds.
  path: Assets/WoodsLifestyle/Models/Boards/Plank_03_a.fbx
  artifactKey: Guid(821679f0fdfbbba458c34d4c2dc75a80) Importer(815301076,1909f56bfc062723c751e8b465ee728b)
Start importing Assets/WoodsLifestyle/Models/Boards/Plank_03_a.fbx using Guid(821679f0fdfbbba458c34d4c2dc75a80) Importer(815301076,1909f56bfc062723c751e8b465ee728b)  -> (artifact id: '037497b300ad3b3fa9bef97b556c9568') in 0.021095 seconds
Number of updated asset objects reloaded before import = 0
Number of asset objects unloaded after import = 9
========================================================================
Received Import Request.
  Time since last request: 0.358864 seconds.
  path: Assets/WoodsLifestyle/Models/Props/Interior/Pot_01_a.fbx
  artifactKey: Guid(731c991c7fce85a45aff2474d827fe19) Importer(815301076,1909f56bfc062723c751e8b465ee728b)
Start importing Assets/WoodsLifestyle/Models/Props/Interior/Pot_01_a.fbx using Guid(731c991c7fce85a45aff2474d827fe19) Importer(815301076,1909f56bfc062723c751e8b465ee728b)  -> (artifact id: 'ad3b7a81ab344c5a733855db83b72b59') in 0.032554 seconds
Number of updated asset objects reloaded before import = 0
Number of asset objects unloaded after import = 9
========================================================================
Received Import Request.
  Time since last request: 0.049969 seconds.
  path: Assets/WoodsLifestyle/Models/Rocks/Rock_01_a.fbx
  artifactKey: Guid(134dbe6ed9bf2db4dad37b1db84e5160) Importer(815301076,1909f56bfc062723c751e8b465ee728b)
Start importing Assets/WoodsLifestyle/Models/Rocks/Rock_01_a.fbx using Guid(134dbe6ed9bf2db4dad37b1db84e5160) Importer(815301076,1909f56bfc062723c751e8b465ee728b)  -> (artifact id: '2c3856df350fa562c67b8e5516a87757') in 0.024063 seconds
Number of updated asset objects reloaded before import = 0
Number of asset objects unloaded after import = 9
========================================================================
Received Import Request.
  Time since last request: 0.000031 seconds.
  path: Assets/WoodsLifestyle/Models/Rocks/Rock_01_d.fbx
  artifactKey: Guid(d1a962341e285304da40781019afaa9d) Importer(815301076,1909f56bfc062723c751e8b465ee728b)
Start importing Assets/WoodsLifestyle/Models/Rocks/Rock_01_d.fbx using Guid(d1a962341e285304da40781019afaa9d) Importer(815301076,1909f56bfc062723c751e8b465ee728b)  -> (artifact id: '0cc949c0d070311ff4a0c9288c23f7f0') in 0.035882 seconds
Number of updated asset objects reloaded before import = 0
Number of asset objects unloaded after import = 9
========================================================================
Received Import Request.
  Time since last request: 0.191090 seconds.
  path: Assets/WoodsLifestyle/Models/Rocks/Rock_01_f.fbx
  artifactKey: Guid(dcf1fbf6c98912544996b70bc9fb3e85) Importer(815301076,1909f56bfc062723c751e8b465ee728b)
Start importing Assets/WoodsLifestyle/Models/Rocks/Rock_01_f.fbx using Guid(dcf1fbf6c98912544996b70bc9fb3e85) Importer(815301076,1909f56bfc062723c751e8b465ee728b)  -> (artifact id: '3ee1a367c1633545ed7700cf64051c0f') in 0.023201 seconds
Number of updated asset objects reloaded before import = 0
Number of asset objects unloaded after import = 9
========================================================================
Received Import Request.
  Time since last request: 0.000027 seconds.
  path: Assets/WoodsLifestyle/Models/Rocks/Rock_02_c.fbx
  artifactKey: Guid(62c344ec0aeeda348a453e242f824a66) Importer(815301076,1909f56bfc062723c751e8b465ee728b)
Start importing Assets/WoodsLifestyle/Models/Rocks/Rock_02_c.fbx using Guid(62c344ec0aeeda348a453e242f824a66) Importer(815301076,1909f56bfc062723c751e8b465ee728b)  -> (artifact id: '1e8a3fc585e6f450bffeddc1e5918009') in 0.035075 seconds
Number of updated asset objects reloaded before import = 0
Number of asset objects unloaded after import = 9
========================================================================
Received Import Request.
  Time since last request: 0.065761 seconds.
  path: Assets/WoodsLifestyle/Models/Rocks/Rock_02_e.fbx
  artifactKey: Guid(5a16db2e3eb853f4994ce3c57bdf39c8) Importer(815301076,1909f56bfc062723c751e8b465ee728b)
Start importing Assets/WoodsLifestyle/Models/Rocks/Rock_02_e.fbx using Guid(5a16db2e3eb853f4994ce3c57bdf39c8) Importer(815301076,1909f56bfc062723c751e8b465ee728b)  -> (artifact id: 'dd9db5746b78f16f480897414e6ea8e7') in 0.022917 seconds
Number of updated asset objects reloaded before import = 0
Number of asset objects unloaded after import = 9
========================================================================
Received Import Request.
  Time since last request: 0.000035 seconds.
  path: Assets/WoodsLifestyle/Models/Rocks/Rock_03_c.fbx
  artifactKey: Guid(b90a50dc45489ba4282fbe4e8316a9e0) Importer(815301076,1909f56bfc062723c751e8b465ee728b)
Start importing Assets/WoodsLifestyle/Models/Rocks/Rock_03_c.fbx using Guid(b90a50dc45489ba4282fbe4e8316a9e0) Importer(815301076,1909f56bfc062723c751e8b465ee728b)  -> (artifact id: 'ad96017bd7c7b33506df9dd2f4ffddfb') in 0.040876 seconds
Number of updated asset objects reloaded before import = 0
Number of asset objects unloaded after import = 9
========================================================================
Received Import Request.
  Time since last request: 0.235638 seconds.
  path: Assets/WoodsLifestyle/Models/Rocks/RockBarrier_01_b.fbx
  artifactKey: Guid(a0689f0bb99dd8b4fb033e9056efade0) Importer(815301076,1909f56bfc062723c751e8b465ee728b)
Start importing Assets/WoodsLifestyle/Models/Rocks/RockBarrier_01_b.fbx using Guid(a0689f0bb99dd8b4fb033e9056efade0) Importer(815301076,1909f56bfc062723c751e8b465ee728b)  -> (artifact id: '436a457610dc9c14f4555953005956b6') in 0.031105 seconds
Number of updated asset objects reloaded before import = 0
Number of asset objects unloaded after import = 9
========================================================================
Received Import Request.
  Time since last request: 0.073605 seconds.
  path: Assets/WoodsLifestyle/Models/Cabins/Roofs/Roof_01_b.fbx
  artifactKey: Guid(5b8ca27d42df5dd4cbabf59f45cf8774) Importer(815301076,1909f56bfc062723c751e8b465ee728b)
Start importing Assets/WoodsLifestyle/Models/Cabins/Roofs/Roof_01_b.fbx using Guid(5b8ca27d42df5dd4cbabf59f45cf8774) Importer(815301076,1909f56bfc062723c751e8b465ee728b)  -> (artifact id: '7e5d9f5aa7ecd54d3dc28a750daa234c') in 0.023505 seconds
Number of updated asset objects reloaded before import = 0
Number of asset objects unloaded after import = 9
========================================================================
Received Import Request.
  Time since last request: 0.000028 seconds.
  path: Assets/WoodsLifestyle/Models/Props/Water/RowBoat_01_b.fbx
  artifactKey: Guid(cc7b39c76fcfe3d42a95d059afae973a) Importer(815301076,1909f56bfc062723c751e8b465ee728b)
Start importing Assets/WoodsLifestyle/Models/Props/Water/RowBoat_01_b.fbx using Guid(cc7b39c76fcfe3d42a95d059afae973a) Importer(815301076,1909f56bfc062723c751e8b465ee728b)  -> (artifact id: '61aadcd20117c7e4d101d3f8e9edd9ef') in 0.037481 seconds
Number of updated asset objects reloaded before import = 0
Number of asset objects unloaded after import = 9
========================================================================
Received Import Request.
  Time since last request: 0.236048 seconds.
  path: Assets/WoodsLifestyle/Models/Props/Water/RowBoat_01_d.fbx
  artifactKey: Guid(e20f5d4726c78d24d8d668a2b3c8c9dd) Importer(815301076,1909f56bfc062723c751e8b465ee728b)
Start importing Assets/WoodsLifestyle/Models/Props/Water/RowBoat_01_d.fbx using Guid(e20f5d4726c78d24d8d668a2b3c8c9dd) Importer(815301076,1909f56bfc062723c751e8b465ee728b)  -> (artifact id: 'cf849b3fc53930c7222daa64fe073b62') in 0.024458 seconds
Number of updated asset objects reloaded before import = 0
Number of asset objects unloaded after import = 9
========================================================================
Received Import Request.
  Time since last request: 0.000022 seconds.
  path: Assets/WoodsLifestyle/Models/Props/Furniture/Shelf_01.fbx
  artifactKey: Guid(472ec75ff20838d40a62f3a1c0ce1069) Importer(815301076,1909f56bfc062723c751e8b465ee728b)
Start importing Assets/WoodsLifestyle/Models/Props/Furniture/Shelf_01.fbx using Guid(472ec75ff20838d40a62f3a1c0ce1069) Importer(815301076,1909f56bfc062723c751e8b465ee728b)  -> (artifact id: '67a8309f577b986c8c648c46d30778a1') in 0.029429 seconds
Number of updated asset objects reloaded before import = 0
Number of asset objects unloaded after import = 9
========================================================================
Received Import Request.
  Time since last request: 0.052967 seconds.
  path: Assets/WoodsLifestyle/Models/Props/Exterior/SignPost_01_a.fbx
  artifactKey: Guid(ebc2d9f1f3db66a41a7497423e6ac6d0) Importer(815301076,1909f56bfc062723c751e8b465ee728b)
Start importing Assets/WoodsLifestyle/Models/Props/Exterior/SignPost_01_a.fbx using Guid(ebc2d9f1f3db66a41a7497423e6ac6d0) Importer(815301076,1909f56bfc062723c751e8b465ee728b)  -> (artifact id: 'bfbbd136ce239f65d4bc3239bbabc74b') in 0.023805 seconds
Number of updated asset objects reloaded before import = 0
Number of asset objects unloaded after import = 9
========================================================================
Received Import Request.
  Time since last request: 0.006387 seconds.
  path: Assets/WoodsLifestyle/Models/Stairs_Ladders/Staircase_01.fbx
  artifactKey: Guid(279a9fc532b7d204db6e6e3f4bcfadb4) Importer(815301076,1909f56bfc062723c751e8b465ee728b)
Start importing Assets/WoodsLifestyle/Models/Stairs_Ladders/Staircase_01.fbx using Guid(279a9fc532b7d204db6e6e3f4bcfadb4) Importer(815301076,1909f56bfc062723c751e8b465ee728b)  -> (artifact id: 'e0eed8396be2223f11a6897052d7f88f') in 0.036771 seconds
Number of updated asset objects reloaded before import = 0
Number of asset objects unloaded after import = 9
========================================================================
Received Import Request.
  Time since last request: 0.000060 seconds.
  path: Assets/WoodsLifestyle/Models/Props/Exterior/Stand_02.fbx
  artifactKey: Guid(f85b1f220d4dcca48ae74f0bc979a23c) Importer(815301076,1909f56bfc062723c751e8b465ee728b)
Start importing Assets/WoodsLifestyle/Models/Props/Exterior/Stand_02.fbx using Guid(f85b1f220d4dcca48ae74f0bc979a23c) Importer(815301076,1909f56bfc062723c751e8b465ee728b)  -> (artifact id: '13d590ff19fdcb83415f936099600ac0') in 0.033209 seconds
Number of updated asset objects reloaded before import = 0
Number of asset objects unloaded after import = 9
========================================================================
Received Import Request.
  Time since last request: 0.196950 seconds.
  path: Assets/WoodsLifestyle/Models/Props/Furniture/Stool_02.fbx
  artifactKey: Guid(87dbf080af6938547803df2fb5e61dfd) Importer(815301076,1909f56bfc062723c751e8b465ee728b)
Start importing Assets/WoodsLifestyle/Models/Props/Furniture/Stool_02.fbx using Guid(87dbf080af6938547803df2fb5e61dfd) Importer(815301076,1909f56bfc062723c751e8b465ee728b)  -> (artifact id: '36c8f6875626a94d205f6dd9a180b858') in 0.024595 seconds
Number of updated asset objects reloaded before import = 0
Number of asset objects unloaded after import = 9
========================================================================
Received Import Request.
  Time since last request: 0.344722 seconds.
  path: Assets/WoodsLifestyle/Models/Props/Furniture/Table_01_b.fbx
  artifactKey: Guid(11f54cf6386c0ab4cb11f9d2b484a8a1) Importer(815301076,1909f56bfc062723c751e8b465ee728b)
Start importing Assets/WoodsLifestyle/Models/Props/Furniture/Table_01_b.fbx using Guid(11f54cf6386c0ab4cb11f9d2b484a8a1) Importer(815301076,1909f56bfc062723c751e8b465ee728b)  -> (artifact id: '297a4c54ba274ce7c5635972323a2d43') in 0.028207 seconds
Number of updated asset objects reloaded before import = 0
Number of asset objects unloaded after import = 9
========================================================================
Received Import Request.
  Time since last request: 0.000032 seconds.
  path: Assets/WoodsLifestyle/Models/Props/Furniture/Table_03.fbx
  artifactKey: Guid(547596d8e90fbca449aa0430f7f80941) Importer(815301076,1909f56bfc062723c751e8b465ee728b)
Start importing Assets/WoodsLifestyle/Models/Props/Furniture/Table_03.fbx using Guid(547596d8e90fbca449aa0430f7f80941) Importer(815301076,1909f56bfc062723c751e8b465ee728b)  -> (artifact id: '86d0b331b16bd4b6a54cf29c6181fd20') in 0.039076 seconds
Number of updated asset objects reloaded before import = 0
Number of asset objects unloaded after import = 9
========================================================================
Received Import Request.
  Time since last request: 0.005860 seconds.
  path: Assets/WoodsLifestyle/Models/Props/WaterTowers/Tower_01.fbx
  artifactKey: Guid(afceab1db8256044b961e2acbedc9134) Importer(815301076,1909f56bfc062723c751e8b465ee728b)
Start importing Assets/WoodsLifestyle/Models/Props/WaterTowers/Tower_01.fbx using Guid(afceab1db8256044b961e2acbedc9134) Importer(815301076,1909f56bfc062723c751e8b465ee728b)  -> (artifact id: '1983687be30dd8d59b6c863a6d1d15a9') in 0.027381 seconds
Number of updated asset objects reloaded before import = 0
Number of asset objects unloaded after import = 9
========================================================================
Received Import Request.
  Time since last request: 0.000041 seconds.
  path: Assets/WoodsLifestyle/Models/Vegetation/Trees/Tree_01_a.fbx
  artifactKey: Guid(9e736dc8d72bee74fa560c1dfdedbb9e) Importer(815301076,1909f56bfc062723c751e8b465ee728b)
Start importing Assets/WoodsLifestyle/Models/Vegetation/Trees/Tree_01_a.fbx using Guid(9e736dc8d72bee74fa560c1dfdedbb9e) Importer(815301076,1909f56bfc062723c751e8b465ee728b)  -> (artifact id: '337d72ddbfb98b4d543261baf3bfe316') in 0.041512 seconds
Number of updated asset objects reloaded before import = 0
Number of asset objects unloaded after import = 9
========================================================================
Received Import Request.
  Time since last request: 0.030128 seconds.
  path: Assets/WoodsLifestyle/Models/Vegetation/Trees/Tree_01_c.fbx
  artifactKey: Guid(1a3aaa238065992479bafe2f76aeebb1) Importer(815301076,1909f56bfc062723c751e8b465ee728b)
Start importing Assets/WoodsLifestyle/Models/Vegetation/Trees/Tree_01_c.fbx using Guid(1a3aaa238065992479bafe2f76aeebb1) Importer(815301076,1909f56bfc062723c751e8b465ee728b)  -> (artifact id: '4561a40581175e4cad07bc29c1de6153') in 0.024170 seconds
Number of updated asset objects reloaded before import = 0
Number of asset objects unloaded after import = 9
========================================================================
Received Import Request.
  Time since last request: 0.000061 seconds.
  path: Assets/WoodsLifestyle/Models/Vegetation/Trees/Tree_02_c.fbx
  artifactKey: Guid(42f9e3e8473c13649826dc0e398f723c) Importer(815301076,1909f56bfc062723c751e8b465ee728b)
Start importing Assets/WoodsLifestyle/Models/Vegetation/Trees/Tree_02_c.fbx using Guid(42f9e3e8473c13649826dc0e398f723c) Importer(815301076,1909f56bfc062723c751e8b465ee728b)  -> (artifact id: '51ca2e2ce3905fbb08ff690d5e8b24ee') in 0.040499 seconds
Number of updated asset objects reloaded before import = 0
Number of asset objects unloaded after import = 9
========================================================================
Received Import Request.
  Time since last request: 0.062610 seconds.
  path: Assets/WoodsLifestyle/Models/Vegetation/Trees/Tree_03_b.fbx
  artifactKey: Guid(ed730ea1c0f17534aae2b1e3ffcd0fff) Importer(815301076,1909f56bfc062723c751e8b465ee728b)
Start importing Assets/WoodsLifestyle/Models/Vegetation/Trees/Tree_03_b.fbx using Guid(ed730ea1c0f17534aae2b1e3ffcd0fff) Importer(815301076,1909f56bfc062723c751e8b465ee728b)  -> (artifact id: 'aef675918ea3d597fb769697fa5a657f') in 0.025508 seconds
Number of updated asset objects reloaded before import = 0
Number of asset objects unloaded after import = 9
========================================================================
Received Import Request.
  Time since last request: 0.000041 seconds.
  path: Assets/WoodsLifestyle/Models/Vegetation/Trees/Tree_04_b.fbx
  artifactKey: Guid(0f8a2113228416b40bfa840389f2849f) Importer(815301076,1909f56bfc062723c751e8b465ee728b)
Start importing Assets/WoodsLifestyle/Models/Vegetation/Trees/Tree_04_b.fbx using Guid(0f8a2113228416b40bfa840389f2849f) Importer(815301076,1909f56bfc062723c751e8b465ee728b)  -> (artifact id: 'e65e47c54d4f94d8c54840ab2fa0bda4') in 0.043707 seconds
Number of updated asset objects reloaded before import = 0
Number of asset objects unloaded after import = 9
========================================================================
Received Import Request.
  Time since last request: 0.234706 seconds.
  path: Assets/WoodsLifestyle/Models/Vegetation/Trees/Tree_05_a.fbx
  artifactKey: Guid(cc30721c34948b943ba06ef8d23c78aa) Importer(815301076,1909f56bfc062723c751e8b465ee728b)
Start importing Assets/WoodsLifestyle/Models/Vegetation/Trees/Tree_05_a.fbx using Guid(cc30721c34948b943ba06ef8d23c78aa) Importer(815301076,1909f56bfc062723c751e8b465ee728b)  -> (artifact id: '45e1ab3c947ecd0d89f3a7a2a5cde606') in 0.029156 seconds
Number of updated asset objects reloaded before import = 0
Number of asset objects unloaded after import = 9
========================================================================
Received Import Request.
  Time since last request: 0.000038 seconds.
  path: Assets/WoodsLifestyle/Models/Vegetation/Trees/Tree_06_a.fbx
  artifactKey: Guid(83cf303068f600a4d80f24c29ee82d70) Importer(815301076,1909f56bfc062723c751e8b465ee728b)
Start importing Assets/WoodsLifestyle/Models/Vegetation/Trees/Tree_06_a.fbx using Guid(83cf303068f600a4d80f24c29ee82d70) Importer(815301076,1909f56bfc062723c751e8b465ee728b)  -> (artifact id: '07ccd9b0a63aacdcc27566bc03a0c67f') in 0.079400 seconds
Number of updated asset objects reloaded before import = 0
Number of asset objects unloaded after import = 9
========================================================================
Received Import Request.
  Time since last request: 0.312897 seconds.
  path: Assets/WoodsLifestyle/Models/Vegetation/Trees/Tree_06_c.fbx
  artifactKey: Guid(d792d927e64fdd74783cf3149995bd2b) Importer(815301076,1909f56bfc062723c751e8b465ee728b)
Start importing Assets/WoodsLifestyle/Models/Vegetation/Trees/Tree_06_c.fbx using Guid(d792d927e64fdd74783cf3149995bd2b) Importer(815301076,1909f56bfc062723c751e8b465ee728b)  -> (artifact id: '51a786eed4ff1ff8823a7ebdae1c00d0') in 0.026842 seconds
Number of updated asset objects reloaded before import = 0
Number of asset objects unloaded after import = 9
========================================================================
Received Import Request.
  Time since last request: 0.000033 seconds.
  path: Assets/WoodsLifestyle/Models/Vegetation/Trees/Tree_07_c.fbx
  artifactKey: Guid(49fdd99d817944b43aa11e218b1b80f7) Importer(815301076,1909f56bfc062723c751e8b465ee728b)
Start importing Assets/WoodsLifestyle/Models/Vegetation/Trees/Tree_07_c.fbx using Guid(49fdd99d817944b43aa11e218b1b80f7) Importer(815301076,1909f56bfc062723c751e8b465ee728b)  -> (artifact id: 'a9a21fb776ba8a54a403246a5d08abda') in 0.045502 seconds
Number of updated asset objects reloaded before import = 0
Number of asset objects unloaded after import = 9
========================================================================
Received Import Request.
  Time since last request: 0.060520 seconds.
  path: Assets/WoodsLifestyle/Models/Vegetation/Trees/Tree_08_b.fbx
  artifactKey: Guid(1648e9f87ac1ffe42b82a1389ae9c8f6) Importer(815301076,1909f56bfc062723c751e8b465ee728b)
Start importing Assets/WoodsLifestyle/Models/Vegetation/Trees/Tree_08_b.fbx using Guid(1648e9f87ac1ffe42b82a1389ae9c8f6) Importer(815301076,1909f56bfc062723c751e8b465ee728b)  -> (artifact id: 'bae26e18359d715068093e160229c269') in 0.025777 seconds
Number of updated asset objects reloaded before import = 0
Number of asset objects unloaded after import = 9
========================================================================
Received Import Request.
  Time since last request: 0.000044 seconds.
  path: Assets/WoodsLifestyle/Models/Vegetation/Trees/Tree_09_b.fbx
  artifactKey: Guid(1bd22797afe37aa40a4aec9f7ff8924b) Importer(815301076,1909f56bfc062723c751e8b465ee728b)
Start importing Assets/WoodsLifestyle/Models/Vegetation/Trees/Tree_09_b.fbx using Guid(1bd22797afe37aa40a4aec9f7ff8924b) Importer(815301076,1909f56bfc062723c751e8b465ee728b)  -> (artifact id: '15937e4b75710c1c1cffd6f679b3ece9') in 0.039011 seconds
Number of updated asset objects reloaded before import = 0
Number of asset objects unloaded after import = 9
========================================================================
Received Import Request.
  Time since last request: 0.361188 seconds.
  path: Assets/WoodsLifestyle/Models/Vegetation/Trees/Tree_10_a.fbx
  artifactKey: Guid(d642bdb2862b6664191fa636b60b4678) Importer(815301076,1909f56bfc062723c751e8b465ee728b)
Start importing Assets/WoodsLifestyle/Models/Vegetation/Trees/Tree_10_a.fbx using Guid(d642bdb2862b6664191fa636b60b4678) Importer(815301076,1909f56bfc062723c751e8b465ee728b)  -> (artifact id: '96a631cb4ee7b7b0c9bbe00db8690dc5') in 0.027829 seconds
Number of updated asset objects reloaded before import = 0
Number of asset objects unloaded after import = 9
========================================================================
Received Import Request.
  Time since last request: 0.000051 seconds.
  path: Assets/WoodsLifestyle/Models/Vegetation/Trees/Tree_11_a.fbx
  artifactKey: Guid(1844a18f1dc23594a9f2ac80a71b3b71) Importer(815301076,1909f56bfc062723c751e8b465ee728b)
Start importing Assets/WoodsLifestyle/Models/Vegetation/Trees/Tree_11_a.fbx using Guid(1844a18f1dc23594a9f2ac80a71b3b71) Importer(815301076,1909f56bfc062723c751e8b465ee728b)  -> (artifact id: 'ea76db2f611070878d6163013cbed31a') in 0.040067 seconds
Number of updated asset objects reloaded before import = 0
Number of asset objects unloaded after import = 9
========================================================================
Received Import Request.
  Time since last request: 0.004919 seconds.
  path: Assets/WoodsLifestyle/Models/Vegetation/Trees/Tree_11_c.fbx
  artifactKey: Guid(4a3a23972c03e784abff0dc81a3ace4f) Importer(815301076,1909f56bfc062723c751e8b465ee728b)
Start importing Assets/WoodsLifestyle/Models/Vegetation/Trees/Tree_11_c.fbx using Guid(4a3a23972c03e784abff0dc81a3ace4f) Importer(815301076,1909f56bfc062723c751e8b465ee728b)  -> (artifact id: '843a8fa6382bfdaa30483ae86556265f') in 0.026044 seconds
Number of updated asset objects reloaded before import = 0
Number of asset objects unloaded after import = 9
========================================================================
Received Import Request.
  Time since last request: 0.000042 seconds.
  path: Assets/WoodsLifestyle/Models/Vegetation/Trees/Tree_12_c.fbx
  artifactKey: Guid(6761840b9f449af419d4cb4ba6a3ee1b) Importer(815301076,1909f56bfc062723c751e8b465ee728b)
Start importing Assets/WoodsLifestyle/Models/Vegetation/Trees/Tree_12_c.fbx using Guid(6761840b9f449af419d4cb4ba6a3ee1b) Importer(815301076,1909f56bfc062723c751e8b465ee728b)  -> (artifact id: '2cb998fe675cb34b20188f52fc6eded8') in 0.039910 seconds
Number of updated asset objects reloaded before import = 0
Number of asset objects unloaded after import = 9
========================================================================
Received Import Request.
  Time since last request: 0.010899 seconds.
  path: Assets/WoodsLifestyle/Models/Vegetation/Trees/Tree_13_b.fbx
  artifactKey: Guid(870922926f491034ebe583c35c85c291) Importer(815301076,1909f56bfc062723c751e8b465ee728b)
Start importing Assets/WoodsLifestyle/Models/Vegetation/Trees/Tree_13_b.fbx using Guid(870922926f491034ebe583c35c85c291) Importer(815301076,1909f56bfc062723c751e8b465ee728b)  -> (artifact id: '726902e9ce97bae0f79609c02a7af5ef') in 0.027667 seconds
Number of updated asset objects reloaded before import = 0
Number of asset objects unloaded after import = 9
========================================================================
Received Import Request.
  Time since last request: 0.000039 seconds.
  path: Assets/WoodsLifestyle/Models/Vegetation/Trees/Tree_14_b.fbx
  artifactKey: Guid(d36e0ae298acd9c4992e25f90c9be70b) Importer(815301076,1909f56bfc062723c751e8b465ee728b)
Start importing Assets/WoodsLifestyle/Models/Vegetation/Trees/Tree_14_b.fbx using Guid(d36e0ae298acd9c4992e25f90c9be70b) Importer(815301076,1909f56bfc062723c751e8b465ee728b)  -> (artifact id: 'bd31beb131c1be27e0a80510075b395a') in 0.037681 seconds
Number of updated asset objects reloaded before import = 0
Number of asset objects unloaded after import = 9
========================================================================
Received Import Request.
  Time since last request: 0.000029 seconds.
  path: Assets/WoodsLifestyle/Models/Cabins/Walls/Wall_Narrow_01_c.fbx
  artifactKey: Guid(b9f6a13223e5a8c429b2359c3e591c86) Importer(815301076,1909f56bfc062723c751e8b465ee728b)
Start importing Assets/WoodsLifestyle/Models/Cabins/Walls/Wall_Narrow_01_c.fbx using Guid(b9f6a13223e5a8c429b2359c3e591c86) Importer(815301076,1909f56bfc062723c751e8b465ee728b)  -> (artifact id: 'a613357b0a110dd247bef0518749f747') in 0.039030 seconds
Number of updated asset objects reloaded before import = 0
Number of asset objects unloaded after import = 9
========================================================================
Received Import Request.
  Time since last request: 0.181059 seconds.
  path: Assets/WoodsLifestyle/Models/Cabins/Walls/Wall_Narrow_02_c.fbx
  artifactKey: Guid(a38b1d1e20befcf43a077956d65695c4) Importer(815301076,1909f56bfc062723c751e8b465ee728b)
Start importing Assets/WoodsLifestyle/Models/Cabins/Walls/Wall_Narrow_02_c.fbx using Guid(a38b1d1e20befcf43a077956d65695c4) Importer(815301076,1909f56bfc062723c751e8b465ee728b)  -> (artifact id: '6d50ee321b9537d7251ce2677b7dda94') in 0.029738 seconds
Number of updated asset objects reloaded before import = 0
Number of asset objects unloaded after import = 9
========================================================================
Received Import Request.
  Time since last request: 0.000044 seconds.
  path: Assets/WoodsLifestyle/Models/Cabins/Walls/Wall_Wide_01_c.fbx
  artifactKey: Guid(a641b02027f71604bb8c51c8104b3b7d) Importer(815301076,1909f56bfc062723c751e8b465ee728b)
Start importing Assets/WoodsLifestyle/Models/Cabins/Walls/Wall_Wide_01_c.fbx using Guid(a641b02027f71604bb8c51c8104b3b7d) Importer(815301076,1909f56bfc062723c751e8b465ee728b)  -> (artifact id: 'c8df0eb18958ba697956663632cd3360') in 0.049571 seconds
Number of updated asset objects reloaded before import = 0
Number of asset objects unloaded after import = 9
========================================================================
Received Import Request.
  Time since last request: 0.000036 seconds.
  path: Assets/WoodsLifestyle/Models/Props/Interior/WallCandle_01.fbx
  artifactKey: Guid(18019c92acdc4c34ebef8594a32125a9) Importer(815301076,1909f56bfc062723c751e8b465ee728b)
Start importing Assets/WoodsLifestyle/Models/Props/Interior/WallCandle_01.fbx using Guid(18019c92acdc4c34ebef8594a32125a9) Importer(815301076,1909f56bfc062723c751e8b465ee728b)  -> (artifact id: 'f80c3bf7f50c2d5245b1bb8892cc5ac5') in 0.045534 seconds
Number of updated asset objects reloaded before import = 0
Number of asset objects unloaded after import = 9
========================================================================
Received Import Request.
  Time since last request: 0.042158 seconds.
  path: Assets/WoodsLifestyle/Models/Props/Interior/WallLight_01.fbx
  artifactKey: Guid(610496fb0c161894bb9d48ab673a99fd) Importer(815301076,1909f56bfc062723c751e8b465ee728b)
Start importing Assets/WoodsLifestyle/Models/Props/Interior/WallLight_01.fbx using Guid(610496fb0c161894bb9d48ab673a99fd) Importer(815301076,1909f56bfc062723c751e8b465ee728b)  -> (artifact id: '2a73f3e2930affa737ab0e9bfe68afad') in 0.031137 seconds
Number of updated asset objects reloaded before import = 0
Number of asset objects unloaded after import = 9
========================================================================
Received Import Request.
  Time since last request: 0.000036 seconds.
  path: Assets/WoodsLifestyle/Models/Props/Furniture/WallShelf_02.fbx
  artifactKey: Guid(9b5396b6f1274d744ab34774e50137c3) Importer(815301076,1909f56bfc062723c751e8b465ee728b)
Start importing Assets/WoodsLifestyle/Models/Props/Furniture/WallShelf_02.fbx using Guid(9b5396b6f1274d744ab34774e50137c3) Importer(815301076,1909f56bfc062723c751e8b465ee728b)  -> (artifact id: '12fc5a95f5a6b1f2dfe6439072a95cb2') in 0.047325 seconds
Number of updated asset objects reloaded before import = 0
Number of asset objects unloaded after import = 9
========================================================================
Received Import Request.
  Time since last request: 0.012071 seconds.
  path: Assets/WoodsLifestyle/Models/Props/WaterTowers/WaterTenk_03.fbx
  artifactKey: Guid(82dc0d50b12d2ca4fb9b6cfb711ee411) Importer(815301076,1909f56bfc062723c751e8b465ee728b)
Start importing Assets/WoodsLifestyle/Models/Props/WaterTowers/WaterTenk_03.fbx using Guid(82dc0d50b12d2ca4fb9b6cfb711ee411) Importer(815301076,1909f56bfc062723c751e8b465ee728b)  -> (artifact id: 'a621b356b27d4dd911e62a8d18294355') in 0.026248 seconds
Number of updated asset objects reloaded before import = 0
Number of asset objects unloaded after import = 9
========================================================================
Received Import Request.
  Time since last request: 0.000050 seconds.
  path: Assets/WoodsLifestyle/Models/Buildings/Well_01.fbx
  artifactKey: Guid(4f49a178802889240940614840a8758e) Importer(815301076,1909f56bfc062723c751e8b465ee728b)
Start importing Assets/WoodsLifestyle/Models/Buildings/Well_01.fbx using Guid(4f49a178802889240940614840a8758e) Importer(815301076,1909f56bfc062723c751e8b465ee728b)  -> (artifact id: '1abd71fc1166ef8763194624a0547105') in 0.050581 seconds
Number of updated asset objects reloaded before import = 0
Number of asset objects unloaded after import = 9
========================================================================
Received Import Request.
  Time since last request: 2.461838 seconds.
  path: Assets/WoodsLifestyle/Prefabs/Buildings/WaterTower_03.prefab
  artifactKey: Guid(eaf1593903b058f4b8c4ad1854f67bb4) Importer(815301076,1909f56bfc062723c751e8b465ee728b)
Start importing Assets/WoodsLifestyle/Prefabs/Buildings/WaterTower_03.prefab using Guid(eaf1593903b058f4b8c4ad1854f67bb4) Importer(815301076,1909f56bfc062723c751e8b465ee728b)  -> (artifact id: '299a27b34ff4cf52e42610871b49adc1') in 0.022553 seconds
Number of updated asset objects reloaded before import = 0
Number of asset objects unloaded after import = 16
========================================================================
Received Import Request.
  Time since last request: 174.898155 seconds.
  path: Assets/Pixel Skies DEMO/Parallax Pixel Skies 240x135px/Demo 01 Parallax Pixel Sky/demo01_PixelSky_layer02.png
  artifactKey: Guid(ee6100725e0a79542adba70d506e1b3f) Importer(815301076,1909f56bfc062723c751e8b465ee728b)
Start importing Assets/Pixel Skies DEMO/Parallax Pixel Skies 240x135px/Demo 01 Parallax Pixel Sky/demo01_PixelSky_layer02.png using Guid(ee6100725e0a79542adba70d506e1b3f) Importer(815301076,1909f56bfc062723c751e8b465ee728b)  -> (artifact id: '5b63bb4a3e482f1fe96e4dfeeb894223') in 0.046893 seconds
Number of updated asset objects reloaded before import = 0
Number of asset objects unloaded after import = 3
========================================================================
Received Import Request.
  Time since last request: 0.000063 seconds.
  path: Assets/Pixel Skies DEMO/Parallax Pixel Skies 240x135px/Demo 01 Parallax Pixel Sky/demo01_PixelSky_layer03.png
  artifactKey: Guid(005d61280f8b42a409f0a6a3546a9a9a) Importer(815301076,1909f56bfc062723c751e8b465ee728b)
Start importing Assets/Pixel Skies DEMO/Parallax Pixel Skies 240x135px/Demo 01 Parallax Pixel Sky/demo01_PixelSky_layer03.png using Guid(005d61280f8b42a409f0a6a3546a9a9a) Importer(815301076,1909f56bfc062723c751e8b465ee728b)  -> (artifact id: '581c955d357b2344058ea4c26c478e23') in 0.024304 seconds
Number of updated asset objects reloaded before import = 0
Number of asset objects unloaded after import = 3
========================================================================
Received Import Request.
  Time since last request: 2.748794 seconds.
  path: Assets/Pixel Skies DEMO/Parallax Pixel Skies 240x135px/Demo 02 Parallax Pixel Sky/demo02_PixelSky_layer02.png
  artifactKey: Guid(133ff4e02187f97458c0d10ac3ab15bc) Importer(815301076,1909f56bfc062723c751e8b465ee728b)
Start importing Assets/Pixel Skies DEMO/Parallax Pixel Skies 240x135px/Demo 02 Parallax Pixel Sky/demo02_PixelSky_layer02.png using Guid(133ff4e02187f97458c0d10ac3ab15bc) Importer(815301076,1909f56bfc062723c751e8b465ee728b)  -> (artifact id: '41cdb86dc3139973b4242299f2089a8c') in 0.021403 seconds
Number of updated asset objects reloaded before import = 0
Number of asset objects unloaded after import = 3
========================================================================
Received Prepare
Begin MonoManager ReloadAssembly
- Loaded All Assemblies, in  0.446 seconds
Refreshing native plugins compatible for Editor in 2.91 ms, found 3 plugins.
Native extension for WindowsStandalone target not found
[Package Manager] Server::EnsureServerProcessIsRunning -- launch failed, reason: Unity was launched with the -noUpm command-line argument
[Package Manager] UpmClient::Send -- Unable to send message (not connected to UPM process).
[Package Manager] Cannot connect to Unity Package Manager local server
Mono: successfully reloaded assembly
- Finished resetting the current domain, in  0.892 seconds
Domain Reload Profiling: 1336ms
	BeginReloadAssembly (153ms)
		ExecutionOrderSort (0ms)
		DisableScriptedObjects (4ms)
		BackupInstance (0ms)
		ReleaseScriptingObjects (0ms)
		CreateAndSetChildDomain (38ms)
	RebuildCommonClasses (31ms)
	RebuildNativeTypeToScriptingClass (11ms)
	initialDomainReloadingComplete (30ms)
	LoadAllAssembliesAndSetupDomain (218ms)
		LoadAssemblies (287ms)
		RebuildTransferFunctionScriptingTraits (0ms)
		AnalyzeDomain (13ms)
			TypeCache.Refresh (6ms)
				TypeCache.ScanAssembly (0ms)
			ScanForSourceGeneratedMonoScriptInfo (0ms)
			ResolveRequiredComponents (5ms)
	FinalizeReload (893ms)
		ReleaseScriptCaches (0ms)
		RebuildScriptCaches (0ms)
		SetupLoadedEditorAssemblies (382ms)
			LogAssemblyErrors (0ms)
			InitializePlatformSupportModulesInManaged (6ms)
			SetLoadedEditorAssemblies (3ms)
			RefreshPlugins (0ms)
			BeforeProcessingInitializeOnLoad (56ms)
			ProcessInitializeOnLoadAttributes (283ms)
			ProcessInitializeOnLoadMethodAttributes (24ms)
			AfterProcessingInitializeOnLoad (10ms)
			EditorAssembliesLoaded (0ms)
		ExecutionOrderSort2 (0ms)
		AwakeInstancesAfterBackupRestoration (10ms)
Refreshing native plugins compatible for Editor in 4.84 ms, found 3 plugins.
Preloading 0 native plugins for Editor in 0.00 ms.
Unloading 3096 Unused Serialized files (Serialized files now loaded: 0)
Unloading 23 unused Assets / (31.1 KB). Loaded Objects now: 3640.
Memory consumption went from 133.6 MB to 133.6 MB.
Total: 5.235800 ms (FindLiveObjects: 0.564500 ms CreateObjectMapping: 0.166200 ms MarkObjects: 4.429500 ms  DeleteObjects: 0.073500 ms)

Prepare: number of updated asset objects reloaded= 0
AssetImportParameters requested are different than current active one (requested -> active):
  custom:container-demuxer-ogg: 62fdf1f143b41e24485cea50d1cbac27 -> 
  custom:video-codec-MediaFoundation-h265: 746d11721c4dcdbdad8f713fa42b33f4 -> 
  custom:video-decoder-ogg-theora: a1e56fd34408186e4bbccfd4996cb3dc -> 
  custom:scripting/monoscript/fileName/GemCollider.cs: 4279ecf4a5a7cfc3c403ec90057a7c33 -> 
  custom:framework-win-MediaFoundation: 216162199b28c13a410421893ffa2e32 -> 
  custom:CustomObjectIndexerAttribute: 9a22284fe3817be447336de3de66b15e -> 
  custom:container-demuxer-webm: 4f35f7cbe854078d1ac9338744f61a02 -> 
  custom:container-muxer-webm: aa71ff27fc2769a1b78a27578f13a17b -> 
  custom:video-decoder-webm-vp8: 9c59270c3fd7afecdb556c50c9e8de78 -> 
  custom:SearchIndexIgnoredProperties: e643bd26f0fe6173181afceb89e7c659 -> 
  custom:AudioImporter_EditorPlatform: d09bf68614088b80899f8185d706f6e7 -> 
  custom:video-encoder-webm-vp8: eb34c28f22e8b96e1ab97ce403110664 -> 
  custom:audio-decoder-ogg-vorbis: bf7c407c2cedff20999df2af8eb42d56 -> 
  custom:audio-encoder-webm-vorbis: bf7c407c2cedff20999df2af8eb42d56 -> 
========================================================================
Received Import Request.
  Time since last request: 275.738505 seconds.
  path: Assets/Pixel Skies DEMO/Pixel Skies 240x135px/demo02_PixelSky.png
  artifactKey: Guid(0675ce4596ea3e047879ee54f19b94a0) Importer(815301076,1909f56bfc062723c751e8b465ee728b)
Start importing Assets/Pixel Skies DEMO/Pixel Skies 240x135px/demo02_PixelSky.png using Guid(0675ce4596ea3e047879ee54f19b94a0) Importer(815301076,1909f56bfc062723c751e8b465ee728b)  -> (artifact id: 'cc45db70bede0a0defc8f9ea5752e119') in 0.096592 seconds
Number of updated asset objects reloaded before import = 0
Number of asset objects unloaded after import = 3
========================================================================
Received Import Request.
  Time since last request: 0.000043 seconds.
  path: Assets/Pixel Skies DEMO/Pixel Skies 240x135px/demo03_PixelSky.png
  artifactKey: Guid(3c522dfe25a7896468abb57f4bf0f186) Importer(815301076,1909f56bfc062723c751e8b465ee728b)
Start importing Assets/Pixel Skies DEMO/Pixel Skies 240x135px/demo03_PixelSky.png using Guid(3c522dfe25a7896468abb57f4bf0f186) Importer(815301076,1909f56bfc062723c751e8b465ee728b)  -> (artifact id: 'a24a3966a1f19bf0002e4b9e4463cb3b') in 0.037384 seconds
Number of updated asset objects reloaded before import = 0
Number of asset objects unloaded after import = 3
========================================================================
Received Import Request.
  Time since last request: 0.000051 seconds.
  path: Assets/Pixel Skies DEMO/Pixel Skies 240x135px/demo06_PixelSky.png
  artifactKey: Guid(f6cc67ab8870dda4dbc253117214730e) Importer(815301076,1909f56bfc062723c751e8b465ee728b)
Start importing Assets/Pixel Skies DEMO/Pixel Skies 240x135px/demo06_PixelSky.png using Guid(f6cc67ab8870dda4dbc253117214730e) Importer(815301076,1909f56bfc062723c751e8b465ee728b)  -> (artifact id: '4e2691f11970911ff6482054b9fe1999') in 0.031853 seconds
Number of updated asset objects reloaded before import = 0
Number of asset objects unloaded after import = 3
Editor requested this worker to shutdown with reason: Scaling down because of idle timeout
TcpMessagingSession - receive error: operation aborted. errorcode: 995, details: La operacin de E/S se anul por una salida de subproceso o por una solicitud de aplicacin.
AssetImportWorker is now disconnected from the server
Process exiting
Exiting without the bug reporter. Application will terminate with return code 0