Using pre-set license
Built from '2022.3/staging' branch; Version is '2022.3.23f1 (dbb3f7c5b5c6) revision 14398455'; Using compiler version '192829333'; Build Type 'Release'
OS: 'Windows 11  (10.0.22631) 64bit CoreSingleLanguage' Language: 'es' Physical Memory: 14197 MB
BatchMode: 1, IsHumanControllingUs: 0, StartBugReporterOnCrash: 0, Is64bit: 1, IsPro: 1

COMMAND LINE ARGUMENTS:
C:\Program Files\Unity\Hub\Editor\2022.3.23f1\Editor\Unity.exe
-adb2
-batchMode
-noUpm
-name
AssetImportWorker10
-projectPath
C:/Users/sagna/BounceTales2
-logFile
Logs/AssetImportWorker10.log
-srvPort
54652
Successfully changed project path to: C:/Users/sagna/BounceTales2
C:/Users/sagna/BounceTales2
[UnityMemory] Configuration Parameters - Can be set up in boot.config
    "memorysetup-bucket-allocator-granularity=16"
    "memorysetup-bucket-allocator-bucket-count=8"
    "memorysetup-bucket-allocator-block-size=33554432"
    "memorysetup-bucket-allocator-block-count=8"
    "memorysetup-main-allocator-block-size=16777216"
    "memorysetup-thread-allocator-block-size=16777216"
    "memorysetup-gfx-main-allocator-block-size=16777216"
    "memorysetup-gfx-thread-allocator-block-size=16777216"
    "memorysetup-cache-allocator-block-size=4194304"
    "memorysetup-typetree-allocator-block-size=2097152"
    "memorysetup-profiler-bucket-allocator-granularity=16"
    "memorysetup-profiler-bucket-allocator-bucket-count=8"
    "memorysetup-profiler-bucket-allocator-block-size=33554432"
    "memorysetup-profiler-bucket-allocator-block-count=8"
    "memorysetup-profiler-allocator-block-size=16777216"
    "memorysetup-profiler-editor-allocator-block-size=1048576"
    "memorysetup-temp-allocator-size-main=16777216"
    "memorysetup-job-temp-allocator-block-size=2097152"
    "memorysetup-job-temp-allocator-block-size-background=1048576"
    "memorysetup-job-temp-allocator-reduction-small-platforms=262144"
    "memorysetup-allocator-temp-initial-block-size-main=262144"
    "memorysetup-allocator-temp-initial-block-size-worker=262144"
    "memorysetup-temp-allocator-size-background-worker=32768"
    "memorysetup-temp-allocator-size-job-worker=262144"
    "memorysetup-temp-allocator-size-preload-manager=33554432"
    "memorysetup-temp-allocator-size-nav-mesh-worker=65536"
    "memorysetup-temp-allocator-size-audio-worker=65536"
    "memorysetup-temp-allocator-size-cloud-worker=32768"
    "memorysetup-temp-allocator-size-gi-baking-worker=262144"
    "memorysetup-temp-allocator-size-gfx=262144"
Player connection [35192] Host "[IP] 192.168.56.1 [Port] 0 [Flags] 2 [Guid] 3119355472 [EditorId] 3119355472 [Version] 1048832 [Id] WindowsEditor(7,LAPTOP-PDU398TG) [Debug] 1 [PackageName] WindowsEditor [ProjectName] Editor" joined multi-casting on [225.0.0.222:54997]...

Player connection [35192] Host "[IP] 192.168.56.1 [Port] 0 [Flags] 2 [Guid] 3119355472 [EditorId] 3119355472 [Version] 1048832 [Id] WindowsEditor(7,LAPTOP-PDU398TG) [Debug] 1 [PackageName] WindowsEditor [ProjectName] Editor" joined alternative multi-casting on [225.0.0.222:34997]...

[Physics::Module] Initialized MultithreadedJobDispatcher with 15 workers.
Refreshing native plugins compatible for Editor in 8.54 ms, found 3 plugins.
Preloading 0 native plugins for Editor in 0.00 ms.
Initialize engine version: 2022.3.23f1 (dbb3f7c5b5c6)
[Subsystems] Discovering subsystems at path C:/Program Files/Unity/Hub/Editor/2022.3.23f1/Editor/Data/Resources/UnitySubsystems
[Subsystems] Discovering subsystems at path C:/Users/sagna/BounceTales2/Assets
GfxDevice: creating device client; threaded=0; jobified=0
Direct3D:
    Version:  Direct3D 11.0 [level 11.1]
    Renderer: AMD Radeon(TM) Graphics (ID=0x164c)
    Vendor:   ATI
    VRAM:     7098 MB
    Driver:   31.0.12044.56000
Initialize mono
Mono path[0] = 'C:/Program Files/Unity/Hub/Editor/2022.3.23f1/Editor/Data/Managed'
Mono path[1] = 'C:/Program Files/Unity/Hub/Editor/2022.3.23f1/Editor/Data/MonoBleedingEdge/lib/mono/unityjit-win32'
Mono config path = 'C:/Program Files/Unity/Hub/Editor/2022.3.23f1/Editor/Data/MonoBleedingEdge/etc'
Using monoOptions --debugger-agent=transport=dt_socket,embedding=1,server=y,suspend=n,address=127.0.0.1:56628
Begin MonoManager ReloadAssembly
Registering precompiled unity dll's ...
Register platform support module: C:/Program Files/Unity/Hub/Editor/2022.3.23f1/Editor/Data/PlaybackEngines/WindowsStandaloneSupport/UnityEditor.WindowsStandalone.Extensions.dll
Registered in 0.006906 seconds.
- Loaded All Assemblies, in  0.394 seconds
Native extension for WindowsStandalone target not found
Mono: successfully reloaded assembly
- Finished resetting the current domain, in  0.296 seconds
Domain Reload Profiling: 689ms
	BeginReloadAssembly (124ms)
		ExecutionOrderSort (0ms)
		DisableScriptedObjects (0ms)
		BackupInstance (0ms)
		ReleaseScriptingObjects (0ms)
		CreateAndSetChildDomain (1ms)
	RebuildCommonClasses (39ms)
	RebuildNativeTypeToScriptingClass (11ms)
	initialDomainReloadingComplete (63ms)
	LoadAllAssembliesAndSetupDomain (154ms)
		LoadAssemblies (122ms)
		RebuildTransferFunctionScriptingTraits (0ms)
		AnalyzeDomain (153ms)
			TypeCache.Refresh (151ms)
				TypeCache.ScanAssembly (137ms)
			ScanForSourceGeneratedMonoScriptInfo (0ms)
			ResolveRequiredComponents (0ms)
	FinalizeReload (297ms)
		ReleaseScriptCaches (0ms)
		RebuildScriptCaches (0ms)
		SetupLoadedEditorAssemblies (233ms)
			LogAssemblyErrors (0ms)
			InitializePlatformSupportModulesInManaged (10ms)
			SetLoadedEditorAssemblies (8ms)
			RefreshPlugins (0ms)
			BeforeProcessingInitializeOnLoad (2ms)
			ProcessInitializeOnLoadAttributes (167ms)
			ProcessInitializeOnLoadMethodAttributes (46ms)
			AfterProcessingInitializeOnLoad (0ms)
			EditorAssembliesLoaded (0ms)
		ExecutionOrderSort2 (0ms)
		AwakeInstancesAfterBackupRestoration (0ms)
========================================================================
Worker process is ready to serve import requests
Begin MonoManager ReloadAssembly
- Loaded All Assemblies, in  0.871 seconds
Refreshing native plugins compatible for Editor in 5.34 ms, found 3 plugins.
Native extension for WindowsStandalone target not found
Package Manager log level set to [2]
[Package Manager] Server::EnsureServerProcessIsRunning -- launch failed, reason: Unity was launched with the -noUpm command-line argument
[Package Manager] UpmClient::Send -- Unable to send message (not connected to UPM process).
[Package Manager] Cannot connect to Unity Package Manager local server
Mono: successfully reloaded assembly
- Finished resetting the current domain, in  0.815 seconds
Domain Reload Profiling: 1684ms
	BeginReloadAssembly (225ms)
		ExecutionOrderSort (0ms)
		DisableScriptedObjects (6ms)
		BackupInstance (0ms)
		ReleaseScriptingObjects (0ms)
		CreateAndSetChildDomain (33ms)
	RebuildCommonClasses (45ms)
	RebuildNativeTypeToScriptingClass (16ms)
	initialDomainReloadingComplete (63ms)
	LoadAllAssembliesAndSetupDomain (521ms)
		LoadAssemblies (460ms)
		RebuildTransferFunctionScriptingTraits (0ms)
		AnalyzeDomain (206ms)
			TypeCache.Refresh (175ms)
				TypeCache.ScanAssembly (155ms)
			ScanForSourceGeneratedMonoScriptInfo (22ms)
			ResolveRequiredComponents (7ms)
	FinalizeReload (815ms)
		ReleaseScriptCaches (0ms)
		RebuildScriptCaches (0ms)
		SetupLoadedEditorAssemblies (611ms)
			LogAssemblyErrors (0ms)
			InitializePlatformSupportModulesInManaged (6ms)
			SetLoadedEditorAssemblies (7ms)
			RefreshPlugins (0ms)
			BeforeProcessingInitializeOnLoad (64ms)
			ProcessInitializeOnLoadAttributes (488ms)
			ProcessInitializeOnLoadMethodAttributes (37ms)
			AfterProcessingInitializeOnLoad (7ms)
			EditorAssembliesLoaded (0ms)
		ExecutionOrderSort2 (0ms)
		AwakeInstancesAfterBackupRestoration (7ms)
Launched and connected shader compiler UnityShaderCompiler.exe after 0.11 seconds
Refreshing native plugins compatible for Editor in 4.11 ms, found 3 plugins.
Preloading 0 native plugins for Editor in 0.00 ms.
Unloading 3117 Unused Serialized files (Serialized files now loaded: 0)
Unloading 32 unused Assets / (57.2 KB). Loaded Objects now: 3583.
Memory consumption went from 127.1 MB to 127.0 MB.
Total: 4.120600 ms (FindLiveObjects: 0.463900 ms CreateObjectMapping: 0.224200 ms MarkObjects: 3.255600 ms  DeleteObjects: 0.174500 ms)

AssetImportParameters requested are different than current active one (requested -> active):
  custom:container-demuxer-ogg: 62fdf1f143b41e24485cea50d1cbac27 -> 
  custom:video-codec-MediaFoundation-h265: 746d11721c4dcdbdad8f713fa42b33f4 -> 
  custom:video-decoder-ogg-theora: a1e56fd34408186e4bbccfd4996cb3dc -> 
  custom:scripting/monoscript/fileName/GemCollider.cs: 4279ecf4a5a7cfc3c403ec90057a7c33 -> 
  custom:framework-win-MediaFoundation: 216162199b28c13a410421893ffa2e32 -> 
  custom:CustomObjectIndexerAttribute: 9a22284fe3817be447336de3de66b15e -> 
  custom:container-demuxer-webm: 4f35f7cbe854078d1ac9338744f61a02 -> 
  custom:container-muxer-webm: aa71ff27fc2769a1b78a27578f13a17b -> 
  custom:video-decoder-webm-vp8: 9c59270c3fd7afecdb556c50c9e8de78 -> 
  custom:SearchIndexIgnoredProperties: e643bd26f0fe6173181afceb89e7c659 -> 
  custom:AudioImporter_EditorPlatform: d09bf68614088b80899f8185d706f6e7 -> 
  custom:video-encoder-webm-vp8: eb34c28f22e8b96e1ab97ce403110664 -> 
  custom:audio-decoder-ogg-vorbis: bf7c407c2cedff20999df2af8eb42d56 -> 
  custom:audio-encoder-webm-vorbis: bf7c407c2cedff20999df2af8eb42d56 -> 
========================================================================
Received Import Request.
  Time since last request: 209392.862656 seconds.
  path: Assets/WoodsLifestyle/Models/Fences/Fence_Closed_06.FBX
  artifactKey: Guid(eff2ff8331b711943a56384beb27bc73) Importer(815301076,1909f56bfc062723c751e8b465ee728b)
Start importing Assets/WoodsLifestyle/Models/Fences/Fence_Closed_06.FBX using Guid(eff2ff8331b711943a56384beb27bc73) Importer(815301076,1909f56bfc062723c751e8b465ee728b)  -> (artifact id: '8028808445f0be9525d8f883bc64af5f') in 0.229633 seconds
Number of updated asset objects reloaded before import = 0
Number of asset objects unloaded after import = 10
========================================================================
Received Import Request.
  Time since last request: 0.000046 seconds.
  path: Assets/WoodsLifestyle/Models/Fences/Fence_Full_03.FBX
  artifactKey: Guid(c3798f1d16e8a0b479e1aeafa4f56c86) Importer(815301076,1909f56bfc062723c751e8b465ee728b)
Start importing Assets/WoodsLifestyle/Models/Fences/Fence_Full_03.FBX using Guid(c3798f1d16e8a0b479e1aeafa4f56c86) Importer(815301076,1909f56bfc062723c751e8b465ee728b)  -> (artifact id: '8c44d7a6cb610654d60586904e8e30a1') in 0.031201 seconds
Number of updated asset objects reloaded before import = 0
Number of asset objects unloaded after import = 8
========================================================================
Received Import Request.
  Time since last request: 1.657504 seconds.
  path: Assets/WoodsLifestyle/Models/Fences/Fence_Open_06.FBX
  artifactKey: Guid(ca9bbfba286196a4bb58f2009ec7afaa) Importer(815301076,1909f56bfc062723c751e8b465ee728b)
Start importing Assets/WoodsLifestyle/Models/Fences/Fence_Open_06.FBX using Guid(ca9bbfba286196a4bb58f2009ec7afaa) Importer(815301076,1909f56bfc062723c751e8b465ee728b)  -> (artifact id: '94f987ba047da2d5f0bf328a683b8889') in 0.044361 seconds
Number of updated asset objects reloaded before import = 0
Number of asset objects unloaded after import = 10
========================================================================
Received Import Request.
  Time since last request: 6.360311 seconds.
  path: Assets/WoodsLifestyle/Models/Vegetation/Trees/Tree_04_c.fbx
  artifactKey: Guid(15943af1c7498d748bbf6988023d7482) Importer(815301076,1909f56bfc062723c751e8b465ee728b)
Start importing Assets/WoodsLifestyle/Models/Vegetation/Trees/Tree_04_c.fbx using Guid(15943af1c7498d748bbf6988023d7482) Importer(815301076,1909f56bfc062723c751e8b465ee728b)  -> (artifact id: '7d6a1237aef9e3006399fc1be3a65f87') in 0.048039 seconds
Number of updated asset objects reloaded before import = 0
Number of asset objects unloaded after import = 9
========================================================================
Received Import Request.
  Time since last request: 0.000023 seconds.
  path: Assets/WoodsLifestyle/Models/Vegetation/Trees/Tree_08_a.fbx
  artifactKey: Guid(89199666cf50b2d4daa0f148a55d4208) Importer(815301076,1909f56bfc062723c751e8b465ee728b)
Start importing Assets/WoodsLifestyle/Models/Vegetation/Trees/Tree_08_a.fbx using Guid(89199666cf50b2d4daa0f148a55d4208) Importer(815301076,1909f56bfc062723c751e8b465ee728b)  -> (artifact id: '726ebfd742cc1c62d491a2e09f71e81b') in 0.032489 seconds
Number of updated asset objects reloaded before import = 0
Number of asset objects unloaded after import = 9
========================================================================
Received Import Request.
  Time since last request: 0.000030 seconds.
  path: Assets/WoodsLifestyle/Models/Vegetation/Trees/Tree_07_b.fbx
  artifactKey: Guid(b8390ee5daed0404a8ce4dd35f402cf0) Importer(815301076,1909f56bfc062723c751e8b465ee728b)
Start importing Assets/WoodsLifestyle/Models/Vegetation/Trees/Tree_07_b.fbx using Guid(b8390ee5daed0404a8ce4dd35f402cf0) Importer(815301076,1909f56bfc062723c751e8b465ee728b)  -> (artifact id: '7af63a26dfea4622b50dea0fd540605c') in 0.038109 seconds
Number of updated asset objects reloaded before import = 0
Number of asset objects unloaded after import = 9
========================================================================
Received Import Request.
  Time since last request: 0.000042 seconds.
  path: Assets/WoodsLifestyle/Models/Vegetation/Trees/Tree_05_c.fbx
  artifactKey: Guid(527839874ac169f4bba3d270e84047f4) Importer(815301076,1909f56bfc062723c751e8b465ee728b)
Start importing Assets/WoodsLifestyle/Models/Vegetation/Trees/Tree_05_c.fbx using Guid(527839874ac169f4bba3d270e84047f4) Importer(815301076,1909f56bfc062723c751e8b465ee728b)  -> (artifact id: 'f3f820e6f1ab494144eff6687e212b59') in 0.038162 seconds
Number of updated asset objects reloaded before import = 0
Number of asset objects unloaded after import = 9
========================================================================
Received Import Request.
  Time since last request: 9.219586 seconds.
  path: Assets/WoodsLifestyle/Materials/BrownMat_06.mat
  artifactKey: Guid(e5d0fe8d1ecac9c4e98b445b40961485) Importer(815301076,1909f56bfc062723c751e8b465ee728b)
Start importing Assets/WoodsLifestyle/Materials/BrownMat_06.mat using Guid(e5d0fe8d1ecac9c4e98b445b40961485) Importer(815301076,1909f56bfc062723c751e8b465ee728b)  -> (artifact id: 'f0b6880574fef38c4b8b82af4513e0d7') in 0.056409 seconds
Number of updated asset objects reloaded before import = 0
Number of asset objects unloaded after import = 1
========================================================================
Received Import Request.
  Time since last request: 0.000044 seconds.
  path: Assets/WoodsLifestyle/Materials/BrownMat_13.mat
  artifactKey: Guid(4cd8ab8d6d66754428b775d16ebe464e) Importer(815301076,1909f56bfc062723c751e8b465ee728b)
Start importing Assets/WoodsLifestyle/Materials/BrownMat_13.mat using Guid(4cd8ab8d6d66754428b775d16ebe464e) Importer(815301076,1909f56bfc062723c751e8b465ee728b)  -> (artifact id: 'f67928f8e8343ff325e24e9994c0e1cb') in 0.021717 seconds
Number of updated asset objects reloaded before import = 0
Number of asset objects unloaded after import = 1
========================================================================
Received Import Request.
  Time since last request: 9.514002 seconds.
  path: Assets/WoodsLifestyle/Prefabs/Buildings/WaterTower_02.prefab
  artifactKey: Guid(e40605717bf1e7047ac99751212cd9b6) Importer(815301076,1909f56bfc062723c751e8b465ee728b)
Start importing Assets/WoodsLifestyle/Prefabs/Buildings/WaterTower_02.prefab using Guid(e40605717bf1e7047ac99751212cd9b6) Importer(815301076,1909f56bfc062723c751e8b465ee728b)  -> (artifact id: 'e718e11ad1b79b0c8b5baa4d5215cfa1') in 0.024777 seconds
Number of updated asset objects reloaded before import = 0
Number of asset objects unloaded after import = 16
========================================================================
Received Import Request.
  Time since last request: 11.413065 seconds.
  path: Assets/WoodsLifestyle/Models/Props/Interior/Book_01_d.fbx
  artifactKey: Guid(29b5e1eb1d6d3ee47a189c692178eab3) Importer(815301076,1909f56bfc062723c751e8b465ee728b)
Start importing Assets/WoodsLifestyle/Models/Props/Interior/Book_01_d.fbx using Guid(29b5e1eb1d6d3ee47a189c692178eab3) Importer(815301076,1909f56bfc062723c751e8b465ee728b)  -> (artifact id: '43cc49e1182cc244757cd64ff176299e') in 0.029043 seconds
Number of updated asset objects reloaded before import = 0
Number of asset objects unloaded after import = 9
========================================================================
Received Import Request.
  Time since last request: 0.000035 seconds.
  path: Assets/WoodsLifestyle/Models/Props/Interior/Book_03_b.fbx
  artifactKey: Guid(72270f05c0bbe824c9c8d62d95a8397b) Importer(815301076,1909f56bfc062723c751e8b465ee728b)
Start importing Assets/WoodsLifestyle/Models/Props/Interior/Book_03_b.fbx using Guid(72270f05c0bbe824c9c8d62d95a8397b) Importer(815301076,1909f56bfc062723c751e8b465ee728b)  -> (artifact id: '8ff511d5a5f1fdf28bc835a1b9200a53') in 0.031386 seconds
Number of updated asset objects reloaded before import = 0
Number of asset objects unloaded after import = 9
========================================================================
Received Import Request.
  Time since last request: 0.000053 seconds.
  path: Assets/WoodsLifestyle/Models/Props/Interior/BookOpen_01_d.fbx
  artifactKey: Guid(3905a92bfb29f4740a5adf0a829a2c6c) Importer(815301076,1909f56bfc062723c751e8b465ee728b)
Start importing Assets/WoodsLifestyle/Models/Props/Interior/BookOpen_01_d.fbx using Guid(3905a92bfb29f4740a5adf0a829a2c6c) Importer(815301076,1909f56bfc062723c751e8b465ee728b)  -> (artifact id: 'dd85d70c18dfac8a66205875648ff36f') in 0.030694 seconds
Number of updated asset objects reloaded before import = 0
Number of asset objects unloaded after import = 9
========================================================================
Received Import Request.
  Time since last request: 0.000033 seconds.
  path: Assets/WoodsLifestyle/Models/Props/Interior/BookOpen_01_b.fbx
  artifactKey: Guid(07d3790148a41e146b1d676151ef44ed) Importer(815301076,1909f56bfc062723c751e8b465ee728b)
Start importing Assets/WoodsLifestyle/Models/Props/Interior/BookOpen_01_b.fbx using Guid(07d3790148a41e146b1d676151ef44ed) Importer(815301076,1909f56bfc062723c751e8b465ee728b)  -> (artifact id: '075fa27f59b637fe9fcdaf80f9bc4bc3') in 0.040744 seconds
Number of updated asset objects reloaded before import = 0
Number of asset objects unloaded after import = 9
========================================================================
Received Import Request.
  Time since last request: 0.658807 seconds.
  path: Assets/WoodsLifestyle/Models/Boards/Board_01_b002.fbx
  artifactKey: Guid(bba3fb8f0e1708845bbeb5b021243e98) Importer(815301076,1909f56bfc062723c751e8b465ee728b)
Start importing Assets/WoodsLifestyle/Models/Boards/Board_01_b002.fbx using Guid(bba3fb8f0e1708845bbeb5b021243e98) Importer(815301076,1909f56bfc062723c751e8b465ee728b)  -> (artifact id: '3121896eb746321005aa14189ea7e248') in 0.043563 seconds
Number of updated asset objects reloaded before import = 0
Number of asset objects unloaded after import = 9
========================================================================
Received Import Request.
  Time since last request: 0.032784 seconds.
  path: Assets/WoodsLifestyle/Models/Props/Furniture/BedDouble_01.fbx
  artifactKey: Guid(74c729f20927f0345b50c794038af650) Importer(815301076,1909f56bfc062723c751e8b465ee728b)
Start importing Assets/WoodsLifestyle/Models/Props/Furniture/BedDouble_01.fbx using Guid(74c729f20927f0345b50c794038af650) Importer(815301076,1909f56bfc062723c751e8b465ee728b)  -> (artifact id: '9ef3085181139ed268e925665729011b') in 0.037225 seconds
Number of updated asset objects reloaded before import = 0
Number of asset objects unloaded after import = 9
========================================================================
Received Import Request.
  Time since last request: 0.000036 seconds.
  path: Assets/WoodsLifestyle/Models/Boards/Board_01_a002.fbx
  artifactKey: Guid(cfd8d29704aa49346ace0d25ff3d362f) Importer(815301076,1909f56bfc062723c751e8b465ee728b)
Start importing Assets/WoodsLifestyle/Models/Boards/Board_01_a002.fbx using Guid(cfd8d29704aa49346ace0d25ff3d362f) Importer(815301076,1909f56bfc062723c751e8b465ee728b)  -> (artifact id: 'd1fb5c47249b9506d889c1e8235b577b') in 0.027562 seconds
Number of updated asset objects reloaded before import = 0
Number of asset objects unloaded after import = 9
========================================================================
Received Import Request.
  Time since last request: 8.478536 seconds.
  path: Assets/WoodsLifestyle/Models/Props/General/Box_01_b.fbx
  artifactKey: Guid(13716612f57c2554e852a72522eb5601) Importer(815301076,1909f56bfc062723c751e8b465ee728b)
Start importing Assets/WoodsLifestyle/Models/Props/General/Box_01_b.fbx using Guid(13716612f57c2554e852a72522eb5601) Importer(815301076,1909f56bfc062723c751e8b465ee728b)  -> (artifact id: 'e739e004332b5e0989a052d11f1abad5') in 0.045956 seconds
Number of updated asset objects reloaded before import = 0
Number of asset objects unloaded after import = 9
========================================================================
Received Import Request.
  Time since last request: 0.416986 seconds.
  path: Assets/WoodsLifestyle/Models/Props/General/Bucket_01_b.fbx
  artifactKey: Guid(947d9556d6c22274089b048e993a1f98) Importer(815301076,1909f56bfc062723c751e8b465ee728b)
Start importing Assets/WoodsLifestyle/Models/Props/General/Bucket_01_b.fbx using Guid(947d9556d6c22274089b048e993a1f98) Importer(815301076,1909f56bfc062723c751e8b465ee728b)  -> (artifact id: '0605b06e4f6d1ed4d2da671fcc96a490') in 0.037995 seconds
Number of updated asset objects reloaded before import = 0
Number of asset objects unloaded after import = 9
========================================================================
Received Import Request.
  Time since last request: 0.038224 seconds.
  path: Assets/WoodsLifestyle/Models/Props/Furniture/Cabinet_01.fbx
  artifactKey: Guid(d5e5da9387766314d9bd43e7858aee61) Importer(815301076,1909f56bfc062723c751e8b465ee728b)
Start importing Assets/WoodsLifestyle/Models/Props/Furniture/Cabinet_01.fbx using Guid(d5e5da9387766314d9bd43e7858aee61) Importer(815301076,1909f56bfc062723c751e8b465ee728b)  -> (artifact id: '7d62ffabb9082a1b33d7873a1d1661e7') in 0.038903 seconds
Number of updated asset objects reloaded before import = 0
Number of asset objects unloaded after import = 9
========================================================================
Received Import Request.
  Time since last request: 1.452685 seconds.
  path: Assets/WoodsLifestyle/Models/Props/Interior/Candle_02_b.fbx
  artifactKey: Guid(0251b50cfad7858429a27ea4d41e5433) Importer(815301076,1909f56bfc062723c751e8b465ee728b)
Start importing Assets/WoodsLifestyle/Models/Props/Interior/Candle_02_b.fbx using Guid(0251b50cfad7858429a27ea4d41e5433) Importer(815301076,1909f56bfc062723c751e8b465ee728b)  -> (artifact id: '266532f328ac68722d5ff11fbd551789') in 0.039608 seconds
Number of updated asset objects reloaded before import = 0
Number of asset objects unloaded after import = 9
========================================================================
Received Import Request.
  Time since last request: 0.000048 seconds.
  path: Assets/WoodsLifestyle/Models/Props/Interior/Candle_03_a.fbx
  artifactKey: Guid(029e4e207b05e274184f5be5a79b8174) Importer(815301076,1909f56bfc062723c751e8b465ee728b)
Start importing Assets/WoodsLifestyle/Models/Props/Interior/Candle_03_a.fbx using Guid(029e4e207b05e274184f5be5a79b8174) Importer(815301076,1909f56bfc062723c751e8b465ee728b)  -> (artifact id: 'df5128efeccdd1cbcf95ab8f532e5f77') in 0.028262 seconds
Number of updated asset objects reloaded before import = 0
Number of asset objects unloaded after import = 9
========================================================================
Received Import Request.
  Time since last request: 0.050204 seconds.
  path: Assets/WoodsLifestyle/Models/Props/Interior/Candle_03_c.fbx
  artifactKey: Guid(897a73feb54215540ac3193ceb084519) Importer(815301076,1909f56bfc062723c751e8b465ee728b)
Start importing Assets/WoodsLifestyle/Models/Props/Interior/Candle_03_c.fbx using Guid(897a73feb54215540ac3193ceb084519) Importer(815301076,1909f56bfc062723c751e8b465ee728b)  -> (artifact id: '9d866c7a3fc75872c89d2d45b5b61fb8') in 0.031134 seconds
Number of updated asset objects reloaded before import = 0
Number of asset objects unloaded after import = 9
========================================================================
Received Import Request.
  Time since last request: 0.000030 seconds.
  path: Assets/WoodsLifestyle/Models/Props/Furniture/Chair_01.fbx
  artifactKey: Guid(ae519a414e4006d43974342e198ba96a) Importer(815301076,1909f56bfc062723c751e8b465ee728b)
Start importing Assets/WoodsLifestyle/Models/Props/Furniture/Chair_01.fbx using Guid(ae519a414e4006d43974342e198ba96a) Importer(815301076,1909f56bfc062723c751e8b465ee728b)  -> (artifact id: '7cc1fda136ef3a7b9fdad3a21bd9245f') in 0.031352 seconds
Number of updated asset objects reloaded before import = 0
Number of asset objects unloaded after import = 9
========================================================================
Received Import Request.
  Time since last request: 0.915969 seconds.
  path: Assets/WoodsLifestyle/Models/Cabins/Floors/DeckFloor_01.fbx
  artifactKey: Guid(a0627e1c173097f439a5f3073c5f7f27) Importer(815301076,1909f56bfc062723c751e8b465ee728b)
Start importing Assets/WoodsLifestyle/Models/Cabins/Floors/DeckFloor_01.fbx using Guid(a0627e1c173097f439a5f3073c5f7f27) Importer(815301076,1909f56bfc062723c751e8b465ee728b)  -> (artifact id: 'c32aca09cf2eafc8d0e8005de8e9f510') in 0.043545 seconds
Number of updated asset objects reloaded before import = 0
Number of asset objects unloaded after import = 9
========================================================================
Received Import Request.
  Time since last request: 0.685924 seconds.
  path: Assets/WoodsLifestyle/Models/Cabins/Doors/Door_04.fbx
  artifactKey: Guid(554fcdd2aa4a70142a1d276d63812a08) Importer(815301076,1909f56bfc062723c751e8b465ee728b)
Start importing Assets/WoodsLifestyle/Models/Cabins/Doors/Door_04.fbx using Guid(554fcdd2aa4a70142a1d276d63812a08) Importer(815301076,1909f56bfc062723c751e8b465ee728b)  -> (artifact id: '343e82c7e15e8f9f8dd2c09557382d28') in 0.034830 seconds
Number of updated asset objects reloaded before import = 0
Number of asset objects unloaded after import = 9
========================================================================
Received Import Request.
  Time since last request: 0.165040 seconds.
  path: Assets/WoodsLifestyle/Models/Fences/Fence_Closed_04.FBX
  artifactKey: Guid(84f002e721258ca409b2e6e5ca733444) Importer(815301076,1909f56bfc062723c751e8b465ee728b)
Start importing Assets/WoodsLifestyle/Models/Fences/Fence_Closed_04.FBX using Guid(84f002e721258ca409b2e6e5ca733444) Importer(815301076,1909f56bfc062723c751e8b465ee728b)  -> (artifact id: 'e2bc9e76fc8abbf7699c7d44cf07cde7') in 0.033437 seconds
Number of updated asset objects reloaded before import = 0
Number of asset objects unloaded after import = 10
========================================================================
Received Import Request.
  Time since last request: 7.001972 seconds.
  path: Assets/WoodsLifestyle/Models/Logs_Wood/FireWood_01.fbx
  artifactKey: Guid(bb47b2717c7c4874786ddfa976e2d091) Importer(815301076,1909f56bfc062723c751e8b465ee728b)
Start importing Assets/WoodsLifestyle/Models/Logs_Wood/FireWood_01.fbx using Guid(bb47b2717c7c4874786ddfa976e2d091) Importer(815301076,1909f56bfc062723c751e8b465ee728b)  -> (artifact id: '93c6f09802af99b23fa39b37470f08b9') in 0.040738 seconds
Number of updated asset objects reloaded before import = 0
Number of asset objects unloaded after import = 9
========================================================================
Received Import Request.
  Time since last request: 0.613757 seconds.
  path: Assets/WoodsLifestyle/Models/Cabins/Floors/Floor_01_b.fbx
  artifactKey: Guid(184bbd7a4e6a13b49bba4bb0bb8b64b3) Importer(815301076,1909f56bfc062723c751e8b465ee728b)
Start importing Assets/WoodsLifestyle/Models/Cabins/Floors/Floor_01_b.fbx using Guid(184bbd7a4e6a13b49bba4bb0bb8b64b3) Importer(815301076,1909f56bfc062723c751e8b465ee728b)  -> (artifact id: 'fef226d74171bc349f98f1cb20a990cd') in 0.036716 seconds
Number of updated asset objects reloaded before import = 0
Number of asset objects unloaded after import = 9
========================================================================
Received Import Request.
  Time since last request: 0.047272 seconds.
  path: Assets/WoodsLifestyle/Models/Vegetation/Flowers/Flower_c_a_01.fbx
  artifactKey: Guid(d4560253a9104084195ae02511650121) Importer(815301076,1909f56bfc062723c751e8b465ee728b)
Start importing Assets/WoodsLifestyle/Models/Vegetation/Flowers/Flower_c_a_01.fbx using Guid(d4560253a9104084195ae02511650121) Importer(815301076,1909f56bfc062723c751e8b465ee728b)  -> (artifact id: 'de22debaa89d4c8e274223832ed71b01') in 0.045018 seconds
Number of updated asset objects reloaded before import = 0
Number of asset objects unloaded after import = 10
========================================================================
Received Import Request.
  Time since last request: 0.524302 seconds.
  path: Assets/WoodsLifestyle/Models/Vegetation/Grass/Grass_a_04.fbx
  artifactKey: Guid(3fa80e66608fa484d807c37b1174db90) Importer(815301076,1909f56bfc062723c751e8b465ee728b)
Start importing Assets/WoodsLifestyle/Models/Vegetation/Grass/Grass_a_04.fbx using Guid(3fa80e66608fa484d807c37b1174db90) Importer(815301076,1909f56bfc062723c751e8b465ee728b)  -> (artifact id: '4e2c158102e3c5dc9ee5bfdbe2745039') in 0.037438 seconds
Number of updated asset objects reloaded before import = 0
Number of asset objects unloaded after import = 8
========================================================================
Received Import Request.
  Time since last request: 0.050116 seconds.
  path: Assets/WoodsLifestyle/Models/Props/Water/Jetty/JettiBoard_01_a.fbx
  artifactKey: Guid(116dcdac0421b4a4f8441b5231d45c58) Importer(815301076,1909f56bfc062723c751e8b465ee728b)
Start importing Assets/WoodsLifestyle/Models/Props/Water/Jetty/JettiBoard_01_a.fbx using Guid(116dcdac0421b4a4f8441b5231d45c58) Importer(815301076,1909f56bfc062723c751e8b465ee728b)  -> (artifact id: '2795b7e0ba7b72fce51bbb8d2a603ccc') in 0.041709 seconds
Number of updated asset objects reloaded before import = 0
Number of asset objects unloaded after import = 9
========================================================================
Received Import Request.
  Time since last request: 1.309882 seconds.
  path: Assets/WoodsLifestyle/Models/Props/Water/Jetty/JettiBoard_Turn_01_a.fbx
  artifactKey: Guid(2a67e57fee057594bab760d523cf6816) Importer(815301076,1909f56bfc062723c751e8b465ee728b)
Start importing Assets/WoodsLifestyle/Models/Props/Water/Jetty/JettiBoard_Turn_01_a.fbx using Guid(2a67e57fee057594bab760d523cf6816) Importer(815301076,1909f56bfc062723c751e8b465ee728b)  -> (artifact id: 'f229dda258fd1d71266a84b109eaedd9') in 0.034353 seconds
Number of updated asset objects reloaded before import = 0
Number of asset objects unloaded after import = 9
========================================================================
Received Import Request.
  Time since last request: 0.000031 seconds.
  path: Assets/WoodsLifestyle/Models/Props/Furniture/KitchenTable_01.fbx
  artifactKey: Guid(5171f178c01c46f48a6da7a86867c4fe) Importer(815301076,1909f56bfc062723c751e8b465ee728b)
Start importing Assets/WoodsLifestyle/Models/Props/Furniture/KitchenTable_01.fbx using Guid(5171f178c01c46f48a6da7a86867c4fe) Importer(815301076,1909f56bfc062723c751e8b465ee728b)  -> (artifact id: '60e86950c135c49ffd526d387ac47d5a') in 0.032628 seconds
Number of updated asset objects reloaded before import = 0
Number of asset objects unloaded after import = 9
========================================================================
Received Import Request.
  Time since last request: 0.107771 seconds.
  path: Assets/WoodsLifestyle/Models/Props/Interior/Lamp_01_a.fbx
  artifactKey: Guid(dcb425397a1eacb418a988036a362221) Importer(815301076,1909f56bfc062723c751e8b465ee728b)
Start importing Assets/WoodsLifestyle/Models/Props/Interior/Lamp_01_a.fbx using Guid(dcb425397a1eacb418a988036a362221) Importer(815301076,1909f56bfc062723c751e8b465ee728b)  -> (artifact id: '8b66e0f9a085e4d41044952008f82598') in 0.037492 seconds
Number of updated asset objects reloaded before import = 0
Number of asset objects unloaded after import = 9
========================================================================
Received Import Request.
  Time since last request: 0.000031 seconds.
  path: Assets/WoodsLifestyle/Models/Props/Interior/Lamp_01_d.fbx
  artifactKey: Guid(8d4efb8568e12eb47841bcdf71392fcb) Importer(815301076,1909f56bfc062723c751e8b465ee728b)
Start importing Assets/WoodsLifestyle/Models/Props/Interior/Lamp_01_d.fbx using Guid(8d4efb8568e12eb47841bcdf71392fcb) Importer(815301076,1909f56bfc062723c751e8b465ee728b)  -> (artifact id: 'f621bea0d3306bd3d55b63d9837a7f5f') in 0.030094 seconds
Number of updated asset objects reloaded before import = 0
Number of asset objects unloaded after import = 9
========================================================================
Received Import Request.
  Time since last request: 0.666087 seconds.
  path: Assets/WoodsLifestyle/Models/Props/Exterior/LightPost_01.fbx
  artifactKey: Guid(b98185666e2db154a9e9012d6270c56b) Importer(815301076,1909f56bfc062723c751e8b465ee728b)
Start importing Assets/WoodsLifestyle/Models/Props/Exterior/LightPost_01.fbx using Guid(b98185666e2db154a9e9012d6270c56b) Importer(815301076,1909f56bfc062723c751e8b465ee728b)  -> (artifact id: '2426638d54bec9fc8c4ce073c0185d23') in 0.035174 seconds
Number of updated asset objects reloaded before import = 0
Number of asset objects unloaded after import = 9
========================================================================
Received Import Request.
  Time since last request: 0.000036 seconds.
  path: Assets/WoodsLifestyle/Models/Logs_Wood/LogHeap_01_b.fbx
  artifactKey: Guid(b69b231b6ce3a37418c87345ba8cee59) Importer(815301076,1909f56bfc062723c751e8b465ee728b)
Start importing Assets/WoodsLifestyle/Models/Logs_Wood/LogHeap_01_b.fbx using Guid(b69b231b6ce3a37418c87345ba8cee59) Importer(815301076,1909f56bfc062723c751e8b465ee728b)  -> (artifact id: '792dbf0a9e92018a2df4ba6a47438d32') in 0.033601 seconds
Number of updated asset objects reloaded before import = 0
Number of asset objects unloaded after import = 9
========================================================================
Received Import Request.
  Time since last request: 0.617693 seconds.
  path: Assets/WoodsLifestyle/Models/Logs_Wood/LogHeap_02_b.fbx
  artifactKey: Guid(43507009ef08f1f42aa8545e7c1b9277) Importer(815301076,1909f56bfc062723c751e8b465ee728b)
Start importing Assets/WoodsLifestyle/Models/Logs_Wood/LogHeap_02_b.fbx using Guid(43507009ef08f1f42aa8545e7c1b9277) Importer(815301076,1909f56bfc062723c751e8b465ee728b)  -> (artifact id: 'c886d30955e3a243e18e9417d3c37475') in 0.047756 seconds
Number of updated asset objects reloaded before import = 0
Number of asset objects unloaded after import = 9
========================================================================
Received Import Request.
  Time since last request: 0.136296 seconds.
  path: Assets/WoodsLifestyle/Models/Vegetation/Mushrooms/Mushroom_c_a_02.fbx
  artifactKey: Guid(f329f4189d228ab4da8be1829686864f) Importer(815301076,1909f56bfc062723c751e8b465ee728b)
Start importing Assets/WoodsLifestyle/Models/Vegetation/Mushrooms/Mushroom_c_a_02.fbx using Guid(f329f4189d228ab4da8be1829686864f) Importer(815301076,1909f56bfc062723c751e8b465ee728b)  -> (artifact id: '732da39dee465c81ca5aabe5a2ef091d') in 0.067210 seconds
Number of updated asset objects reloaded before import = 0
Number of asset objects unloaded after import = 9
========================================================================
Received Import Request.
  Time since last request: 2.144906 seconds.
  path: Assets/WoodsLifestyle/Models/Boards/Palnk_02_a002.fbx
  artifactKey: Guid(60e913bb49bf6c649aad83aad37bafbd) Importer(815301076,1909f56bfc062723c751e8b465ee728b)
Start importing Assets/WoodsLifestyle/Models/Boards/Palnk_02_a002.fbx using Guid(60e913bb49bf6c649aad83aad37bafbd) Importer(815301076,1909f56bfc062723c751e8b465ee728b)  -> (artifact id: '2487eb7f85cffe1fb7614dceafb46933') in 0.043019 seconds
Number of updated asset objects reloaded before import = 0
Number of asset objects unloaded after import = 9
========================================================================
Received Import Request.
  Time since last request: 0.000040 seconds.
  path: Assets/WoodsLifestyle/Models/Boards/Plank_01_a.fbx
  artifactKey: Guid(c316da87e22897c4ab2f4f244f711917) Importer(815301076,1909f56bfc062723c751e8b465ee728b)
Start importing Assets/WoodsLifestyle/Models/Boards/Plank_01_a.fbx using Guid(c316da87e22897c4ab2f4f244f711917) Importer(815301076,1909f56bfc062723c751e8b465ee728b)  -> (artifact id: '85f319ef5ae6b0f549c1dd78fbec82f2') in 0.041586 seconds
Number of updated asset objects reloaded before import = 0
Number of asset objects unloaded after import = 9
========================================================================
Received Import Request.
  Time since last request: 0.040842 seconds.
  path: Assets/WoodsLifestyle/Models/Boards/Plank_03_a.fbx
  artifactKey: Guid(821679f0fdfbbba458c34d4c2dc75a80) Importer(815301076,1909f56bfc062723c751e8b465ee728b)
Start importing Assets/WoodsLifestyle/Models/Boards/Plank_03_a.fbx using Guid(821679f0fdfbbba458c34d4c2dc75a80) Importer(815301076,1909f56bfc062723c751e8b465ee728b)  -> (artifact id: '1b982d3db1bdbc5dee2a72ba42cbbbdd') in 0.062659 seconds
Number of updated asset objects reloaded before import = 0
Number of asset objects unloaded after import = 9
========================================================================
Received Import Request.
  Time since last request: 0.615751 seconds.
  path: Assets/WoodsLifestyle/Models/Vegetation/Plants/Plant_d_02.fbx
  artifactKey: Guid(459fe7323effa1d4a9883e458c800d8b) Importer(815301076,1909f56bfc062723c751e8b465ee728b)
Start importing Assets/WoodsLifestyle/Models/Vegetation/Plants/Plant_d_02.fbx using Guid(459fe7323effa1d4a9883e458c800d8b) Importer(815301076,1909f56bfc062723c751e8b465ee728b)  -> (artifact id: '8c8a989682410bc9da5ea4155010c6b6') in 0.041953 seconds
Number of updated asset objects reloaded before import = 0
Number of asset objects unloaded after import = 8
========================================================================
Received Import Request.
  Time since last request: 3.784989 seconds.
  path: Assets/WoodsLifestyle/Models/Rocks/Rock_01_a.fbx
  artifactKey: Guid(134dbe6ed9bf2db4dad37b1db84e5160) Importer(815301076,1909f56bfc062723c751e8b465ee728b)
Start importing Assets/WoodsLifestyle/Models/Rocks/Rock_01_a.fbx using Guid(134dbe6ed9bf2db4dad37b1db84e5160) Importer(815301076,1909f56bfc062723c751e8b465ee728b)  -> (artifact id: '52422accd128f54131e37070351fb085') in 0.033403 seconds
Number of updated asset objects reloaded before import = 0
Number of asset objects unloaded after import = 9
========================================================================
Received Import Request.
  Time since last request: 0.000023 seconds.
  path: Assets/WoodsLifestyle/Models/Rocks/Rock_01_d.fbx
  artifactKey: Guid(d1a962341e285304da40781019afaa9d) Importer(815301076,1909f56bfc062723c751e8b465ee728b)
Start importing Assets/WoodsLifestyle/Models/Rocks/Rock_01_d.fbx using Guid(d1a962341e285304da40781019afaa9d) Importer(815301076,1909f56bfc062723c751e8b465ee728b)  -> (artifact id: '6e96fea7f3ca0ba6022b775f66b3c67a') in 0.029691 seconds
Number of updated asset objects reloaded before import = 0
Number of asset objects unloaded after import = 9
========================================================================
Received Import Request.
  Time since last request: 1.435825 seconds.
  path: Assets/WoodsLifestyle/Models/Rocks/Rock_01_f.fbx
  artifactKey: Guid(dcf1fbf6c98912544996b70bc9fb3e85) Importer(815301076,1909f56bfc062723c751e8b465ee728b)
Start importing Assets/WoodsLifestyle/Models/Rocks/Rock_01_f.fbx using Guid(dcf1fbf6c98912544996b70bc9fb3e85) Importer(815301076,1909f56bfc062723c751e8b465ee728b)  -> (artifact id: '0e158f30963be4d102f59b5a2a54ce05') in 0.035636 seconds
Number of updated asset objects reloaded before import = 0
Number of asset objects unloaded after import = 9
========================================================================
Received Import Request.
  Time since last request: 0.000025 seconds.
  path: Assets/WoodsLifestyle/Models/Rocks/Rock_02_c.fbx
  artifactKey: Guid(62c344ec0aeeda348a453e242f824a66) Importer(815301076,1909f56bfc062723c751e8b465ee728b)
Start importing Assets/WoodsLifestyle/Models/Rocks/Rock_02_c.fbx using Guid(62c344ec0aeeda348a453e242f824a66) Importer(815301076,1909f56bfc062723c751e8b465ee728b)  -> (artifact id: '92e8dad5225e725e7dc02a790fdc8910') in 0.030802 seconds
Number of updated asset objects reloaded before import = 0
Number of asset objects unloaded after import = 9
========================================================================
Received Import Request.
  Time since last request: 0.303867 seconds.
  path: Assets/WoodsLifestyle/Models/Rocks/Rock_02_e.fbx
  artifactKey: Guid(5a16db2e3eb853f4994ce3c57bdf39c8) Importer(815301076,1909f56bfc062723c751e8b465ee728b)
Start importing Assets/WoodsLifestyle/Models/Rocks/Rock_02_e.fbx using Guid(5a16db2e3eb853f4994ce3c57bdf39c8) Importer(815301076,1909f56bfc062723c751e8b465ee728b)  -> (artifact id: '99b3fc577c9c7a30bf20df7da944b53e') in 0.031910 seconds
Number of updated asset objects reloaded before import = 0
Number of asset objects unloaded after import = 9
========================================================================
Received Import Request.
  Time since last request: 0.000032 seconds.
  path: Assets/WoodsLifestyle/Models/Rocks/Rock_03_c.fbx
  artifactKey: Guid(b90a50dc45489ba4282fbe4e8316a9e0) Importer(815301076,1909f56bfc062723c751e8b465ee728b)
Start importing Assets/WoodsLifestyle/Models/Rocks/Rock_03_c.fbx using Guid(b90a50dc45489ba4282fbe4e8316a9e0) Importer(815301076,1909f56bfc062723c751e8b465ee728b)  -> (artifact id: '02d3c6d2d3803a170e4312c8c9767266') in 0.036635 seconds
Number of updated asset objects reloaded before import = 0
Number of asset objects unloaded after import = 9
========================================================================
Received Import Request.
  Time since last request: 0.478647 seconds.
  path: Assets/WoodsLifestyle/Models/Rocks/RockBarrier_01_b.fbx
  artifactKey: Guid(a0689f0bb99dd8b4fb033e9056efade0) Importer(815301076,1909f56bfc062723c751e8b465ee728b)
Start importing Assets/WoodsLifestyle/Models/Rocks/RockBarrier_01_b.fbx using Guid(a0689f0bb99dd8b4fb033e9056efade0) Importer(815301076,1909f56bfc062723c751e8b465ee728b)  -> (artifact id: 'a2ad68d6296f6b49385acb0686f62c37') in 0.035487 seconds
Number of updated asset objects reloaded before import = 0
Number of asset objects unloaded after import = 9
========================================================================
Received Import Request.
  Time since last request: 0.028782 seconds.
  path: Assets/WoodsLifestyle/Models/Cabins/Roofs/Roof_01_b.fbx
  artifactKey: Guid(5b8ca27d42df5dd4cbabf59f45cf8774) Importer(815301076,1909f56bfc062723c751e8b465ee728b)
Start importing Assets/WoodsLifestyle/Models/Cabins/Roofs/Roof_01_b.fbx using Guid(5b8ca27d42df5dd4cbabf59f45cf8774) Importer(815301076,1909f56bfc062723c751e8b465ee728b)  -> (artifact id: 'df35361b1478261f260800e41bb6a57d') in 0.031644 seconds
Number of updated asset objects reloaded before import = 0
Number of asset objects unloaded after import = 9
========================================================================
Received Import Request.
  Time since last request: 0.000031 seconds.
  path: Assets/WoodsLifestyle/Models/Props/Water/RowBoat_01_b.fbx
  artifactKey: Guid(cc7b39c76fcfe3d42a95d059afae973a) Importer(815301076,1909f56bfc062723c751e8b465ee728b)
Start importing Assets/WoodsLifestyle/Models/Props/Water/RowBoat_01_b.fbx using Guid(cc7b39c76fcfe3d42a95d059afae973a) Importer(815301076,1909f56bfc062723c751e8b465ee728b)  -> (artifact id: 'a1c7fffbc3c77efe2fdac6622a3e36b5') in 0.027119 seconds
Number of updated asset objects reloaded before import = 0
Number of asset objects unloaded after import = 9
========================================================================
Received Import Request.
  Time since last request: 0.350368 seconds.
  path: Assets/WoodsLifestyle/Models/Props/Water/RowBoat_01_d.fbx
  artifactKey: Guid(e20f5d4726c78d24d8d668a2b3c8c9dd) Importer(815301076,1909f56bfc062723c751e8b465ee728b)
Start importing Assets/WoodsLifestyle/Models/Props/Water/RowBoat_01_d.fbx using Guid(e20f5d4726c78d24d8d668a2b3c8c9dd) Importer(815301076,1909f56bfc062723c751e8b465ee728b)  -> (artifact id: '7841d8946e4fa5ff109cf3b62c42e881') in 0.036148 seconds
Number of updated asset objects reloaded before import = 0
Number of asset objects unloaded after import = 9
========================================================================
Received Import Request.
  Time since last request: 0.397838 seconds.
  path: Assets/WoodsLifestyle/Models/Props/Exterior/SignPost_01_a.fbx
  artifactKey: Guid(ebc2d9f1f3db66a41a7497423e6ac6d0) Importer(815301076,1909f56bfc062723c751e8b465ee728b)
Start importing Assets/WoodsLifestyle/Models/Props/Exterior/SignPost_01_a.fbx using Guid(ebc2d9f1f3db66a41a7497423e6ac6d0) Importer(815301076,1909f56bfc062723c751e8b465ee728b)  -> (artifact id: 'c1f74def2e695bf77fa499bb023192da') in 0.056155 seconds
Number of updated asset objects reloaded before import = 0
Number of asset objects unloaded after import = 9
========================================================================
Received Import Request.
  Time since last request: 0.762643 seconds.
  path: Assets/WoodsLifestyle/Models/Props/Exterior/Stand_01.fbx
  artifactKey: Guid(f0b6cddeeb09c5648a1bfcf3e2ff42f2) Importer(815301076,1909f56bfc062723c751e8b465ee728b)
Start importing Assets/WoodsLifestyle/Models/Props/Exterior/Stand_01.fbx using Guid(f0b6cddeeb09c5648a1bfcf3e2ff42f2) Importer(815301076,1909f56bfc062723c751e8b465ee728b)  -> (artifact id: 'f464c826422c2e7edd2989e1f5f59eb1') in 0.030397 seconds
Number of updated asset objects reloaded before import = 0
Number of asset objects unloaded after import = 9
========================================================================
Received Import Request.
  Time since last request: 0.461922 seconds.
  path: Assets/WoodsLifestyle/Models/Vegetation/Sticks/Stick_01_a.fbx
  artifactKey: Guid(d21060164a498744297d1bb7f728fe96) Importer(815301076,1909f56bfc062723c751e8b465ee728b)
Start importing Assets/WoodsLifestyle/Models/Vegetation/Sticks/Stick_01_a.fbx using Guid(d21060164a498744297d1bb7f728fe96) Importer(815301076,1909f56bfc062723c751e8b465ee728b)  -> (artifact id: '8db8afc47d35f4dd567c4b95db2cd1a8') in 0.048303 seconds
Number of updated asset objects reloaded before import = 0
Number of asset objects unloaded after import = 8
========================================================================
Received Import Request.
  Time since last request: 0.040408 seconds.
  path: Assets/WoodsLifestyle/Models/Props/Furniture/Stool_01.fbx
  artifactKey: Guid(7ced832f1214bc4419445ed54db5ae6d) Importer(815301076,1909f56bfc062723c751e8b465ee728b)
Start importing Assets/WoodsLifestyle/Models/Props/Furniture/Stool_01.fbx using Guid(7ced832f1214bc4419445ed54db5ae6d) Importer(815301076,1909f56bfc062723c751e8b465ee728b)  -> (artifact id: 'fb7ec8a47314a31903db2fa1d3f2f23d') in 0.063699 seconds
Number of updated asset objects reloaded before import = 0
Number of asset objects unloaded after import = 9
========================================================================
Received Import Request.
  Time since last request: 0.451713 seconds.
  path: Assets/WoodsLifestyle/Models/Props/Furniture/Table_01_b.fbx
  artifactKey: Guid(11f54cf6386c0ab4cb11f9d2b484a8a1) Importer(815301076,1909f56bfc062723c751e8b465ee728b)
Start importing Assets/WoodsLifestyle/Models/Props/Furniture/Table_01_b.fbx using Guid(11f54cf6386c0ab4cb11f9d2b484a8a1) Importer(815301076,1909f56bfc062723c751e8b465ee728b)  -> (artifact id: '76fa59f5b35dba310b177888f8ca4714') in 0.040571 seconds
Number of updated asset objects reloaded before import = 0
Number of asset objects unloaded after import = 9
========================================================================
Received Import Request.
  Time since last request: 0.039637 seconds.
  path: Assets/WoodsLifestyle/Models/Props/WaterTowers/Tower_01.fbx
  artifactKey: Guid(afceab1db8256044b961e2acbedc9134) Importer(815301076,1909f56bfc062723c751e8b465ee728b)
Start importing Assets/WoodsLifestyle/Models/Props/WaterTowers/Tower_01.fbx using Guid(afceab1db8256044b961e2acbedc9134) Importer(815301076,1909f56bfc062723c751e8b465ee728b)  -> (artifact id: '43f411402693a5445dc76707dee891bf') in 0.044193 seconds
Number of updated asset objects reloaded before import = 0
Number of asset objects unloaded after import = 9
========================================================================
Received Import Request.
  Time since last request: 0.615627 seconds.
  path: Assets/WoodsLifestyle/Models/Vegetation/Trees/Tree_01_c.fbx
  artifactKey: Guid(1a3aaa238065992479bafe2f76aeebb1) Importer(815301076,1909f56bfc062723c751e8b465ee728b)
Start importing Assets/WoodsLifestyle/Models/Vegetation/Trees/Tree_01_c.fbx using Guid(1a3aaa238065992479bafe2f76aeebb1) Importer(815301076,1909f56bfc062723c751e8b465ee728b)  -> (artifact id: '38c460382387bae8e1f3c7a718f6032a') in 0.047808 seconds
Number of updated asset objects reloaded before import = 0
Number of asset objects unloaded after import = 9
========================================================================
Received Import Request.
  Time since last request: 0.029251 seconds.
  path: Assets/WoodsLifestyle/Models/Vegetation/Trees/Tree_03_b.fbx
  artifactKey: Guid(ed730ea1c0f17534aae2b1e3ffcd0fff) Importer(815301076,1909f56bfc062723c751e8b465ee728b)
Start importing Assets/WoodsLifestyle/Models/Vegetation/Trees/Tree_03_b.fbx using Guid(ed730ea1c0f17534aae2b1e3ffcd0fff) Importer(815301076,1909f56bfc062723c751e8b465ee728b)  -> (artifact id: '9caea4838380b849c8a200aebb159012') in 0.037147 seconds
Number of updated asset objects reloaded before import = 0
Number of asset objects unloaded after import = 9
========================================================================
Received Import Request.
  Time since last request: 3.303135 seconds.
  path: Assets/WoodsLifestyle/Models/Vegetation/Trees/Tree_10_a.fbx
  artifactKey: Guid(d642bdb2862b6664191fa636b60b4678) Importer(815301076,1909f56bfc062723c751e8b465ee728b)
Start importing Assets/WoodsLifestyle/Models/Vegetation/Trees/Tree_10_a.fbx using Guid(d642bdb2862b6664191fa636b60b4678) Importer(815301076,1909f56bfc062723c751e8b465ee728b)  -> (artifact id: 'c1f3324e1a7402af62cef04ed8fb022e') in 0.027751 seconds
Number of updated asset objects reloaded before import = 0
Number of asset objects unloaded after import = 9
========================================================================
Received Import Request.
  Time since last request: 0.000029 seconds.
  path: Assets/WoodsLifestyle/Models/Vegetation/Trees/Tree_11_a.fbx
  artifactKey: Guid(1844a18f1dc23594a9f2ac80a71b3b71) Importer(815301076,1909f56bfc062723c751e8b465ee728b)
Start importing Assets/WoodsLifestyle/Models/Vegetation/Trees/Tree_11_a.fbx using Guid(1844a18f1dc23594a9f2ac80a71b3b71) Importer(815301076,1909f56bfc062723c751e8b465ee728b)  -> (artifact id: '935518551758700d02ff3b734cd47d3e') in 0.039414 seconds
Number of updated asset objects reloaded before import = 0
Number of asset objects unloaded after import = 9
========================================================================
Received Prepare
Begin MonoManager ReloadAssembly
- Loaded All Assemblies, in  0.550 seconds
Refreshing native plugins compatible for Editor in 4.43 ms, found 3 plugins.
Native extension for WindowsStandalone target not found
[Package Manager] Server::EnsureServerProcessIsRunning -- launch failed, reason: Unity was launched with the -noUpm command-line argument
[Package Manager] UpmClient::Send -- Unable to send message (not connected to UPM process).
[Package Manager] Cannot connect to Unity Package Manager local server
Mono: successfully reloaded assembly
- Finished resetting the current domain, in  1.511 seconds
Domain Reload Profiling: 2059ms
	BeginReloadAssembly (178ms)
		ExecutionOrderSort (0ms)
		DisableScriptedObjects (4ms)
		BackupInstance (0ms)
		ReleaseScriptingObjects (0ms)
		CreateAndSetChildDomain (40ms)
	RebuildCommonClasses (46ms)
	RebuildNativeTypeToScriptingClass (12ms)
	initialDomainReloadingComplete (31ms)
	LoadAllAssembliesAndSetupDomain (279ms)
		LoadAssemblies (360ms)
		RebuildTransferFunctionScriptingTraits (0ms)
		AnalyzeDomain (21ms)
			TypeCache.Refresh (10ms)
				TypeCache.ScanAssembly (0ms)
			ScanForSourceGeneratedMonoScriptInfo (0ms)
			ResolveRequiredComponents (9ms)
	FinalizeReload (1513ms)
		ReleaseScriptCaches (0ms)
		RebuildScriptCaches (0ms)
		SetupLoadedEditorAssemblies (784ms)
			LogAssemblyErrors (0ms)
			InitializePlatformSupportModulesInManaged (12ms)
			SetLoadedEditorAssemblies (10ms)
			RefreshPlugins (0ms)
			BeforeProcessingInitializeOnLoad (111ms)
			ProcessInitializeOnLoadAttributes (593ms)
			ProcessInitializeOnLoadMethodAttributes (44ms)
			AfterProcessingInitializeOnLoad (14ms)
			EditorAssembliesLoaded (0ms)
		ExecutionOrderSort2 (0ms)
		AwakeInstancesAfterBackupRestoration (16ms)
Refreshing native plugins compatible for Editor in 6.54 ms, found 3 plugins.
Preloading 0 native plugins for Editor in 0.00 ms.
Unloading 3095 Unused Serialized files (Serialized files now loaded: 0)
Unloading 23 unused Assets / (31.1 KB). Loaded Objects now: 3630.
Memory consumption went from 129.5 MB to 129.5 MB.
Total: 6.189600 ms (FindLiveObjects: 0.643000 ms CreateObjectMapping: 0.353800 ms MarkObjects: 5.062300 ms  DeleteObjects: 0.128200 ms)

Prepare: number of updated asset objects reloaded= 0
AssetImportParameters requested are different than current active one (requested -> active):
  custom:container-demuxer-ogg: 62fdf1f143b41e24485cea50d1cbac27 -> 
  custom:video-codec-MediaFoundation-h265: 746d11721c4dcdbdad8f713fa42b33f4 -> 
  custom:video-decoder-ogg-theora: a1e56fd34408186e4bbccfd4996cb3dc -> 
  custom:scripting/monoscript/fileName/GemCollider.cs: 4279ecf4a5a7cfc3c403ec90057a7c33 -> 
  custom:framework-win-MediaFoundation: 216162199b28c13a410421893ffa2e32 -> 
  custom:CustomObjectIndexerAttribute: 9a22284fe3817be447336de3de66b15e -> 
  custom:container-demuxer-webm: 4f35f7cbe854078d1ac9338744f61a02 -> 
  custom:container-muxer-webm: aa71ff27fc2769a1b78a27578f13a17b -> 
  custom:video-decoder-webm-vp8: 9c59270c3fd7afecdb556c50c9e8de78 -> 
  custom:SearchIndexIgnoredProperties: e643bd26f0fe6173181afceb89e7c659 -> 
  custom:AudioImporter_EditorPlatform: d09bf68614088b80899f8185d706f6e7 -> 
  custom:video-encoder-webm-vp8: eb34c28f22e8b96e1ab97ce403110664 -> 
  custom:audio-decoder-ogg-vorbis: bf7c407c2cedff20999df2af8eb42d56 -> 
  custom:audio-encoder-webm-vorbis: bf7c407c2cedff20999df2af8eb42d56 -> 
========================================================================
Received Prepare
Begin MonoManager ReloadAssembly
- Loaded All Assemblies, in  0.458 seconds
Refreshing native plugins compatible for Editor in 4.04 ms, found 3 plugins.
Native extension for WindowsStandalone target not found
[Package Manager] Server::EnsureServerProcessIsRunning -- launch failed, reason: Unity was launched with the -noUpm command-line argument
[Package Manager] UpmClient::Send -- Unable to send message (not connected to UPM process).
[Package Manager] Cannot connect to Unity Package Manager local server
Mono: successfully reloaded assembly
- Finished resetting the current domain, in  1.150 seconds
Domain Reload Profiling: 1605ms
	BeginReloadAssembly (154ms)
		ExecutionOrderSort (0ms)
		DisableScriptedObjects (5ms)
		BackupInstance (0ms)
		ReleaseScriptingObjects (0ms)
		CreateAndSetChildDomain (37ms)
	RebuildCommonClasses (33ms)
	RebuildNativeTypeToScriptingClass (11ms)
	initialDomainReloadingComplete (37ms)
	LoadAllAssembliesAndSetupDomain (219ms)
		LoadAssemblies (286ms)
		RebuildTransferFunctionScriptingTraits (0ms)
		AnalyzeDomain (14ms)
			TypeCache.Refresh (7ms)
				TypeCache.ScanAssembly (0ms)
			ScanForSourceGeneratedMonoScriptInfo (0ms)
			ResolveRequiredComponents (6ms)
	FinalizeReload (1151ms)
		ReleaseScriptCaches (0ms)
		RebuildScriptCaches (0ms)
		SetupLoadedEditorAssemblies (600ms)
			LogAssemblyErrors (0ms)
			InitializePlatformSupportModulesInManaged (6ms)
			SetLoadedEditorAssemblies (6ms)
			RefreshPlugins (0ms)
			BeforeProcessingInitializeOnLoad (82ms)
			ProcessInitializeOnLoadAttributes (460ms)
			ProcessInitializeOnLoadMethodAttributes (36ms)
			AfterProcessingInitializeOnLoad (10ms)
			EditorAssembliesLoaded (0ms)
		ExecutionOrderSort2 (0ms)
		AwakeInstancesAfterBackupRestoration (11ms)
Refreshing native plugins compatible for Editor in 4.97 ms, found 3 plugins.
Preloading 0 native plugins for Editor in 0.00 ms.
Unloading 3096 Unused Serialized files (Serialized files now loaded: 0)
Unloading 23 unused Assets / (31.1 KB). Loaded Objects now: 3633.
Memory consumption went from 131.7 MB to 131.6 MB.
Total: 4.762500 ms (FindLiveObjects: 0.701500 ms CreateObjectMapping: 0.112600 ms MarkObjects: 3.854100 ms  DeleteObjects: 0.092000 ms)

Prepare: number of updated asset objects reloaded= 0
AssetImportParameters requested are different than current active one (requested -> active):
  custom:container-demuxer-ogg: 62fdf1f143b41e24485cea50d1cbac27 -> 
  custom:video-codec-MediaFoundation-h265: 746d11721c4dcdbdad8f713fa42b33f4 -> 
  custom:video-decoder-ogg-theora: a1e56fd34408186e4bbccfd4996cb3dc -> 
  custom:scripting/monoscript/fileName/GemCollider.cs: 4279ecf4a5a7cfc3c403ec90057a7c33 -> 
  custom:framework-win-MediaFoundation: 216162199b28c13a410421893ffa2e32 -> 
  custom:CustomObjectIndexerAttribute: 9a22284fe3817be447336de3de66b15e -> 
  custom:container-demuxer-webm: 4f35f7cbe854078d1ac9338744f61a02 -> 
  custom:container-muxer-webm: aa71ff27fc2769a1b78a27578f13a17b -> 
  custom:video-decoder-webm-vp8: 9c59270c3fd7afecdb556c50c9e8de78 -> 
  custom:SearchIndexIgnoredProperties: e643bd26f0fe6173181afceb89e7c659 -> 
  custom:AudioImporter_EditorPlatform: d09bf68614088b80899f8185d706f6e7 -> 
  custom:video-encoder-webm-vp8: eb34c28f22e8b96e1ab97ce403110664 -> 
  custom:audio-decoder-ogg-vorbis: bf7c407c2cedff20999df2af8eb42d56 -> 
  custom:audio-encoder-webm-vorbis: bf7c407c2cedff20999df2af8eb42d56 -> 
========================================================================
Received Import Request.
  Time since last request: 118.219395 seconds.
  path: Assets/WoodsLifestyle/Models/Vegetation/Trees/Tree_11_c.fbx
  artifactKey: Guid(4a3a23972c03e784abff0dc81a3ace4f) Importer(815301076,1909f56bfc062723c751e8b465ee728b)
Start importing Assets/WoodsLifestyle/Models/Vegetation/Trees/Tree_11_c.fbx using Guid(4a3a23972c03e784abff0dc81a3ace4f) Importer(815301076,1909f56bfc062723c751e8b465ee728b)  -> (artifact id: '17d8fe4852955f68b102b1eca491b6b8') in 0.147544 seconds
Number of updated asset objects reloaded before import = 0
Number of asset objects unloaded after import = 9
========================================================================
Received Import Request.
  Time since last request: 0.000043 seconds.
  path: Assets/WoodsLifestyle/Models/Vegetation/Trees/Tree_13_b.fbx
  artifactKey: Guid(870922926f491034ebe583c35c85c291) Importer(815301076,1909f56bfc062723c751e8b465ee728b)
Start importing Assets/WoodsLifestyle/Models/Vegetation/Trees/Tree_13_b.fbx using Guid(870922926f491034ebe583c35c85c291) Importer(815301076,1909f56bfc062723c751e8b465ee728b)  -> (artifact id: 'bfb8481a44c7a2dba286fe189aaaa265') in 0.038352 seconds
Number of updated asset objects reloaded before import = 0
Number of asset objects unloaded after import = 9
========================================================================
Received Import Request.
  Time since last request: 0.000043 seconds.
  path: Assets/WoodsLifestyle/Models/Vegetation/Trees/Tree_12_b.fbx
  artifactKey: Guid(19bcb2d571d656b4bb78388cd6b9f961) Importer(815301076,1909f56bfc062723c751e8b465ee728b)
Start importing Assets/WoodsLifestyle/Models/Vegetation/Trees/Tree_12_b.fbx using Guid(19bcb2d571d656b4bb78388cd6b9f961) Importer(815301076,1909f56bfc062723c751e8b465ee728b)  -> (artifact id: '34ae5a06505676b8398bc5f79ae63c51') in 0.040809 seconds
Number of updated asset objects reloaded before import = 0
Number of asset objects unloaded after import = 9
========================================================================
Received Import Request.
  Time since last request: 0.000032 seconds.
  path: Assets/WoodsLifestyle/Models/Vegetation/Trees/Tree_14_c.fbx
  artifactKey: Guid(cb65d46200540b9458fb48a5a1077f7e) Importer(815301076,1909f56bfc062723c751e8b465ee728b)
Start importing Assets/WoodsLifestyle/Models/Vegetation/Trees/Tree_14_c.fbx using Guid(cb65d46200540b9458fb48a5a1077f7e) Importer(815301076,1909f56bfc062723c751e8b465ee728b)  -> (artifact id: '81e98fd3f64db2cff18de0b030ad6817') in 0.043657 seconds
Number of updated asset objects reloaded before import = 0
Number of asset objects unloaded after import = 9
========================================================================
Received Import Request.
  Time since last request: 0.000025 seconds.
  path: Assets/WoodsLifestyle/Models/Vegetation/Trees/Tree_13_c.fbx
  artifactKey: Guid(906dc2c7bb4a47f4f9e324b884777d16) Importer(815301076,1909f56bfc062723c751e8b465ee728b)
Start importing Assets/WoodsLifestyle/Models/Vegetation/Trees/Tree_13_c.fbx using Guid(906dc2c7bb4a47f4f9e324b884777d16) Importer(815301076,1909f56bfc062723c751e8b465ee728b)  -> (artifact id: 'cc105d2b024aba5972f83e9925f8f417') in 0.037490 seconds
Number of updated asset objects reloaded before import = 0
Number of asset objects unloaded after import = 9
========================================================================
Received Import Request.
  Time since last request: 0.000035 seconds.
  path: Assets/WoodsLifestyle/Models/Vegetation/Trees/Tree_13_a.fbx
  artifactKey: Guid(d013c59f8370fb04887e197bee6f990b) Importer(815301076,1909f56bfc062723c751e8b465ee728b)
Start importing Assets/WoodsLifestyle/Models/Vegetation/Trees/Tree_13_a.fbx using Guid(d013c59f8370fb04887e197bee6f990b) Importer(815301076,1909f56bfc062723c751e8b465ee728b)  -> (artifact id: '238a9c8c3a2888ab7ed460d1cd0ecda4') in 0.043026 seconds
Number of updated asset objects reloaded before import = 0
Number of asset objects unloaded after import = 9
========================================================================
Received Import Request.
  Time since last request: 0.000034 seconds.
  path: Assets/WoodsLifestyle/Models/Vegetation/Trees/Tree_12_c.fbx
  artifactKey: Guid(6761840b9f449af419d4cb4ba6a3ee1b) Importer(815301076,1909f56bfc062723c751e8b465ee728b)
Start importing Assets/WoodsLifestyle/Models/Vegetation/Trees/Tree_12_c.fbx using Guid(6761840b9f449af419d4cb4ba6a3ee1b) Importer(815301076,1909f56bfc062723c751e8b465ee728b)  -> (artifact id: 'c99210615312e22d93eaa2daa2ede4fd') in 0.027543 seconds
Number of updated asset objects reloaded before import = 0
Number of asset objects unloaded after import = 9
========================================================================
Received Import Request.
  Time since last request: 0.000032 seconds.
  path: Assets/WoodsLifestyle/Models/Cabins/Walls/Wall_Narrow_01_a.fbx
  artifactKey: Guid(86b6f206e09dae647a8c28fccb4ecd37) Importer(815301076,1909f56bfc062723c751e8b465ee728b)
Start importing Assets/WoodsLifestyle/Models/Cabins/Walls/Wall_Narrow_01_a.fbx using Guid(86b6f206e09dae647a8c28fccb4ecd37) Importer(815301076,1909f56bfc062723c751e8b465ee728b)  -> (artifact id: '41d91960721c7e1f5539a73411296f3f') in 0.031875 seconds
Number of updated asset objects reloaded before import = 0
Number of asset objects unloaded after import = 9
========================================================================
Received Import Request.
  Time since last request: 0.378135 seconds.
  path: Assets/WoodsLifestyle/Models/Cabins/Walls/Wall_Narrow_02_c.fbx
  artifactKey: Guid(a38b1d1e20befcf43a077956d65695c4) Importer(815301076,1909f56bfc062723c751e8b465ee728b)
Start importing Assets/WoodsLifestyle/Models/Cabins/Walls/Wall_Narrow_02_c.fbx using Guid(a38b1d1e20befcf43a077956d65695c4) Importer(815301076,1909f56bfc062723c751e8b465ee728b)  -> (artifact id: '82aba34b8cb70eed884c3a06334fea66') in 0.031292 seconds
Number of updated asset objects reloaded before import = 0
Number of asset objects unloaded after import = 9
========================================================================
Received Import Request.
  Time since last request: 0.000037 seconds.
  path: Assets/WoodsLifestyle/Models/Cabins/Walls/Wall_Wide_01_c.fbx
  artifactKey: Guid(a641b02027f71604bb8c51c8104b3b7d) Importer(815301076,1909f56bfc062723c751e8b465ee728b)
Start importing Assets/WoodsLifestyle/Models/Cabins/Walls/Wall_Wide_01_c.fbx using Guid(a641b02027f71604bb8c51c8104b3b7d) Importer(815301076,1909f56bfc062723c751e8b465ee728b)  -> (artifact id: '811b189dfe31eede097a7f4b53b6cf3e') in 0.046652 seconds
Number of updated asset objects reloaded before import = 0
Number of asset objects unloaded after import = 9
========================================================================
Received Import Request.
  Time since last request: 0.067048 seconds.
  path: Assets/WoodsLifestyle/Models/Cabins/Walls/Wall_Wide_02_b.fbx
  artifactKey: Guid(be8f36c024b35c84ab61f8e2d45b245e) Importer(815301076,1909f56bfc062723c751e8b465ee728b)
Start importing Assets/WoodsLifestyle/Models/Cabins/Walls/Wall_Wide_02_b.fbx using Guid(be8f36c024b35c84ab61f8e2d45b245e) Importer(815301076,1909f56bfc062723c751e8b465ee728b)  -> (artifact id: 'b35482455246882f9b4b79f65e80f318') in 0.039012 seconds
Number of updated asset objects reloaded before import = 0
Number of asset objects unloaded after import = 9
========================================================================
Received Import Request.
  Time since last request: 0.000034 seconds.
  path: Assets/WoodsLifestyle/Models/Props/Interior/WallCandle_01.fbx
  artifactKey: Guid(18019c92acdc4c34ebef8594a32125a9) Importer(815301076,1909f56bfc062723c751e8b465ee728b)
Start importing Assets/WoodsLifestyle/Models/Props/Interior/WallCandle_01.fbx using Guid(18019c92acdc4c34ebef8594a32125a9) Importer(815301076,1909f56bfc062723c751e8b465ee728b)  -> (artifact id: 'afd1cd92e33405526e2f05ccf88fe712') in 0.037595 seconds
Number of updated asset objects reloaded before import = 0
Number of asset objects unloaded after import = 9
========================================================================
Received Import Request.
  Time since last request: 0.000039 seconds.
  path: Assets/WoodsLifestyle/Models/Cabins/Walls/Wall_Wide_02_c.fbx
  artifactKey: Guid(4fc77b36bb950804481dd3a761c6d468) Importer(815301076,1909f56bfc062723c751e8b465ee728b)
Start importing Assets/WoodsLifestyle/Models/Cabins/Walls/Wall_Wide_02_c.fbx using Guid(4fc77b36bb950804481dd3a761c6d468) Importer(815301076,1909f56bfc062723c751e8b465ee728b)  -> (artifact id: '4e2b18ae439f902d1f9a8bd6400af3ab') in 0.034930 seconds
Number of updated asset objects reloaded before import = 0
Number of asset objects unloaded after import = 9
========================================================================
Received Import Request.
  Time since last request: 0.116021 seconds.
  path: Assets/WoodsLifestyle/Models/Props/Interior/WallLight_02.fbx
  artifactKey: Guid(56cfb45452052b94da3586836eb64dff) Importer(815301076,1909f56bfc062723c751e8b465ee728b)
Start importing Assets/WoodsLifestyle/Models/Props/Interior/WallLight_02.fbx using Guid(56cfb45452052b94da3586836eb64dff) Importer(815301076,1909f56bfc062723c751e8b465ee728b)  -> (artifact id: '8ddd8347dfc4667798087197e6dfe6df') in 0.037220 seconds
Number of updated asset objects reloaded before import = 0
Number of asset objects unloaded after import = 9
========================================================================
Received Import Request.
  Time since last request: 0.000038 seconds.
  path: Assets/WoodsLifestyle/Models/Props/Furniture/WallShelf_01.fbx
  artifactKey: Guid(180b77fcbe0383540a9ff71008143542) Importer(815301076,1909f56bfc062723c751e8b465ee728b)
Start importing Assets/WoodsLifestyle/Models/Props/Furniture/WallShelf_01.fbx using Guid(180b77fcbe0383540a9ff71008143542) Importer(815301076,1909f56bfc062723c751e8b465ee728b)  -> (artifact id: 'fee52050be511dccb01fb7d7b754afdd') in 0.047014 seconds
Number of updated asset objects reloaded before import = 0
Number of asset objects unloaded after import = 9
========================================================================
Received Import Request.
  Time since last request: 1.300957 seconds.
  path: Assets/WoodsLifestyle/Models/Props/WaterTowers/WaterTenk_03.fbx
  artifactKey: Guid(82dc0d50b12d2ca4fb9b6cfb711ee411) Importer(815301076,1909f56bfc062723c751e8b465ee728b)
Start importing Assets/WoodsLifestyle/Models/Props/WaterTowers/WaterTenk_03.fbx using Guid(82dc0d50b12d2ca4fb9b6cfb711ee411) Importer(815301076,1909f56bfc062723c751e8b465ee728b)  -> (artifact id: 'ea6bf0543bfe784ce9935b011f35902a') in 0.037409 seconds
Number of updated asset objects reloaded before import = 0
Number of asset objects unloaded after import = 9
========================================================================
Received Import Request.
  Time since last request: 0.000038 seconds.
  path: Assets/WoodsLifestyle/Models/Props/WaterTowers/WaterTenkPlatform_02.fbx
  artifactKey: Guid(fd5b769644bb1eb4db131ca21c26dd29) Importer(815301076,1909f56bfc062723c751e8b465ee728b)
Start importing Assets/WoodsLifestyle/Models/Props/WaterTowers/WaterTenkPlatform_02.fbx using Guid(fd5b769644bb1eb4db131ca21c26dd29) Importer(815301076,1909f56bfc062723c751e8b465ee728b)  -> (artifact id: '01daf30900331c334665788cb0efba15') in 0.047051 seconds
Number of updated asset objects reloaded before import = 0
Number of asset objects unloaded after import = 9
========================================================================
Received Prepare
Begin MonoManager ReloadAssembly
- Loaded All Assemblies, in  0.556 seconds
Refreshing native plugins compatible for Editor in 4.81 ms, found 3 plugins.
Native extension for WindowsStandalone target not found
[Package Manager] Server::EnsureServerProcessIsRunning -- launch failed, reason: Unity was launched with the -noUpm command-line argument
[Package Manager] UpmClient::Send -- Unable to send message (not connected to UPM process).
[Package Manager] Cannot connect to Unity Package Manager local server
Mono: successfully reloaded assembly
- Finished resetting the current domain, in  1.394 seconds
Domain Reload Profiling: 1948ms
	BeginReloadAssembly (169ms)
		ExecutionOrderSort (0ms)
		DisableScriptedObjects (5ms)
		BackupInstance (0ms)
		ReleaseScriptingObjects (0ms)
		CreateAndSetChildDomain (42ms)
	RebuildCommonClasses (38ms)
	RebuildNativeTypeToScriptingClass (13ms)
	initialDomainReloadingComplete (34ms)
	LoadAllAssembliesAndSetupDomain (299ms)
		LoadAssemblies (374ms)
		RebuildTransferFunctionScriptingTraits (0ms)
		AnalyzeDomain (16ms)
			TypeCache.Refresh (7ms)
				TypeCache.ScanAssembly (0ms)
			ScanForSourceGeneratedMonoScriptInfo (0ms)
			ResolveRequiredComponents (6ms)
	FinalizeReload (1395ms)
		ReleaseScriptCaches (0ms)
		RebuildScriptCaches (0ms)
		SetupLoadedEditorAssemblies (662ms)
			LogAssemblyErrors (0ms)
			InitializePlatformSupportModulesInManaged (11ms)
			SetLoadedEditorAssemblies (9ms)
			RefreshPlugins (0ms)
			BeforeProcessingInitializeOnLoad (100ms)
			ProcessInitializeOnLoadAttributes (494ms)
			ProcessInitializeOnLoadMethodAttributes (36ms)
			AfterProcessingInitializeOnLoad (11ms)
			EditorAssembliesLoaded (0ms)
		ExecutionOrderSort2 (0ms)
		AwakeInstancesAfterBackupRestoration (11ms)
Refreshing native plugins compatible for Editor in 5.60 ms, found 3 plugins.
Preloading 0 native plugins for Editor in 0.00 ms.
Unloading 3095 Unused Serialized files (Serialized files now loaded: 0)
Unloading 23 unused Assets / (31.1 KB). Loaded Objects now: 3636.
Memory consumption went from 133.4 MB to 133.4 MB.
Total: 4.530400 ms (FindLiveObjects: 0.417500 ms CreateObjectMapping: 0.114500 ms MarkObjects: 3.876700 ms  DeleteObjects: 0.118900 ms)

Prepare: number of updated asset objects reloaded= 0
AssetImportParameters requested are different than current active one (requested -> active):
  custom:container-demuxer-ogg: 62fdf1f143b41e24485cea50d1cbac27 -> 
  custom:video-codec-MediaFoundation-h265: 746d11721c4dcdbdad8f713fa42b33f4 -> 
  custom:video-decoder-ogg-theora: a1e56fd34408186e4bbccfd4996cb3dc -> 
  custom:scripting/monoscript/fileName/GemCollider.cs: 4279ecf4a5a7cfc3c403ec90057a7c33 -> 
  custom:framework-win-MediaFoundation: 216162199b28c13a410421893ffa2e32 -> 
  custom:CustomObjectIndexerAttribute: 9a22284fe3817be447336de3de66b15e -> 
  custom:container-demuxer-webm: 4f35f7cbe854078d1ac9338744f61a02 -> 
  custom:container-muxer-webm: aa71ff27fc2769a1b78a27578f13a17b -> 
  custom:video-decoder-webm-vp8: 9c59270c3fd7afecdb556c50c9e8de78 -> 
  custom:SearchIndexIgnoredProperties: e643bd26f0fe6173181afceb89e7c659 -> 
  custom:AudioImporter_EditorPlatform: d09bf68614088b80899f8185d706f6e7 -> 
  custom:video-encoder-webm-vp8: eb34c28f22e8b96e1ab97ce403110664 -> 
  custom:audio-decoder-ogg-vorbis: bf7c407c2cedff20999df2af8eb42d56 -> 
  custom:audio-encoder-webm-vorbis: bf7c407c2cedff20999df2af8eb42d56 -> 
Editor requested this worker to shutdown with reason: Scaling down because of idle timeout
TcpMessagingSession - receive error: operation aborted. errorcode: 995, details: La operacin de E/S se anul por una salida de subproceso o por una solicitud de aplicacin.
AssetImportWorker is now disconnected from the server
Process exiting
Exiting without the bug reporter. Application will terminate with return code 0