Using pre-set license
Built from '2022.3/staging' branch; Version is '2022.3.23f1 (dbb3f7c5b5c6) revision 14398455'; Using compiler version '192829333'; Build Type 'Release'
OS: 'Windows 11  (10.0.22631) 64bit CoreSingleLanguage' Language: 'es' Physical Memory: 14197 MB
BatchMode: 1, IsHumanControllingUs: 0, StartBugReporterOnCrash: 0, Is64bit: 1, IsPro: 1

COMMAND LINE ARGUMENTS:
C:\Program Files\Unity\Hub\Editor\2022.3.23f1\Editor\Unity.exe
-adb2
-batchMode
-noUpm
-name
AssetImportWorker16
-projectPath
C:/Users/sagna/BounceTales2
-logFile
Logs/AssetImportWorker16.log
-srvPort
54652
Successfully changed project path to: C:/Users/sagna/BounceTales2
C:/Users/sagna/BounceTales2
[UnityMemory] Configuration Parameters - Can be set up in boot.config
    "memorysetup-bucket-allocator-granularity=16"
    "memorysetup-bucket-allocator-bucket-count=8"
    "memorysetup-bucket-allocator-block-size=33554432"
    "memorysetup-bucket-allocator-block-count=8"
    "memorysetup-main-allocator-block-size=16777216"
    "memorysetup-thread-allocator-block-size=16777216"
    "memorysetup-gfx-main-allocator-block-size=16777216"
    "memorysetup-gfx-thread-allocator-block-size=16777216"
    "memorysetup-cache-allocator-block-size=4194304"
    "memorysetup-typetree-allocator-block-size=2097152"
    "memorysetup-profiler-bucket-allocator-granularity=16"
    "memorysetup-profiler-bucket-allocator-bucket-count=8"
    "memorysetup-profiler-bucket-allocator-block-size=33554432"
    "memorysetup-profiler-bucket-allocator-block-count=8"
    "memorysetup-profiler-allocator-block-size=16777216"
    "memorysetup-profiler-editor-allocator-block-size=1048576"
    "memorysetup-temp-allocator-size-main=16777216"
    "memorysetup-job-temp-allocator-block-size=2097152"
    "memorysetup-job-temp-allocator-block-size-background=1048576"
    "memorysetup-job-temp-allocator-reduction-small-platforms=262144"
    "memorysetup-allocator-temp-initial-block-size-main=262144"
    "memorysetup-allocator-temp-initial-block-size-worker=262144"
    "memorysetup-temp-allocator-size-background-worker=32768"
    "memorysetup-temp-allocator-size-job-worker=262144"
    "memorysetup-temp-allocator-size-preload-manager=33554432"
    "memorysetup-temp-allocator-size-nav-mesh-worker=65536"
    "memorysetup-temp-allocator-size-audio-worker=65536"
    "memorysetup-temp-allocator-size-cloud-worker=32768"
    "memorysetup-temp-allocator-size-gi-baking-worker=262144"
    "memorysetup-temp-allocator-size-gfx=262144"
Player connection [20252] Host "[IP] 192.168.56.1 [Port] 0 [Flags] 2 [Guid] 1759865816 [EditorId] 1759865816 [Version] 1048832 [Id] WindowsEditor(7,LAPTOP-PDU398TG) [Debug] 1 [PackageName] WindowsEditor [ProjectName] Editor" joined multi-casting on [225.0.0.222:54997]...

Player connection [20252] Host "[IP] 192.168.56.1 [Port] 0 [Flags] 2 [Guid] 1759865816 [EditorId] 1759865816 [Version] 1048832 [Id] WindowsEditor(7,LAPTOP-PDU398TG) [Debug] 1 [PackageName] WindowsEditor [ProjectName] Editor" joined alternative multi-casting on [225.0.0.222:34997]...

[Physics::Module] Initialized MultithreadedJobDispatcher with 15 workers.
Refreshing native plugins compatible for Editor in 14.35 ms, found 3 plugins.
Preloading 0 native plugins for Editor in 0.00 ms.
Initialize engine version: 2022.3.23f1 (dbb3f7c5b5c6)
[Subsystems] Discovering subsystems at path C:/Program Files/Unity/Hub/Editor/2022.3.23f1/Editor/Data/Resources/UnitySubsystems
[Subsystems] Discovering subsystems at path C:/Users/sagna/BounceTales2/Assets
GfxDevice: creating device client; threaded=0; jobified=0
Direct3D:
    Version:  Direct3D 11.0 [level 11.1]
    Renderer: AMD Radeon(TM) Graphics (ID=0x164c)
    Vendor:   ATI
    VRAM:     7098 MB
    Driver:   31.0.12044.56000
Initialize mono
Mono path[0] = 'C:/Program Files/Unity/Hub/Editor/2022.3.23f1/Editor/Data/Managed'
Mono path[1] = 'C:/Program Files/Unity/Hub/Editor/2022.3.23f1/Editor/Data/MonoBleedingEdge/lib/mono/unityjit-win32'
Mono config path = 'C:/Program Files/Unity/Hub/Editor/2022.3.23f1/Editor/Data/MonoBleedingEdge/etc'
Using monoOptions --debugger-agent=transport=dt_socket,embedding=1,server=y,suspend=n,address=127.0.0.1:56212
Begin MonoManager ReloadAssembly
Registering precompiled unity dll's ...
Register platform support module: C:/Program Files/Unity/Hub/Editor/2022.3.23f1/Editor/Data/PlaybackEngines/WindowsStandaloneSupport/UnityEditor.WindowsStandalone.Extensions.dll
Registered in 0.010214 seconds.
- Loaded All Assemblies, in  0.580 seconds
Native extension for WindowsStandalone target not found
Mono: successfully reloaded assembly
- Finished resetting the current domain, in  0.538 seconds
Domain Reload Profiling: 1116ms
	BeginReloadAssembly (166ms)
		ExecutionOrderSort (0ms)
		DisableScriptedObjects (0ms)
		BackupInstance (0ms)
		ReleaseScriptingObjects (0ms)
		CreateAndSetChildDomain (1ms)
	RebuildCommonClasses (51ms)
	RebuildNativeTypeToScriptingClass (17ms)
	initialDomainReloadingComplete (87ms)
	LoadAllAssembliesAndSetupDomain (256ms)
		LoadAssemblies (164ms)
		RebuildTransferFunctionScriptingTraits (0ms)
		AnalyzeDomain (252ms)
			TypeCache.Refresh (250ms)
				TypeCache.ScanAssembly (228ms)
			ScanForSourceGeneratedMonoScriptInfo (1ms)
			ResolveRequiredComponents (1ms)
	FinalizeReload (538ms)
		ReleaseScriptCaches (0ms)
		RebuildScriptCaches (0ms)
		SetupLoadedEditorAssemblies (415ms)
			LogAssemblyErrors (0ms)
			InitializePlatformSupportModulesInManaged (15ms)
			SetLoadedEditorAssemblies (14ms)
			RefreshPlugins (0ms)
			BeforeProcessingInitializeOnLoad (3ms)
			ProcessInitializeOnLoadAttributes (284ms)
			ProcessInitializeOnLoadMethodAttributes (98ms)
			AfterProcessingInitializeOnLoad (0ms)
			EditorAssembliesLoaded (0ms)
		ExecutionOrderSort2 (0ms)
		AwakeInstancesAfterBackupRestoration (0ms)
========================================================================
Worker process is ready to serve import requests
Begin MonoManager ReloadAssembly
- Loaded All Assemblies, in  1.030 seconds
Refreshing native plugins compatible for Editor in 5.09 ms, found 3 plugins.
Native extension for WindowsStandalone target not found
Package Manager log level set to [2]
[Package Manager] Server::EnsureServerProcessIsRunning -- launch failed, reason: Unity was launched with the -noUpm command-line argument
[Package Manager] UpmClient::Send -- Unable to send message (not connected to UPM process).
[Package Manager] Cannot connect to Unity Package Manager local server
Mono: successfully reloaded assembly
- Finished resetting the current domain, in  1.033 seconds
Domain Reload Profiling: 2061ms
	BeginReloadAssembly (264ms)
		ExecutionOrderSort (0ms)
		DisableScriptedObjects (13ms)
		BackupInstance (0ms)
		ReleaseScriptingObjects (0ms)
		CreateAndSetChildDomain (35ms)
	RebuildCommonClasses (53ms)
	RebuildNativeTypeToScriptingClass (18ms)
	initialDomainReloadingComplete (68ms)
	LoadAllAssembliesAndSetupDomain (623ms)
		LoadAssemblies (500ms)
		RebuildTransferFunctionScriptingTraits (0ms)
		AnalyzeDomain (280ms)
			TypeCache.Refresh (249ms)
				TypeCache.ScanAssembly (228ms)
			ScanForSourceGeneratedMonoScriptInfo (22ms)
			ResolveRequiredComponents (7ms)
	FinalizeReload (1034ms)
		ReleaseScriptCaches (0ms)
		RebuildScriptCaches (0ms)
		SetupLoadedEditorAssemblies (746ms)
			LogAssemblyErrors (0ms)
			InitializePlatformSupportModulesInManaged (12ms)
			SetLoadedEditorAssemblies (8ms)
			RefreshPlugins (0ms)
			BeforeProcessingInitializeOnLoad (112ms)
			ProcessInitializeOnLoadAttributes (573ms)
			ProcessInitializeOnLoadMethodAttributes (31ms)
			AfterProcessingInitializeOnLoad (9ms)
			EditorAssembliesLoaded (0ms)
		ExecutionOrderSort2 (0ms)
		AwakeInstancesAfterBackupRestoration (10ms)
Launched and connected shader compiler UnityShaderCompiler.exe after 0.09 seconds
Refreshing native plugins compatible for Editor in 5.63 ms, found 3 plugins.
Preloading 0 native plugins for Editor in 0.00 ms.
Unloading 3118 Unused Serialized files (Serialized files now loaded: 0)
Unloading 32 unused Assets / (57.4 KB). Loaded Objects now: 3584.
Memory consumption went from 127.1 MB to 127.1 MB.
Total: 5.357100 ms (FindLiveObjects: 0.472100 ms CreateObjectMapping: 0.197400 ms MarkObjects: 4.526000 ms  DeleteObjects: 0.159300 ms)

AssetImportParameters requested are different than current active one (requested -> active):
  custom:container-demuxer-ogg: 62fdf1f143b41e24485cea50d1cbac27 -> 
  custom:video-codec-MediaFoundation-h265: 746d11721c4dcdbdad8f713fa42b33f4 -> 
  custom:video-decoder-ogg-theora: a1e56fd34408186e4bbccfd4996cb3dc -> 
  custom:scripting/monoscript/fileName/GemCollider.cs: 4279ecf4a5a7cfc3c403ec90057a7c33 -> 
  custom:framework-win-MediaFoundation: 216162199b28c13a410421893ffa2e32 -> 
  custom:CustomObjectIndexerAttribute: 9a22284fe3817be447336de3de66b15e -> 
  custom:container-demuxer-webm: 4f35f7cbe854078d1ac9338744f61a02 -> 
  custom:container-muxer-webm: aa71ff27fc2769a1b78a27578f13a17b -> 
  custom:video-decoder-webm-vp8: 9c59270c3fd7afecdb556c50c9e8de78 -> 
  custom:SearchIndexIgnoredProperties: e643bd26f0fe6173181afceb89e7c659 -> 
  custom:AudioImporter_EditorPlatform: d09bf68614088b80899f8185d706f6e7 -> 
  custom:video-encoder-webm-vp8: eb34c28f22e8b96e1ab97ce403110664 -> 
  custom:audio-decoder-ogg-vorbis: bf7c407c2cedff20999df2af8eb42d56 -> 
  custom:audio-encoder-webm-vorbis: bf7c407c2cedff20999df2af8eb42d56 -> 
========================================================================
Received Import Request.
  Time since last request: 246746.106333 seconds.
  path: Assets/WoodsLifestyle/Models/Props/Interior/Candle_03_c.fbx
  artifactKey: Guid(897a73feb54215540ac3193ceb084519) Importer(815301076,1909f56bfc062723c751e8b465ee728b)
Start importing Assets/WoodsLifestyle/Models/Props/Interior/Candle_03_c.fbx using Guid(897a73feb54215540ac3193ceb084519) Importer(815301076,1909f56bfc062723c751e8b465ee728b)  -> (artifact id: 'c40869b29ca5caf4d1c7a08874e3811c') in 0.333375 seconds
Number of updated asset objects reloaded before import = 0
Number of asset objects unloaded after import = 9
========================================================================
Received Import Request.
  Time since last request: 0.000048 seconds.
  path: Assets/WoodsLifestyle/Models/Cabins/Floors/DeckFloor_01.fbx
  artifactKey: Guid(a0627e1c173097f439a5f3073c5f7f27) Importer(815301076,1909f56bfc062723c751e8b465ee728b)
Start importing Assets/WoodsLifestyle/Models/Cabins/Floors/DeckFloor_01.fbx using Guid(a0627e1c173097f439a5f3073c5f7f27) Importer(815301076,1909f56bfc062723c751e8b465ee728b)  -> (artifact id: 'bd57e0bc35de5c4e14911ca3cbfa4824') in 0.037370 seconds
Number of updated asset objects reloaded before import = 0
Number of asset objects unloaded after import = 9
========================================================================
Received Import Request.
  Time since last request: 0.000059 seconds.
  path: Assets/WoodsLifestyle/Models/Props/Water/Canoe_01.fbx
  artifactKey: Guid(baaaeaba8d13ed84cbf2d5f61ad0fce8) Importer(815301076,1909f56bfc062723c751e8b465ee728b)
Start importing Assets/WoodsLifestyle/Models/Props/Water/Canoe_01.fbx using Guid(baaaeaba8d13ed84cbf2d5f61ad0fce8) Importer(815301076,1909f56bfc062723c751e8b465ee728b)  -> (artifact id: '208ae09d702995a79a2053deaca97504') in 0.034915 seconds
Number of updated asset objects reloaded before import = 0
Number of asset objects unloaded after import = 9
========================================================================
Received Import Request.
  Time since last request: 0.000042 seconds.
  path: Assets/WoodsLifestyle/Models/Props/Interior/Candle_03_d.fbx
  artifactKey: Guid(bad1f1798203c544f98a3797aaaef533) Importer(815301076,1909f56bfc062723c751e8b465ee728b)
Start importing Assets/WoodsLifestyle/Models/Props/Interior/Candle_03_d.fbx using Guid(bad1f1798203c544f98a3797aaaef533) Importer(815301076,1909f56bfc062723c751e8b465ee728b)  -> (artifact id: '7e464e6944b1cdc325f5b27e13b2e226') in 0.032361 seconds
Number of updated asset objects reloaded before import = 0
Number of asset objects unloaded after import = 9
========================================================================
Received Import Request.
  Time since last request: 0.183787 seconds.
  path: Assets/WoodsLifestyle/Models/Props/Interior/BookOpen_01_a.fbx
  artifactKey: Guid(baabff32f1242d140a81a11286c51a29) Importer(815301076,1909f56bfc062723c751e8b465ee728b)
Start importing Assets/WoodsLifestyle/Models/Props/Interior/BookOpen_01_a.fbx using Guid(baabff32f1242d140a81a11286c51a29) Importer(815301076,1909f56bfc062723c751e8b465ee728b)  -> (artifact id: '7cb614475c723fc8700d4317153e9a4f') in 0.029380 seconds
Number of updated asset objects reloaded before import = 0
Number of asset objects unloaded after import = 9
========================================================================
Received Import Request.
  Time since last request: 0.000036 seconds.
  path: Assets/WoodsLifestyle/Models/Props/Interior/BookOpen_01_b.fbx
  artifactKey: Guid(07d3790148a41e146b1d676151ef44ed) Importer(815301076,1909f56bfc062723c751e8b465ee728b)
Start importing Assets/WoodsLifestyle/Models/Props/Interior/BookOpen_01_b.fbx using Guid(07d3790148a41e146b1d676151ef44ed) Importer(815301076,1909f56bfc062723c751e8b465ee728b)  -> (artifact id: '3524bed0aa5b59ccfce345a767756536') in 0.038509 seconds
Number of updated asset objects reloaded before import = 0
Number of asset objects unloaded after import = 9
========================================================================
Received Import Request.
  Time since last request: 0.462240 seconds.
  path: Assets/WoodsLifestyle/Models/Props/Interior/Book_03_a.fbx
  artifactKey: Guid(141cbf5ca05051045b6869c2aaf097fa) Importer(815301076,1909f56bfc062723c751e8b465ee728b)
Start importing Assets/WoodsLifestyle/Models/Props/Interior/Book_03_a.fbx using Guid(141cbf5ca05051045b6869c2aaf097fa) Importer(815301076,1909f56bfc062723c751e8b465ee728b)  -> (artifact id: '13eb58229a7c93794ce19bbc0d1b75c5') in 0.037523 seconds
Number of updated asset objects reloaded before import = 0
Number of asset objects unloaded after import = 9
========================================================================
Received Import Request.
  Time since last request: 0.000055 seconds.
  path: Assets/WoodsLifestyle/Models/Props/Interior/Book_03_d.fbx
  artifactKey: Guid(2b9359ef72a16d3408fd7be541709ddb) Importer(815301076,1909f56bfc062723c751e8b465ee728b)
Start importing Assets/WoodsLifestyle/Models/Props/Interior/Book_03_d.fbx using Guid(2b9359ef72a16d3408fd7be541709ddb) Importer(815301076,1909f56bfc062723c751e8b465ee728b)  -> (artifact id: '75396f792c5cbf05e4c3fb41d3c87d96') in 0.044865 seconds
Number of updated asset objects reloaded before import = 0
Number of asset objects unloaded after import = 9
========================================================================
Received Import Request.
  Time since last request: 0.032523 seconds.
  path: Assets/WoodsLifestyle/Models/Props/Interior/Book_01_c.fbx
  artifactKey: Guid(66f7a3cf84d9d7c4f83f9f6a6cc0e6d6) Importer(815301076,1909f56bfc062723c751e8b465ee728b)
Start importing Assets/WoodsLifestyle/Models/Props/Interior/Book_01_c.fbx using Guid(66f7a3cf84d9d7c4f83f9f6a6cc0e6d6) Importer(815301076,1909f56bfc062723c751e8b465ee728b)  -> (artifact id: '2ada95419609819753b9b877ec9a6c2f') in 0.036923 seconds
Number of updated asset objects reloaded before import = 0
Number of asset objects unloaded after import = 9
========================================================================
Received Import Request.
  Time since last request: 0.000043 seconds.
  path: Assets/WoodsLifestyle/Models/Props/Interior/Book_02_b.fbx
  artifactKey: Guid(650764bbb3d28484781ebef1db04cbce) Importer(815301076,1909f56bfc062723c751e8b465ee728b)
Start importing Assets/WoodsLifestyle/Models/Props/Interior/Book_02_b.fbx using Guid(650764bbb3d28484781ebef1db04cbce) Importer(815301076,1909f56bfc062723c751e8b465ee728b)  -> (artifact id: '528967dbc52ed98e6293024b6d4552a5') in 0.042012 seconds
Number of updated asset objects reloaded before import = 0
Number of asset objects unloaded after import = 9
========================================================================
Received Import Request.
  Time since last request: 0.000040 seconds.
  path: Assets/WoodsLifestyle/Models/Props/Interior/Book_02_a.fbx
  artifactKey: Guid(afa24582f04f08240819d0d04afe12a5) Importer(815301076,1909f56bfc062723c751e8b465ee728b)
Start importing Assets/WoodsLifestyle/Models/Props/Interior/Book_02_a.fbx using Guid(afa24582f04f08240819d0d04afe12a5) Importer(815301076,1909f56bfc062723c751e8b465ee728b)  -> (artifact id: '0a9d15e96d821ed4357f2e40ca4700d5') in 0.035238 seconds
Number of updated asset objects reloaded before import = 0
Number of asset objects unloaded after import = 9
========================================================================
Received Import Request.
  Time since last request: 0.000034 seconds.
  path: Assets/WoodsLifestyle/Models/Boards/Board_01_b002.fbx
  artifactKey: Guid(bba3fb8f0e1708845bbeb5b021243e98) Importer(815301076,1909f56bfc062723c751e8b465ee728b)
Start importing Assets/WoodsLifestyle/Models/Boards/Board_01_b002.fbx using Guid(bba3fb8f0e1708845bbeb5b021243e98) Importer(815301076,1909f56bfc062723c751e8b465ee728b)  -> (artifact id: 'a7ce338c6d8219232e96caf636cf73ef') in 0.030759 seconds
Number of updated asset objects reloaded before import = 0
Number of asset objects unloaded after import = 9
========================================================================
Received Import Request.
  Time since last request: 0.000047 seconds.
  path: Assets/WoodsLifestyle/Models/Props/Interior/Book_01_b.fbx
  artifactKey: Guid(0f8bc0b48eb8be8489ef538907b7a2f2) Importer(815301076,1909f56bfc062723c751e8b465ee728b)
Start importing Assets/WoodsLifestyle/Models/Props/Interior/Book_01_b.fbx using Guid(0f8bc0b48eb8be8489ef538907b7a2f2) Importer(815301076,1909f56bfc062723c751e8b465ee728b)  -> (artifact id: '6297b72b936fc87a78ffe9403aec1f6e') in 0.032524 seconds
Number of updated asset objects reloaded before import = 0
Number of asset objects unloaded after import = 9
========================================================================
Received Import Request.
  Time since last request: 0.513263 seconds.
  path: Assets/WoodsLifestyle/Models/Cabins/Doors/Door_04.fbx
  artifactKey: Guid(554fcdd2aa4a70142a1d276d63812a08) Importer(815301076,1909f56bfc062723c751e8b465ee728b)
Start importing Assets/WoodsLifestyle/Models/Cabins/Doors/Door_04.fbx using Guid(554fcdd2aa4a70142a1d276d63812a08) Importer(815301076,1909f56bfc062723c751e8b465ee728b)  -> (artifact id: 'c2d60affc748430e4f744b5ae7df4bc5') in 0.031482 seconds
Number of updated asset objects reloaded before import = 0
Number of asset objects unloaded after import = 9
========================================================================
Received Import Request.
  Time since last request: 0.000034 seconds.
  path: Assets/WoodsLifestyle/Models/Props/Furniture/Dresser_01.fbx
  artifactKey: Guid(b7c142fe610b37a4f9eabc03fac77b87) Importer(815301076,1909f56bfc062723c751e8b465ee728b)
Start importing Assets/WoodsLifestyle/Models/Props/Furniture/Dresser_01.fbx using Guid(b7c142fe610b37a4f9eabc03fac77b87) Importer(815301076,1909f56bfc062723c751e8b465ee728b)  -> (artifact id: '3b675146e48d5517a85feb6ee94e8dc9') in 0.038289 seconds
Number of updated asset objects reloaded before import = 0
Number of asset objects unloaded after import = 9
========================================================================
Received Import Request.
  Time since last request: 0.000037 seconds.
  path: Assets/WoodsLifestyle/Models/Fences/Fence_Closed_02.FBX
  artifactKey: Guid(efe393cd8023b8144ab589fb1bd31fd3) Importer(815301076,1909f56bfc062723c751e8b465ee728b)
Start importing Assets/WoodsLifestyle/Models/Fences/Fence_Closed_02.FBX using Guid(efe393cd8023b8144ab589fb1bd31fd3) Importer(815301076,1909f56bfc062723c751e8b465ee728b)  -> (artifact id: 'd6e970ad012a0c091a29098cb7487fed') in 0.043416 seconds
Number of updated asset objects reloaded before import = 0
Number of asset objects unloaded after import = 10
========================================================================
Received Import Request.
  Time since last request: 0.202055 seconds.
  path: Assets/WoodsLifestyle/Models/Fences/Fence_Closed_04.FBX
  artifactKey: Guid(84f002e721258ca409b2e6e5ca733444) Importer(815301076,1909f56bfc062723c751e8b465ee728b)
Start importing Assets/WoodsLifestyle/Models/Fences/Fence_Closed_04.FBX using Guid(84f002e721258ca409b2e6e5ca733444) Importer(815301076,1909f56bfc062723c751e8b465ee728b)  -> (artifact id: '9a824c62d26bf7cbf796220a040e0bf2') in 0.034318 seconds
Number of updated asset objects reloaded before import = 0
Number of asset objects unloaded after import = 10
========================================================================
Received Import Request.
  Time since last request: 0.010350 seconds.
  path: Assets/WoodsLifestyle/Models/Fences/Fence_Closed_06.FBX
  artifactKey: Guid(eff2ff8331b711943a56384beb27bc73) Importer(815301076,1909f56bfc062723c751e8b465ee728b)
Start importing Assets/WoodsLifestyle/Models/Fences/Fence_Closed_06.FBX using Guid(eff2ff8331b711943a56384beb27bc73) Importer(815301076,1909f56bfc062723c751e8b465ee728b)  -> (artifact id: 'c4faf4e11bae3b85ad95b5898fcfed04') in 0.046760 seconds
Number of updated asset objects reloaded before import = 0
Number of asset objects unloaded after import = 10
========================================================================
Received Import Request.
  Time since last request: 0.007309 seconds.
  path: Assets/WoodsLifestyle/Models/Fences/Fence_Closed_08.FBX
  artifactKey: Guid(f01f8c7a7ce3d3540bcd89366f65225b) Importer(815301076,1909f56bfc062723c751e8b465ee728b)
Start importing Assets/WoodsLifestyle/Models/Fences/Fence_Closed_08.FBX using Guid(f01f8c7a7ce3d3540bcd89366f65225b) Importer(815301076,1909f56bfc062723c751e8b465ee728b)  -> (artifact id: '5bab6df16e01d39632f4f342486a47d0') in 0.028693 seconds
Number of updated asset objects reloaded before import = 0
Number of asset objects unloaded after import = 8
========================================================================
Received Import Request.
  Time since last request: 0.000023 seconds.
  path: Assets/WoodsLifestyle/Models/Fences/Fence_Full_02.FBX
  artifactKey: Guid(2775eeec06ff43745887765f0b58d73a) Importer(815301076,1909f56bfc062723c751e8b465ee728b)
Start importing Assets/WoodsLifestyle/Models/Fences/Fence_Full_02.FBX using Guid(2775eeec06ff43745887765f0b58d73a) Importer(815301076,1909f56bfc062723c751e8b465ee728b)  -> (artifact id: '0ce81fbc595329d49e271c2241c3bf7d') in 0.024229 seconds
Number of updated asset objects reloaded before import = 0
Number of asset objects unloaded after import = 8
========================================================================
Received Import Request.
  Time since last request: 0.000035 seconds.
  path: Assets/WoodsLifestyle/Models/Fences/Fence_Full_06.FBX
  artifactKey: Guid(fcdd02a68b89e0c4d84559fed7adb2d6) Importer(815301076,1909f56bfc062723c751e8b465ee728b)
Start importing Assets/WoodsLifestyle/Models/Fences/Fence_Full_06.FBX using Guid(fcdd02a68b89e0c4d84559fed7adb2d6) Importer(815301076,1909f56bfc062723c751e8b465ee728b)  -> (artifact id: 'b7cc871a974bec1403002a6a25c5d44b') in 0.031698 seconds
Number of updated asset objects reloaded before import = 0
Number of asset objects unloaded after import = 8
========================================================================
Received Import Request.
  Time since last request: 0.000031 seconds.
  path: Assets/WoodsLifestyle/Models/Fences/Fence_Open_01.FBX
  artifactKey: Guid(11c8be84dc5a2474e8002920654e25c2) Importer(815301076,1909f56bfc062723c751e8b465ee728b)
Start importing Assets/WoodsLifestyle/Models/Fences/Fence_Open_01.FBX using Guid(11c8be84dc5a2474e8002920654e25c2) Importer(815301076,1909f56bfc062723c751e8b465ee728b)  -> (artifact id: '65bc94bacb9cb2da5118252048fafe40') in 0.045336 seconds
Number of updated asset objects reloaded before import = 0
Number of asset objects unloaded after import = 10
========================================================================
Received Import Request.
  Time since last request: 0.000042 seconds.
  path: Assets/WoodsLifestyle/Models/Fences/Fence_Full_05.FBX
  artifactKey: Guid(a72bd328fd2adaf40973ac32d4b7bad8) Importer(815301076,1909f56bfc062723c751e8b465ee728b)
Start importing Assets/WoodsLifestyle/Models/Fences/Fence_Full_05.FBX using Guid(a72bd328fd2adaf40973ac32d4b7bad8) Importer(815301076,1909f56bfc062723c751e8b465ee728b)  -> (artifact id: 'fab8ca72878ec61811a3246b3ca44bc3') in 0.031322 seconds
Number of updated asset objects reloaded before import = 0
Number of asset objects unloaded after import = 8
========================================================================
Received Import Request.
  Time since last request: 0.759550 seconds.
  path: Assets/WoodsLifestyle/Models/Fences/Fence_Open_03.FBX
  artifactKey: Guid(5a97a64aa03f80641b787ad438e5ed67) Importer(815301076,1909f56bfc062723c751e8b465ee728b)
Start importing Assets/WoodsLifestyle/Models/Fences/Fence_Open_03.FBX using Guid(5a97a64aa03f80641b787ad438e5ed67) Importer(815301076,1909f56bfc062723c751e8b465ee728b)  -> (artifact id: '23710cff3bd57b7180cfbc38142a1488') in 0.056280 seconds
Number of updated asset objects reloaded before import = 0
Number of asset objects unloaded after import = 10
========================================================================
Received Import Request.
  Time since last request: 0.000035 seconds.
  path: Assets/WoodsLifestyle/Models/Fences/Fence_Open_07.FBX
  artifactKey: Guid(c44786528dd3de842a6650493e7bf997) Importer(815301076,1909f56bfc062723c751e8b465ee728b)
Start importing Assets/WoodsLifestyle/Models/Fences/Fence_Open_07.FBX using Guid(c44786528dd3de842a6650493e7bf997) Importer(815301076,1909f56bfc062723c751e8b465ee728b)  -> (artifact id: '4ac1c647db82fbde662704065e497c3c') in 0.039390 seconds
Number of updated asset objects reloaded before import = 0
Number of asset objects unloaded after import = 8
========================================================================
Received Import Request.
  Time since last request: 0.001320 seconds.
  path: Assets/WoodsLifestyle/Models/Fences/Fence_Open_04.FBX
  artifactKey: Guid(686c0c236f8444641bfb20b25da38e22) Importer(815301076,1909f56bfc062723c751e8b465ee728b)
Start importing Assets/WoodsLifestyle/Models/Fences/Fence_Open_04.FBX using Guid(686c0c236f8444641bfb20b25da38e22) Importer(815301076,1909f56bfc062723c751e8b465ee728b)  -> (artifact id: 'cdc921a9b0bf7c0828639433d2d2d5aa') in 0.048410 seconds
Number of updated asset objects reloaded before import = 0
Number of asset objects unloaded after import = 10
========================================================================
Received Import Request.
  Time since last request: 0.000062 seconds.
  path: Assets/WoodsLifestyle/Models/Props/Furniture/Fireplace_01.fbx
  artifactKey: Guid(7ae748dd3182d2c4ca22183535ba88f8) Importer(815301076,1909f56bfc062723c751e8b465ee728b)
Start importing Assets/WoodsLifestyle/Models/Props/Furniture/Fireplace_01.fbx using Guid(7ae748dd3182d2c4ca22183535ba88f8) Importer(815301076,1909f56bfc062723c751e8b465ee728b)  -> (artifact id: '4235c891be6887ff42440350fc555ecf') in 0.037273 seconds
Number of updated asset objects reloaded before import = 0
Number of asset objects unloaded after import = 9
========================================================================
Received Import Request.
  Time since last request: 0.000039 seconds.
  path: Assets/WoodsLifestyle/Models/Cabins/Floors/Floor_01_c.fbx
  artifactKey: Guid(28555845e8f335e4daa57a5e4a9fe897) Importer(815301076,1909f56bfc062723c751e8b465ee728b)
Start importing Assets/WoodsLifestyle/Models/Cabins/Floors/Floor_01_c.fbx using Guid(28555845e8f335e4daa57a5e4a9fe897) Importer(815301076,1909f56bfc062723c751e8b465ee728b)  -> (artifact id: 'f7e550dee256b0b5049a4076fd4aa828') in 0.032237 seconds
Number of updated asset objects reloaded before import = 0
Number of asset objects unloaded after import = 9
========================================================================
Received Import Request.
  Time since last request: 0.000038 seconds.
  path: Assets/WoodsLifestyle/Models/Fences/Fence_Open_08.FBX
  artifactKey: Guid(632b82bba31465a4e986fcffab1228b0) Importer(815301076,1909f56bfc062723c751e8b465ee728b)
Start importing Assets/WoodsLifestyle/Models/Fences/Fence_Open_08.FBX using Guid(632b82bba31465a4e986fcffab1228b0) Importer(815301076,1909f56bfc062723c751e8b465ee728b)  -> (artifact id: '8a71d65150dd3ebb4bf13b323e417b8d') in 0.030092 seconds
Number of updated asset objects reloaded before import = 0
Number of asset objects unloaded after import = 8
========================================================================
Received Import Request.
  Time since last request: 0.427744 seconds.
  path: Assets/WoodsLifestyle/Models/Props/Water/Jetty/JettiBoard_02_a.fbx
  artifactKey: Guid(33742488b9ffd3647979a6ff03e74dec) Importer(815301076,1909f56bfc062723c751e8b465ee728b)
Start importing Assets/WoodsLifestyle/Models/Props/Water/Jetty/JettiBoard_02_a.fbx using Guid(33742488b9ffd3647979a6ff03e74dec) Importer(815301076,1909f56bfc062723c751e8b465ee728b)  -> (artifact id: '01e086a7826b3aed70ae0fddd0fbb294') in 0.035653 seconds
Number of updated asset objects reloaded before import = 0
Number of asset objects unloaded after import = 9
========================================================================
Received Import Request.
  Time since last request: 0.000843 seconds.
  path: Assets/WoodsLifestyle/Models/Props/Water/Jetty/JettiBoard_03_a.fbx
  artifactKey: Guid(46caab30b6f05504a80fcc1a50c1fd36) Importer(815301076,1909f56bfc062723c751e8b465ee728b)
Start importing Assets/WoodsLifestyle/Models/Props/Water/Jetty/JettiBoard_03_a.fbx using Guid(46caab30b6f05504a80fcc1a50c1fd36) Importer(815301076,1909f56bfc062723c751e8b465ee728b)  -> (artifact id: '9a1bc8f75cf00bd5a453c1a3ec5a579b') in 0.034963 seconds
Number of updated asset objects reloaded before import = 0
Number of asset objects unloaded after import = 9
========================================================================
Received Import Request.
  Time since last request: 0.002017 seconds.
  path: Assets/WoodsLifestyle/Models/Props/Water/Jetty/JettiBoard_Turn_01_a.fbx
  artifactKey: Guid(2a67e57fee057594bab760d523cf6816) Importer(815301076,1909f56bfc062723c751e8b465ee728b)
Start importing Assets/WoodsLifestyle/Models/Props/Water/Jetty/JettiBoard_Turn_01_a.fbx using Guid(2a67e57fee057594bab760d523cf6816) Importer(815301076,1909f56bfc062723c751e8b465ee728b)  -> (artifact id: 'c382836383a19efc9f7523bccabdb6da') in 0.029364 seconds
Number of updated asset objects reloaded before import = 0
Number of asset objects unloaded after import = 9
========================================================================
Received Import Request.
  Time since last request: 0.000039 seconds.
  path: Assets/WoodsLifestyle/Models/Props/Water/Jetty/JettiBoard_Turn_02_a.fbx
  artifactKey: Guid(d58ca8c033762044eb5b96685ff6194d) Importer(815301076,1909f56bfc062723c751e8b465ee728b)
Start importing Assets/WoodsLifestyle/Models/Props/Water/Jetty/JettiBoard_Turn_02_a.fbx using Guid(d58ca8c033762044eb5b96685ff6194d) Importer(815301076,1909f56bfc062723c751e8b465ee728b)  -> (artifact id: '6236468745218c3cd3c2bce2b18059aa') in 0.033762 seconds
Number of updated asset objects reloaded before import = 0
Number of asset objects unloaded after import = 9
========================================================================
Received Import Request.
  Time since last request: 0.172404 seconds.
  path: Assets/WoodsLifestyle/Models/Props/Interior/Lamp_01_a.fbx
  artifactKey: Guid(dcb425397a1eacb418a988036a362221) Importer(815301076,1909f56bfc062723c751e8b465ee728b)
Start importing Assets/WoodsLifestyle/Models/Props/Interior/Lamp_01_a.fbx using Guid(dcb425397a1eacb418a988036a362221) Importer(815301076,1909f56bfc062723c751e8b465ee728b)  -> (artifact id: '00830d27f6e5a5dd7a3949147c3c7fc4') in 0.029941 seconds
Number of updated asset objects reloaded before import = 0
Number of asset objects unloaded after import = 9
========================================================================
Received Import Request.
  Time since last request: 0.000076 seconds.
  path: Assets/WoodsLifestyle/Models/Props/Interior/Lamp_01_d.fbx
  artifactKey: Guid(8d4efb8568e12eb47841bcdf71392fcb) Importer(815301076,1909f56bfc062723c751e8b465ee728b)
Start importing Assets/WoodsLifestyle/Models/Props/Interior/Lamp_01_d.fbx using Guid(8d4efb8568e12eb47841bcdf71392fcb) Importer(815301076,1909f56bfc062723c751e8b465ee728b)  -> (artifact id: 'eb5d52074558b6afa919834241888178') in 0.037969 seconds
Number of updated asset objects reloaded before import = 0
Number of asset objects unloaded after import = 9
========================================================================
Received Import Request.
  Time since last request: 0.444344 seconds.
  path: Assets/WoodsLifestyle/Models/Props/Exterior/LightPost_01.fbx
  artifactKey: Guid(b98185666e2db154a9e9012d6270c56b) Importer(815301076,1909f56bfc062723c751e8b465ee728b)
Start importing Assets/WoodsLifestyle/Models/Props/Exterior/LightPost_01.fbx using Guid(b98185666e2db154a9e9012d6270c56b) Importer(815301076,1909f56bfc062723c751e8b465ee728b)  -> (artifact id: 'fc3f63f96b89d687474fe7860fcdfa11') in 0.036876 seconds
Number of updated asset objects reloaded before import = 0
Number of asset objects unloaded after import = 9
========================================================================
Received Import Request.
  Time since last request: 0.000428 seconds.
  path: Assets/WoodsLifestyle/Models/Logs_Wood/LogHeap_01_b.fbx
  artifactKey: Guid(b69b231b6ce3a37418c87345ba8cee59) Importer(815301076,1909f56bfc062723c751e8b465ee728b)
Start importing Assets/WoodsLifestyle/Models/Logs_Wood/LogHeap_01_b.fbx using Guid(b69b231b6ce3a37418c87345ba8cee59) Importer(815301076,1909f56bfc062723c751e8b465ee728b)  -> (artifact id: '8687455d30200a2996417fe35e36653c') in 0.043397 seconds
Number of updated asset objects reloaded before import = 0
Number of asset objects unloaded after import = 9
========================================================================
Received Prepare
Begin MonoManager ReloadAssembly
- Loaded All Assemblies, in  0.715 seconds
Refreshing native plugins compatible for Editor in 6.71 ms, found 3 plugins.
Native extension for WindowsStandalone target not found
[Package Manager] Server::EnsureServerProcessIsRunning -- launch failed, reason: Unity was launched with the -noUpm command-line argument
[Package Manager] UpmClient::Send -- Unable to send message (not connected to UPM process).
[Package Manager] Cannot connect to Unity Package Manager local server
Mono: successfully reloaded assembly
- Finished resetting the current domain, in  1.665 seconds
Domain Reload Profiling: 2378ms
	BeginReloadAssembly (252ms)
		ExecutionOrderSort (0ms)
		DisableScriptedObjects (8ms)
		BackupInstance (0ms)
		ReleaseScriptingObjects (0ms)
		CreateAndSetChildDomain (61ms)
	RebuildCommonClasses (66ms)
	RebuildNativeTypeToScriptingClass (18ms)
	initialDomainReloadingComplete (50ms)
	LoadAllAssembliesAndSetupDomain (326ms)
		LoadAssemblies (438ms)
		RebuildTransferFunctionScriptingTraits (0ms)
		AnalyzeDomain (25ms)
			TypeCache.Refresh (9ms)
				TypeCache.ScanAssembly (0ms)
			ScanForSourceGeneratedMonoScriptInfo (0ms)
			ResolveRequiredComponents (13ms)
	FinalizeReload (1666ms)
		ReleaseScriptCaches (0ms)
		RebuildScriptCaches (0ms)
		SetupLoadedEditorAssemblies (732ms)
			LogAssemblyErrors (0ms)
			InitializePlatformSupportModulesInManaged (9ms)
			SetLoadedEditorAssemblies (9ms)
			RefreshPlugins (0ms)
			BeforeProcessingInitializeOnLoad (101ms)
			ProcessInitializeOnLoadAttributes (549ms)
			ProcessInitializeOnLoadMethodAttributes (49ms)
			AfterProcessingInitializeOnLoad (15ms)
			EditorAssembliesLoaded (0ms)
		ExecutionOrderSort2 (0ms)
		AwakeInstancesAfterBackupRestoration (15ms)
Refreshing native plugins compatible for Editor in 7.33 ms, found 3 plugins.
Preloading 0 native plugins for Editor in 0.00 ms.
Unloading 3096 Unused Serialized files (Serialized files now loaded: 0)
Unloading 23 unused Assets / (31.1 KB). Loaded Objects now: 3598.
Memory consumption went from 129.3 MB to 129.3 MB.
Total: 6.316400 ms (FindLiveObjects: 0.433600 ms CreateObjectMapping: 0.163900 ms MarkObjects: 5.580100 ms  DeleteObjects: 0.136500 ms)

Prepare: number of updated asset objects reloaded= 0
AssetImportParameters requested are different than current active one (requested -> active):
  custom:container-demuxer-ogg: 62fdf1f143b41e24485cea50d1cbac27 -> 
  custom:video-codec-MediaFoundation-h265: 746d11721c4dcdbdad8f713fa42b33f4 -> 
  custom:video-decoder-ogg-theora: a1e56fd34408186e4bbccfd4996cb3dc -> 
  custom:scripting/monoscript/fileName/GemCollider.cs: 4279ecf4a5a7cfc3c403ec90057a7c33 -> 
  custom:framework-win-MediaFoundation: 216162199b28c13a410421893ffa2e32 -> 
  custom:CustomObjectIndexerAttribute: 9a22284fe3817be447336de3de66b15e -> 
  custom:container-demuxer-webm: 4f35f7cbe854078d1ac9338744f61a02 -> 
  custom:container-muxer-webm: aa71ff27fc2769a1b78a27578f13a17b -> 
  custom:video-decoder-webm-vp8: 9c59270c3fd7afecdb556c50c9e8de78 -> 
  custom:SearchIndexIgnoredProperties: e643bd26f0fe6173181afceb89e7c659 -> 
  custom:AudioImporter_EditorPlatform: d09bf68614088b80899f8185d706f6e7 -> 
  custom:video-encoder-webm-vp8: eb34c28f22e8b96e1ab97ce403110664 -> 
  custom:audio-decoder-ogg-vorbis: bf7c407c2cedff20999df2af8eb42d56 -> 
  custom:audio-encoder-webm-vorbis: bf7c407c2cedff20999df2af8eb42d56 -> 
========================================================================
Received Prepare
Refreshing native plugins compatible for Editor in 4.17 ms, found 3 plugins.
Preloading 0 native plugins for Editor in 0.00 ms.
Unloading 1 Unused Serialized files (Serialized files now loaded: 0)
Unloading 1 unused Assets / (3.1 KB). Loaded Objects now: 3598.
Memory consumption went from 81.8 MB to 81.8 MB.
Total: 4.006300 ms (FindLiveObjects: 0.342700 ms CreateObjectMapping: 0.141000 ms MarkObjects: 3.485900 ms  DeleteObjects: 0.034800 ms)

Prepare: number of updated asset objects reloaded= 0
AssetImportParameters requested are different than current active one (requested -> active):
  custom:container-demuxer-ogg: 62fdf1f143b41e24485cea50d1cbac27 -> 
  custom:video-codec-MediaFoundation-h265: 746d11721c4dcdbdad8f713fa42b33f4 -> 
  custom:video-decoder-ogg-theora: a1e56fd34408186e4bbccfd4996cb3dc -> 
  custom:scripting/monoscript/fileName/GemCollider.cs: 4279ecf4a5a7cfc3c403ec90057a7c33 -> 
  custom:framework-win-MediaFoundation: 216162199b28c13a410421893ffa2e32 -> 
  custom:CustomObjectIndexerAttribute: 9a22284fe3817be447336de3de66b15e -> 
  custom:container-demuxer-webm: 4f35f7cbe854078d1ac9338744f61a02 -> 
  custom:container-muxer-webm: aa71ff27fc2769a1b78a27578f13a17b -> 
  custom:video-decoder-webm-vp8: 9c59270c3fd7afecdb556c50c9e8de78 -> 
  custom:SearchIndexIgnoredProperties: e643bd26f0fe6173181afceb89e7c659 -> 
  custom:AudioImporter_EditorPlatform: d09bf68614088b80899f8185d706f6e7 -> 
  custom:video-encoder-webm-vp8: eb34c28f22e8b96e1ab97ce403110664 -> 
  custom:audio-decoder-ogg-vorbis: bf7c407c2cedff20999df2af8eb42d56 -> 
  custom:audio-encoder-webm-vorbis: bf7c407c2cedff20999df2af8eb42d56 -> 
========================================================================
Received Prepare
Refreshing native plugins compatible for Editor in 5.76 ms, found 3 plugins.
Preloading 0 native plugins for Editor in 0.00 ms.
Unloading 1 Unused Serialized files (Serialized files now loaded: 0)
Unloading 1 unused Assets / (3.1 KB). Loaded Objects now: 3598.
Memory consumption went from 81.4 MB to 81.4 MB.
Total: 5.164300 ms (FindLiveObjects: 0.605200 ms CreateObjectMapping: 0.336600 ms MarkObjects: 4.187300 ms  DeleteObjects: 0.032500 ms)

Prepare: number of updated asset objects reloaded= 0
AssetImportParameters requested are different than current active one (requested -> active):
  custom:container-demuxer-ogg: 62fdf1f143b41e24485cea50d1cbac27 -> 
  custom:video-codec-MediaFoundation-h265: 746d11721c4dcdbdad8f713fa42b33f4 -> 
  custom:video-decoder-ogg-theora: a1e56fd34408186e4bbccfd4996cb3dc -> 
  custom:scripting/monoscript/fileName/GemCollider.cs: 4279ecf4a5a7cfc3c403ec90057a7c33 -> 
  custom:framework-win-MediaFoundation: 216162199b28c13a410421893ffa2e32 -> 
  custom:CustomObjectIndexerAttribute: 9a22284fe3817be447336de3de66b15e -> 
  custom:container-demuxer-webm: 4f35f7cbe854078d1ac9338744f61a02 -> 
  custom:container-muxer-webm: aa71ff27fc2769a1b78a27578f13a17b -> 
  custom:video-decoder-webm-vp8: 9c59270c3fd7afecdb556c50c9e8de78 -> 
  custom:SearchIndexIgnoredProperties: e643bd26f0fe6173181afceb89e7c659 -> 
  custom:AudioImporter_EditorPlatform: d09bf68614088b80899f8185d706f6e7 -> 
  custom:video-encoder-webm-vp8: eb34c28f22e8b96e1ab97ce403110664 -> 
  custom:audio-decoder-ogg-vorbis: bf7c407c2cedff20999df2af8eb42d56 -> 
  custom:audio-encoder-webm-vorbis: bf7c407c2cedff20999df2af8eb42d56 -> 
========================================================================
Received Import Request.
  Time since last request: 633.240750 seconds.
  path: Assets/WoodsLifestyle/Models/Props/Furniture/BedDouble_01.fbx
  artifactKey: Guid(74c729f20927f0345b50c794038af650) Importer(815301076,1909f56bfc062723c751e8b465ee728b)
Start importing Assets/WoodsLifestyle/Models/Props/Furniture/BedDouble_01.fbx using Guid(74c729f20927f0345b50c794038af650) Importer(815301076,1909f56bfc062723c751e8b465ee728b)  -> (artifact id: '1f86c53ef2c63122d90f874be5d08530') in 0.189222 seconds
Number of updated asset objects reloaded before import = 0
Number of asset objects unloaded after import = 9
========================================================================
Received Import Request.
  Time since last request: 0.000039 seconds.
  path: Assets/WoodsLifestyle/Models/Boards/Board_01_a.fbx
  artifactKey: Guid(e712748253b139349b2a6e8544f23013) Importer(815301076,1909f56bfc062723c751e8b465ee728b)
Start importing Assets/WoodsLifestyle/Models/Boards/Board_01_a.fbx using Guid(e712748253b139349b2a6e8544f23013) Importer(815301076,1909f56bfc062723c751e8b465ee728b)  -> (artifact id: '63c5872da2756da907793bc0e280ee0a') in 0.035996 seconds
Number of updated asset objects reloaded before import = 0
Number of asset objects unloaded after import = 9
Editor requested this worker to shutdown with reason: Scaling down because of idle timeout
TcpMessagingSession - receive error: operation aborted. errorcode: 995, details: La operación de E/S se anuló por una salida de subproceso o por una solicitud de aplicación.
AssetImportWorker is now disconnected from the server
Process exiting
Exiting without the bug reporter. Application will terminate with return code 0